2025-08-11 18:08:49,303 - app - [INFO] - ğŸ—„ï¸ Conectando ao banco: postgres:5432/agno_db
2025-08-11 18:08:53,966 - app - [INFO] - âœ… Agno framework disponÃ­vel
2025-08-11 18:08:54,035 - app - [INFO] - âœ… Rotas do Agno importadas
2025-08-11 18:08:54,138 - app - [ERROR] - âŒ Erro ao importar router de agents: No module named 'app.database'; 'app' is not a package
2025-08-11 18:08:55,415 - app - [ERROR] - âŒ Erro ao importar router de workflows: No module named 'backend'
2025-08-11 18:08:55,422 - app - [WARNING] - âš ï¸ Router fallback de agents incluÃ­do
2025-08-11 18:08:55,424 - app - [WARNING] - âš ï¸ Router fallback de workflows incluÃ­do
2025-08-11 18:08:55,433 - app - [INFO] - âœ… Rotas do Agno Framework incluÃ­das
2025-08-11 18:08:55,437 - app - [INFO] - ğŸš€============================================================
2025-08-11 18:08:55,437 - app - [INFO] - ğŸš€ INICIANDO AGNO PLATFORM v4.5.1
2025-08-11 18:08:55,438 - app - [INFO] - ğŸš€============================================================
2025-08-11 18:08:55,439 - app - [INFO] - ğŸ”‘ VariÃ¡veis configuradas: 3/3
2025-08-11 18:08:55,538 - app - [INFO] - âœ… Banco de dados conectado
2025-08-11 18:08:55,539 - app - [INFO] - ğŸ‰ Sistema totalmente operacional!
2025-08-11 18:08:55,539 - app - [INFO] - â±ï¸ InicializaÃ§Ã£o completada em 0.10s
2025-08-11 18:08:55,540 - app - [INFO] - ğŸš€============================================================
2025-08-11 18:10:12,031 - app - [INFO] - ğŸ›‘ Encerrando Agno Platform...
2025-08-11 18:10:12,038 - app - [INFO] - âœ… ConexÃµes fechadas com sucesso
2025-08-11 18:10:13,440 - app - [INFO] - ğŸ—„ï¸ Conectando ao banco: postgres:5432/agno_db
2025-08-11 18:10:15,585 - app - [INFO] - âœ… Agno framework disponÃ­vel
2025-08-11 18:10:15,622 - app - [INFO] - âœ… Rotas do Agno importadas
2025-08-11 18:10:15,691 - app - [ERROR] - âŒ Erro ao importar router de agents: No module named 'app.database'; 'app' is not a package
2025-08-11 18:10:16,428 - app - [ERROR] - âŒ Erro ao importar router de workflows: No module named 'backend'
2025-08-11 18:10:16,434 - app - [WARNING] - âš ï¸ Router fallback de agents incluÃ­do
2025-08-11 18:10:16,436 - app - [WARNING] - âš ï¸ Router fallback de workflows incluÃ­do
2025-08-11 18:10:16,446 - app - [INFO] - âœ… Rotas do Agno Framework incluÃ­das
2025-08-11 18:10:16,448 - app - [INFO] - ğŸš€============================================================
2025-08-11 18:10:16,448 - app - [INFO] - ğŸš€ INICIANDO AGNO PLATFORM v4.5.1
2025-08-11 18:10:16,449 - app - [INFO] - ğŸš€============================================================
2025-08-11 18:10:16,450 - app - [INFO] - ğŸ”‘ VariÃ¡veis configuradas: 3/3
2025-08-11 18:10:16,504 - app - [INFO] - âœ… Banco de dados conectado
2025-08-11 18:10:16,504 - app - [INFO] - ğŸ‰ Sistema totalmente operacional!
2025-08-11 18:10:16,505 - app - [INFO] - â±ï¸ InicializaÃ§Ã£o completada em 0.06s
2025-08-11 18:10:16,505 - app - [INFO] - ğŸš€============================================================
2025-08-11 18:10:16,908 - app - [INFO] - ğŸ›‘ Encerrando Agno Platform...
2025-08-11 18:10:16,912 - app - [INFO] - âœ… ConexÃµes fechadas com sucesso
2025-08-11 18:10:23,754 - app - [INFO] - ğŸ—„ï¸ Conectando ao banco: postgres:5432/agno_db
2025-08-11 18:10:26,451 - app - [INFO] - âœ… Agno framework disponÃ­vel
2025-08-11 18:10:26,486 - app - [INFO] - âœ… Rotas do Agno importadas
2025-08-11 18:10:26,544 - app - [ERROR] - âŒ Erro ao importar router de agents: No module named 'app.database'; 'app' is not a package
2025-08-11 18:10:27,500 - app - [ERROR] - âŒ Erro ao importar router de workflows: No module named 'backend'
2025-08-11 18:10:27,508 - app - [WARNING] - âš ï¸ Router fallback de agents incluÃ­do
2025-08-11 18:10:27,509 - app - [WARNING] - âš ï¸ Router fallback de workflows incluÃ­do
2025-08-11 18:10:27,520 - app - [INFO] - âœ… Rotas do Agno Framework incluÃ­das
2025-08-11 18:10:27,523 - app - [INFO] - ğŸš€============================================================
2025-08-11 18:10:27,524 - app - [INFO] - ğŸš€ INICIANDO AGNO PLATFORM v4.5.1
2025-08-11 18:10:27,526 - app - [INFO] - ğŸš€============================================================
2025-08-11 18:10:27,527 - app - [INFO] - ğŸ”‘ VariÃ¡veis configuradas: 3/3
2025-08-11 18:10:27,592 - app - [INFO] - âœ… Banco de dados conectado
2025-08-11 18:10:27,593 - app - [INFO] - ğŸ‰ Sistema totalmente operacional!
2025-08-11 18:10:27,594 - app - [INFO] - â±ï¸ InicializaÃ§Ã£o completada em 0.07s
2025-08-11 18:10:27,595 - app - [INFO] - ğŸš€============================================================
2025-08-11 18:10:31,412 - app - [INFO] - ğŸ›‘ Encerrando Agno Platform...
2025-08-11 18:10:31,416 - app - [INFO] - âœ… ConexÃµes fechadas com sucesso
2025-08-11 19:06:15,835 - app - [INFO] - ğŸ—„ï¸ Conectando ao banco: postgres:5432/agno_db
2025-08-11 19:06:20,694 - app - [INFO] - âœ… Agno framework disponÃ­vel
2025-08-11 19:06:20,743 - app - [INFO] - âœ… Rotas do Agno importadas
2025-08-11 19:06:20,781 - app - [ERROR] - âŒ Erro ao importar router de agents: cannot import name 'get_db' from 'database' (unknown location)
2025-08-11 19:06:20,798 - app - [ERROR] - âŒ Erro ao importar router de workflows: cannot import name 'get_db' from 'database' (unknown location)
2025-08-11 19:06:20,803 - app - [WARNING] - âš ï¸ Router fallback de agents incluÃ­do
2025-08-11 19:06:20,808 - app - [WARNING] - âš ï¸ Router fallback de workflows incluÃ­do
2025-08-11 19:06:20,817 - app - [INFO] - âœ… Rotas do Agno Framework incluÃ­das
2025-08-11 19:06:20,819 - app - [INFO] - ğŸš€============================================================
2025-08-11 19:06:20,820 - app - [INFO] - ğŸš€ INICIANDO AGNO PLATFORM v4.5.1
2025-08-11 19:06:20,820 - app - [INFO] - ğŸš€============================================================
2025-08-11 19:06:20,822 - app - [INFO] - ğŸ”‘ VariÃ¡veis configuradas: 3/3
2025-08-11 19:06:20,918 - app - [INFO] - âœ… Banco de dados conectado
2025-08-11 19:06:20,920 - app - [INFO] - ğŸ‰ Sistema totalmente operacional!
2025-08-11 19:06:20,921 - app - [INFO] - â±ï¸ InicializaÃ§Ã£o completada em 0.10s
2025-08-11 19:06:20,923 - app - [INFO] - ğŸš€============================================================
2025-08-11 19:41:53,674 - app - [INFO] - ğŸ›‘ Encerrando Agno Platform...
2025-08-11 19:41:53,765 - app - [INFO] - âœ… ConexÃµes fechadas com sucesso
2025-08-11 19:42:02,968 - app - [INFO] - ğŸ—„ï¸ Conectando ao banco: postgres:5432/agno_db
2025-08-11 19:42:08,925 - app - [INFO] - âœ… Agno framework disponÃ­vel
2025-08-11 19:42:08,972 - app - [INFO] - âœ… Rotas do Agno importadas
2025-08-11 19:42:09,005 - app - [ERROR] - âŒ Erro ao importar router de agents: attempted relative import beyond top-level package
2025-08-11 19:42:09,018 - app - [ERROR] - âŒ Erro ao importar router de workflows: attempted relative import beyond top-level package
2025-08-11 19:42:09,024 - app - [WARNING] - âš ï¸ Router fallback de agents incluÃ­do
2025-08-11 19:42:09,026 - app - [WARNING] - âš ï¸ Router fallback de workflows incluÃ­do
2025-08-11 19:42:09,033 - app - [INFO] - âœ… Rotas do Agno Framework incluÃ­das
2025-08-11 19:42:09,036 - app - [INFO] - ğŸš€============================================================
2025-08-11 19:42:09,037 - app - [INFO] - ğŸš€ INICIANDO AGNO PLATFORM v4.5.1
2025-08-11 19:42:09,037 - app - [INFO] - ğŸš€============================================================
2025-08-11 19:42:09,038 - app - [INFO] - ğŸ”‘ VariÃ¡veis configuradas: 3/3
2025-08-11 19:42:09,094 - app - [INFO] - âœ… Banco de dados conectado
2025-08-11 19:42:09,095 - app - [INFO] - ğŸ‰ Sistema totalmente operacional!
2025-08-11 19:42:09,095 - app - [INFO] - â±ï¸ InicializaÃ§Ã£o completada em 0.06s
2025-08-11 19:42:09,096 - app - [INFO] - ğŸš€============================================================
2025-08-11 19:42:12,008 - app - [INFO] - ğŸ›‘ Encerrando Agno Platform...
2025-08-11 19:42:12,014 - app - [INFO] - âœ… ConexÃµes fechadas com sucesso
2025-08-11 19:42:15,847 - app - [INFO] - ğŸ—„ï¸ Conectando ao banco: postgres:5432/agno_db
2025-08-11 19:42:18,627 - app - [INFO] - âœ… Agno framework disponÃ­vel
2025-08-11 19:42:18,672 - app - [INFO] - âœ… Rotas do Agno importadas
2025-08-11 19:42:18,809 - app - [ERROR] - âŒ Erro ao importar router de agents: attempted relative import beyond top-level package
2025-08-11 19:42:18,848 - app - [ERROR] - âŒ Erro ao importar router de workflows: attempted relative import beyond top-level package
2025-08-11 19:42:18,856 - app - [WARNING] - âš ï¸ Router fallback de agents incluÃ­do
2025-08-11 19:42:18,857 - app - [WARNING] - âš ï¸ Router fallback de workflows incluÃ­do
2025-08-11 19:42:18,869 - app - [INFO] - âœ… Rotas do Agno Framework incluÃ­das
2025-08-11 19:42:18,872 - app - [INFO] - ğŸš€============================================================
2025-08-11 19:42:18,872 - app - [INFO] - ğŸš€ INICIANDO AGNO PLATFORM v4.5.1
2025-08-11 19:42:18,873 - app - [INFO] - ğŸš€============================================================
2025-08-11 19:42:18,874 - app - [INFO] - ğŸ”‘ VariÃ¡veis configuradas: 3/3
2025-08-11 19:42:18,938 - app - [INFO] - âœ… Banco de dados conectado
2025-08-11 19:42:18,939 - app - [INFO] - ğŸ‰ Sistema totalmente operacional!
2025-08-11 19:42:18,939 - app - [INFO] - â±ï¸ InicializaÃ§Ã£o completada em 0.07s
2025-08-11 19:42:18,940 - app - [INFO] - ğŸš€============================================================
2025-08-11 19:42:29,484 - app - [INFO] - ğŸ—„ï¸ Conectando ao banco: postgres:5432/agno_db
2025-08-11 19:42:32,880 - app - [INFO] - âœ… Agno framework disponÃ­vel
2025-08-11 19:42:32,929 - app - [INFO] - âœ… Rotas do Agno importadas
2025-08-11 19:42:32,963 - app - [ERROR] - âŒ Erro ao importar router de agents: attempted relative import beyond top-level package
2025-08-11 19:42:32,983 - app - [ERROR] - âŒ Erro ao importar router de workflows: attempted relative import beyond top-level package
2025-08-11 19:42:32,991 - app - [WARNING] - âš ï¸ Router fallback de agents incluÃ­do
2025-08-11 19:42:32,992 - app - [WARNING] - âš ï¸ Router fallback de workflows incluÃ­do
2025-08-11 19:42:32,999 - app - [INFO] - âœ… Rotas do Agno Framework incluÃ­das
2025-08-11 19:42:33,000 - app - [INFO] - ğŸš€============================================================
2025-08-11 19:42:33,001 - app - [INFO] - ğŸš€ INICIANDO AGNO PLATFORM v4.5.1
2025-08-11 19:42:33,002 - app - [INFO] - ğŸš€============================================================
2025-08-11 19:42:33,003 - app - [INFO] - ğŸ”‘ VariÃ¡veis configuradas: 3/3
2025-08-11 19:42:33,088 - app - [INFO] - âœ… Banco de dados conectado
2025-08-11 19:42:33,089 - app - [INFO] - ğŸ‰ Sistema totalmente operacional!
2025-08-11 19:42:33,089 - app - [INFO] - â±ï¸ InicializaÃ§Ã£o completada em 0.09s
2025-08-11 19:42:33,089 - app - [INFO] - ğŸš€============================================================
2025-08-11 19:42:57,898 - app - [INFO] - ğŸ›‘ Encerrando Agno Platform...
2025-08-11 19:42:57,911 - app - [INFO] - âœ… ConexÃµes fechadas com sucesso
2025-08-11 19:43:03,190 - app - [INFO] - ğŸ—„ï¸ Conectando ao banco: postgres:5432/agno_db
2025-08-11 19:43:08,010 - app - [INFO] - âœ… Agno framework disponÃ­vel
2025-08-11 19:43:08,081 - app - [INFO] - âœ… Rotas do Agno importadas
2025-08-11 19:43:08,194 - app - [ERROR] - âŒ Erro ao importar router de agents: No module named 'app.database'; 'app' is not a package
2025-08-11 19:43:08,224 - app - [ERROR] - âŒ Erro ao importar router de workflows: No module named 'models.workflows'
2025-08-11 19:43:08,231 - app - [WARNING] - âš ï¸ Router fallback de agents incluÃ­do
2025-08-11 19:43:08,235 - app - [WARNING] - âš ï¸ Router fallback de workflows incluÃ­do
2025-08-11 19:43:08,254 - app - [INFO] - âœ… Rotas do Agno Framework incluÃ­das
2025-08-11 19:43:08,255 - app - [INFO] - ğŸš€============================================================
2025-08-11 19:43:08,256 - app - [INFO] - ğŸš€ INICIANDO AGNO PLATFORM v4.5.1
2025-08-11 19:43:08,260 - app - [INFO] - ğŸš€============================================================
2025-08-11 19:43:08,260 - app - [INFO] - ğŸ”‘ VariÃ¡veis configuradas: 3/3
2025-08-11 19:43:08,352 - app - [INFO] - âœ… Banco de dados conectado
2025-08-11 19:43:08,352 - app - [INFO] - ğŸ‰ Sistema totalmente operacional!
2025-08-11 19:43:08,353 - app - [INFO] - â±ï¸ InicializaÃ§Ã£o completada em 0.10s
2025-08-11 19:43:08,354 - app - [INFO] - ğŸš€============================================================
2025-08-11 19:43:31,278 - app - [INFO] - ğŸ—„ï¸ Conectando ao banco: postgres:5432/agno_db
2025-08-11 19:43:35,013 - app - [INFO] - âœ… Agno framework disponÃ­vel
2025-08-11 19:43:35,097 - app - [INFO] - âœ… Rotas do Agno importadas
2025-08-11 19:43:35,388 - app - [ERROR] - âŒ Erro ao importar router de agents: No module named 'app.database'; 'app' is not a package
2025-08-11 19:43:35,477 - app - [ERROR] - âŒ Erro ao importar router de workflows: No module named 'models.workflows'
2025-08-11 19:43:35,487 - app - [WARNING] - âš ï¸ Router fallback de agents incluÃ­do
2025-08-11 19:43:35,495 - app - [WARNING] - âš ï¸ Router fallback de workflows incluÃ­do
2025-08-11 19:43:35,512 - app - [INFO] - âœ… Rotas do Agno Framework incluÃ­das
2025-08-11 19:43:35,515 - app - [INFO] - ğŸš€============================================================
2025-08-11 19:43:35,518 - app - [INFO] - ğŸš€ INICIANDO AGNO PLATFORM v4.5.1
2025-08-11 19:43:35,521 - app - [INFO] - ğŸš€============================================================
2025-08-11 19:43:35,522 - app - [INFO] - ğŸ”‘ VariÃ¡veis configuradas: 3/3
2025-08-11 19:43:35,676 - app - [INFO] - âœ… Banco de dados conectado
2025-08-11 19:43:35,678 - app - [INFO] - ğŸ‰ Sistema totalmente operacional!
2025-08-11 19:43:35,680 - app - [INFO] - â±ï¸ InicializaÃ§Ã£o completada em 0.16s
2025-08-11 19:43:35,681 - app - [INFO] - ğŸš€============================================================
2025-08-11 19:45:16,678 - app - [INFO] - ğŸ›‘ Encerrando Agno Platform...
2025-08-11 19:45:16,685 - app - [INFO] - âœ… ConexÃµes fechadas com sucesso
2025-08-11 20:00:27,098 - app - [INFO] - ğŸ—„ï¸ Conectando ao banco: postgres:5432/agno_db
2025-08-11 20:00:31,801 - app - [INFO] - âœ… Agno framework disponÃ­vel
2025-08-11 20:00:31,858 - app - [INFO] - âœ… Rotas do Agno importadas
2025-08-11 20:00:31,920 - app - [ERROR] - âŒ Erro ao importar router de agents: No module named 'app.database'; 'app' is not a package
2025-08-11 20:00:31,956 - app - [ERROR] - âŒ Erro ao importar router de workflows: No module named 'app.database'; 'app' is not a package
2025-08-11 20:00:31,960 - app - [WARNING] - âš ï¸ Router fallback de agents incluÃ­do
2025-08-11 20:00:31,963 - app - [WARNING] - âš ï¸ Router fallback de workflows incluÃ­do
2025-08-11 20:00:31,974 - app - [INFO] - âœ… Rotas do Agno Framework incluÃ­das
2025-08-11 20:00:31,975 - app - [INFO] - ğŸš€============================================================
2025-08-11 20:00:31,976 - app - [INFO] - ğŸš€ INICIANDO AGNO PLATFORM v4.5.1
2025-08-11 20:00:31,976 - app - [INFO] - ğŸš€============================================================
2025-08-11 20:00:31,977 - app - [INFO] - ğŸ”‘ VariÃ¡veis configuradas: 3/3
2025-08-11 20:00:32,085 - app - [INFO] - âœ… Banco de dados conectado
2025-08-11 20:00:32,086 - app - [INFO] - ğŸ‰ Sistema totalmente operacional!
2025-08-11 20:00:32,087 - app - [INFO] - â±ï¸ InicializaÃ§Ã£o completada em 0.11s
2025-08-11 20:00:32,088 - app - [INFO] - ğŸš€============================================================
2025-08-11 20:01:54,099 - app - [INFO] - ğŸ›‘ Encerrando Agno Platform...
2025-08-11 20:01:54,322 - app - [INFO] - âœ… ConexÃµes fechadas com sucesso
2025-08-11 20:02:04,914 - app - [INFO] - ğŸ—„ï¸ Conectando ao banco: postgres:5432/agno_db
2025-08-11 20:02:09,589 - app - [INFO] - âœ… Agno framework disponÃ­vel
2025-08-11 20:02:09,639 - app - [INFO] - âœ… Rotas do Agno importadas
2025-08-11 20:02:09,718 - app - [ERROR] - âŒ Erro ao importar router de agents: No module named 'app.database'; 'app' is not a package
2025-08-11 20:02:09,745 - app - [ERROR] - âŒ Erro ao importar router de workflows: No module named 'app.database'; 'app' is not a package
2025-08-11 20:02:09,750 - app - [WARNING] - âš ï¸ Router fallback de agents incluÃ­do
2025-08-11 20:02:09,751 - app - [WARNING] - âš ï¸ Router fallback de workflows incluÃ­do
2025-08-11 20:02:09,758 - app - [INFO] - âœ… Rotas do Agno Framework incluÃ­das
2025-08-11 20:02:09,760 - app - [INFO] - ğŸš€============================================================
2025-08-11 20:02:09,761 - app - [INFO] - ğŸš€ INICIANDO AGNO PLATFORM v4.5.1
2025-08-11 20:02:09,761 - app - [INFO] - ğŸš€============================================================
2025-08-11 20:02:09,762 - app - [INFO] - ğŸ”‘ VariÃ¡veis configuradas: 3/3
2025-08-11 20:02:09,843 - app - [INFO] - âœ… Banco de dados conectado
2025-08-11 20:02:09,844 - app - [INFO] - ğŸ‰ Sistema totalmente operacional!
2025-08-11 20:02:09,848 - app - [INFO] - â±ï¸ InicializaÃ§Ã£o completada em 0.09s
2025-08-11 20:02:09,849 - app - [INFO] - ğŸš€============================================================
2025-08-11 20:02:19,885 - app - [INFO] - ğŸ—„ï¸ Conectando ao banco: postgres:5432/agno_db
2025-08-11 20:02:23,873 - app - [INFO] - âœ… Agno framework disponÃ­vel
2025-08-11 20:02:23,971 - app - [INFO] - âœ… Rotas do Agno importadas
2025-08-11 20:02:24,035 - app - [ERROR] - âŒ Erro ao importar router de agents: No module named 'app.database'; 'app' is not a package
2025-08-11 20:02:24,059 - app - [ERROR] - âŒ Erro ao importar router de workflows: No module named 'app.database'; 'app' is not a package
2025-08-11 20:02:24,061 - app - [WARNING] - âš ï¸ Router fallback de agents incluÃ­do
2025-08-11 20:02:24,062 - app - [WARNING] - âš ï¸ Router fallback de workflows incluÃ­do
2025-08-11 20:02:24,067 - app - [INFO] - âœ… Rotas do Agno Framework incluÃ­das
2025-08-11 20:02:24,069 - app - [INFO] - ğŸš€============================================================
2025-08-11 20:02:24,069 - app - [INFO] - ğŸš€ INICIANDO AGNO PLATFORM v4.5.1
2025-08-11 20:02:24,069 - app - [INFO] - ğŸš€============================================================
2025-08-11 20:02:24,070 - app - [INFO] - ğŸ”‘ VariÃ¡veis configuradas: 3/3
2025-08-11 20:02:24,151 - app - [INFO] - âœ… Banco de dados conectado
2025-08-11 20:02:24,151 - app - [INFO] - ğŸ‰ Sistema totalmente operacional!
2025-08-11 20:02:24,151 - app - [INFO] - â±ï¸ InicializaÃ§Ã£o completada em 0.08s
2025-08-11 20:02:24,152 - app - [INFO] - ğŸš€============================================================
2025-08-11 21:14:57,487 - app - [INFO] - ğŸ›‘ Encerrando Agno Platform...
2025-08-11 21:14:57,793 - app - [INFO] - âœ… ConexÃµes fechadas com sucesso
2025-08-11 21:15:10,740 - app - [INFO] - ğŸ—„ï¸ Conectando ao banco: postgres:5432/agno_db
2025-08-11 21:15:19,677 - app - [INFO] - âœ… Agno framework disponÃ­vel
2025-08-11 21:15:19,781 - app - [INFO] - âœ… Rotas do Agno importadas
2025-08-11 21:15:19,967 - app - [ERROR] - âŒ Erro ao importar router de agents: No module named 'app.database'; 'app' is not a package
2025-08-11 21:15:20,185 - app - [ERROR] - âŒ Erro ao importar router de workflows: No module named 'app.database'; 'app' is not a package
2025-08-11 21:15:20,201 - app - [WARNING] - âš ï¸ Router fallback de agents incluÃ­do
2025-08-11 21:15:20,202 - app - [WARNING] - âš ï¸ Router fallback de workflows incluÃ­do
2025-08-11 21:15:20,212 - app - [INFO] - âœ… Rotas do Agno Framework incluÃ­das
2025-08-11 21:15:20,214 - app - [INFO] - ğŸš€============================================================
2025-08-11 21:15:20,215 - app - [INFO] - ğŸš€ INICIANDO AGNO PLATFORM v4.5.1
2025-08-11 21:15:20,217 - app - [INFO] - ğŸš€============================================================
2025-08-11 21:15:20,221 - app - [INFO] - ğŸ”‘ VariÃ¡veis configuradas: 3/3
2025-08-11 21:15:20,399 - app - [INFO] - âœ… Banco de dados conectado
2025-08-11 21:15:20,401 - app - [INFO] - ğŸ‰ Sistema totalmente operacional!
2025-08-11 21:15:20,405 - app - [INFO] - â±ï¸ InicializaÃ§Ã£o completada em 0.19s
2025-08-11 21:15:20,411 - app - [INFO] - ğŸš€============================================================
2025-08-11 21:15:23,799 - app - [INFO] - ğŸ—„ï¸ Conectando ao banco: postgres:5432/agno_db
2025-08-11 21:15:24,094 - app - [WARNING] - âš ï¸ Agno framework nÃ£o disponÃ­vel: No module named 'routers.embedding_service'
2025-08-11 21:15:24,232 - app - [ERROR] - âŒ Erro ao importar router de agents: No module named 'routers.embedding_service'
2025-08-11 21:15:24,272 - app - [ERROR] - âŒ Erro ao importar router de workflows: No module named 'routers.embedding_service'
2025-08-11 21:15:24,280 - app - [WARNING] - âš ï¸ Router fallback de agents incluÃ­do
2025-08-11 21:15:24,282 - app - [WARNING] - âš ï¸ Router fallback de workflows incluÃ­do
2025-08-11 21:15:24,284 - app - [WARNING] - âš ï¸ Router fallback do Agno incluÃ­do
2025-08-11 21:15:24,289 - app - [INFO] - ğŸš€============================================================
2025-08-11 21:15:24,291 - app - [INFO] - ğŸš€ INICIANDO AGNO PLATFORM v4.5.1
2025-08-11 21:15:24,293 - app - [INFO] - ğŸš€============================================================
2025-08-11 21:15:24,294 - app - [INFO] - ğŸ”‘ VariÃ¡veis configuradas: 3/3
2025-08-11 21:15:24,480 - app - [INFO] - âœ… Banco de dados conectado
2025-08-11 21:15:24,488 - app - [INFO] - âš¡ Sistema parcialmente operacional
2025-08-11 21:15:24,510 - app - [INFO] - â±ï¸ InicializaÃ§Ã£o completada em 0.22s
2025-08-11 21:15:24,516 - app - [INFO] - ğŸš€============================================================
2025-08-11 21:15:27,568 - app - [INFO] - ğŸ—„ï¸ Conectando ao banco: postgres:5432/agno_db
2025-08-11 21:15:27,750 - app - [WARNING] - âš ï¸ Agno framework nÃ£o disponÃ­vel: No module named 'routers.embedding_service'
2025-08-11 21:15:27,798 - app - [ERROR] - âŒ Erro ao importar router de agents: No module named 'routers.embedding_service'
2025-08-11 21:15:27,823 - app - [ERROR] - âŒ Erro ao importar router de workflows: No module named 'routers.embedding_service'
2025-08-11 21:15:27,831 - app - [WARNING] - âš ï¸ Router fallback de agents incluÃ­do
2025-08-11 21:15:27,834 - app - [WARNING] - âš ï¸ Router fallback de workflows incluÃ­do
2025-08-11 21:15:27,841 - app - [WARNING] - âš ï¸ Router fallback do Agno incluÃ­do
2025-08-11 21:15:27,846 - app - [INFO] - ğŸš€============================================================
2025-08-11 21:15:27,847 - app - [INFO] - ğŸš€ INICIANDO AGNO PLATFORM v4.5.1
2025-08-11 21:15:27,850 - app - [INFO] - ğŸš€============================================================
2025-08-11 21:15:27,851 - app - [INFO] - ğŸ”‘ VariÃ¡veis configuradas: 3/3
2025-08-11 21:15:27,941 - app - [INFO] - âœ… Banco de dados conectado
2025-08-11 21:15:27,943 - app - [INFO] - âš¡ Sistema parcialmente operacional
2025-08-11 21:15:27,944 - app - [INFO] - â±ï¸ InicializaÃ§Ã£o completada em 0.10s
2025-08-11 21:15:27,946 - app - [INFO] - ğŸš€============================================================
2025-08-11 21:15:29,353 - app - [INFO] - ğŸ›‘ Encerrando Agno Platform...
2025-08-11 21:15:29,363 - app - [INFO] - âœ… ConexÃµes fechadas com sucesso
2025-08-11 21:15:32,433 - app - [INFO] - ğŸ—„ï¸ Conectando ao banco: postgres:5432/agno_db
2025-08-11 21:15:32,547 - app - [WARNING] - âš ï¸ Agno framework nÃ£o disponÃ­vel: No module named 'routers.embedding_service'
2025-08-11 21:15:32,603 - app - [ERROR] - âŒ Erro ao importar router de agents: No module named 'routers.embedding_service'
2025-08-11 21:15:32,625 - app - [ERROR] - âŒ Erro ao importar router de workflows: No module named 'routers.embedding_service'
2025-08-11 21:15:32,631 - app - [WARNING] - âš ï¸ Router fallback de agents incluÃ­do
2025-08-11 21:15:32,634 - app - [WARNING] - âš ï¸ Router fallback de workflows incluÃ­do
2025-08-11 21:15:32,635 - app - [WARNING] - âš ï¸ Router fallback do Agno incluÃ­do
2025-08-11 21:15:32,642 - app - [INFO] - ğŸš€============================================================
2025-08-11 21:15:32,643 - app - [INFO] - ğŸš€ INICIANDO AGNO PLATFORM v4.5.1
2025-08-11 21:15:32,643 - app - [INFO] - ğŸš€============================================================
2025-08-11 21:15:32,644 - app - [INFO] - ğŸ”‘ VariÃ¡veis configuradas: 3/3
2025-08-11 21:15:32,707 - app - [INFO] - âœ… Banco de dados conectado
2025-08-11 21:15:32,708 - app - [INFO] - âš¡ Sistema parcialmente operacional
2025-08-11 21:15:32,711 - app - [INFO] - â±ï¸ InicializaÃ§Ã£o completada em 0.07s
2025-08-11 21:15:32,711 - app - [INFO] - ğŸš€============================================================
2025-08-11 21:15:40,038 - app - [INFO] - ğŸ›‘ Encerrando Agno Platform...
2025-08-11 21:15:40,043 - app - [INFO] - âœ… ConexÃµes fechadas com sucesso
2025-08-11 21:15:44,372 - app - [INFO] - ğŸ—„ï¸ Conectando ao banco: postgres:5432/agno_db
2025-08-11 21:15:44,509 - app - [WARNING] - âš ï¸ Agno framework nÃ£o disponÃ­vel: No module named 'routers.embedding_service'
2025-08-11 21:15:44,569 - app - [ERROR] - âŒ Erro ao importar router de agents: No module named 'routers.embedding_service'
2025-08-11 21:15:44,591 - app - [ERROR] - âŒ Erro ao importar router de workflows: No module named 'routers.embedding_service'
2025-08-11 21:15:44,600 - app - [WARNING] - âš ï¸ Router fallback de agents incluÃ­do
2025-08-11 21:15:44,602 - app - [WARNING] - âš ï¸ Router fallback de workflows incluÃ­do
2025-08-11 21:15:44,604 - app - [WARNING] - âš ï¸ Router fallback do Agno incluÃ­do
2025-08-11 21:15:44,609 - app - [INFO] - ğŸš€============================================================
2025-08-11 21:15:44,610 - app - [INFO] - ğŸš€ INICIANDO AGNO PLATFORM v4.5.1
2025-08-11 21:15:44,611 - app - [INFO] - ğŸš€============================================================
2025-08-11 21:15:44,612 - app - [INFO] - ğŸ”‘ VariÃ¡veis configuradas: 3/3
2025-08-11 21:15:44,720 - app - [INFO] - âœ… Banco de dados conectado
2025-08-11 21:15:44,720 - app - [INFO] - âš¡ Sistema parcialmente operacional
2025-08-11 21:15:44,721 - app - [INFO] - â±ï¸ InicializaÃ§Ã£o completada em 0.11s
2025-08-11 21:15:44,722 - app - [INFO] - ğŸš€============================================================
2025-08-11 21:15:59,874 - app - [INFO] - ğŸ›‘ Encerrando Agno Platform...
2025-08-11 21:15:59,902 - app - [INFO] - âœ… ConexÃµes fechadas com sucesso
2025-08-11 21:16:02,789 - app - [INFO] - ğŸ—„ï¸ Conectando ao banco: postgres:5432/agno_db
2025-08-11 21:16:08,370 - app - [INFO] - âœ… Agno framework disponÃ­vel
2025-08-11 21:16:08,507 - app - [INFO] - âœ… Rotas do Agno importadas
2025-08-11 21:16:08,708 - app - [ERROR] - âŒ Erro ao importar router de agents: No module named 'app.database'; 'app' is not a package
2025-08-11 21:16:08,877 - app - [ERROR] - âŒ Erro ao importar router de workflows: No module named 'app.database'; 'app' is not a package
2025-08-11 21:16:08,884 - app - [WARNING] - âš ï¸ Router fallback de agents incluÃ­do
2025-08-11 21:16:08,888 - app - [WARNING] - âš ï¸ Router fallback de workflows incluÃ­do
2025-08-11 21:16:08,912 - app - [INFO] - âœ… Rotas do Agno Framework incluÃ­das
2025-08-11 21:16:08,930 - app - [INFO] - ğŸš€============================================================
2025-08-11 21:16:08,931 - app - [INFO] - ğŸš€ INICIANDO AGNO PLATFORM v4.5.1
2025-08-11 21:16:08,933 - app - [INFO] - ğŸš€============================================================
2025-08-11 21:16:08,936 - app - [INFO] - ğŸ”‘ VariÃ¡veis configuradas: 3/3
2025-08-11 21:16:09,123 - app - [INFO] - âœ… Banco de dados conectado
2025-08-11 21:16:09,124 - app - [INFO] - ğŸ‰ Sistema totalmente operacional!
2025-08-11 21:16:09,125 - app - [INFO] - â±ï¸ InicializaÃ§Ã£o completada em 0.20s
2025-08-11 21:16:09,126 - app - [INFO] - ğŸš€============================================================
2025-08-11 21:16:12,283 - app - [INFO] - ğŸ—„ï¸ Conectando ao banco: postgres:5432/agno_db
2025-08-11 21:16:17,195 - app - [INFO] - âœ… Agno framework disponÃ­vel
2025-08-11 21:16:17,334 - app - [INFO] - âœ… Rotas do Agno importadas
2025-08-11 21:16:17,546 - app - [ERROR] - âŒ Erro ao importar router de agents: No module named 'app.database'; 'app' is not a package
2025-08-11 21:16:17,633 - app - [ERROR] - âŒ Erro ao importar router de workflows: No module named 'app.database'; 'app' is not a package
2025-08-11 21:16:17,648 - app - [WARNING] - âš ï¸ Router fallback de agents incluÃ­do
2025-08-11 21:16:17,657 - app - [WARNING] - âš ï¸ Router fallback de workflows incluÃ­do
2025-08-11 21:16:17,671 - app - [INFO] - âœ… Rotas do Agno Framework incluÃ­das
2025-08-11 21:16:17,675 - app - [INFO] - ğŸš€============================================================
2025-08-11 21:16:17,675 - app - [INFO] - ğŸš€ INICIANDO AGNO PLATFORM v4.5.1
2025-08-11 21:16:17,676 - app - [INFO] - ğŸš€============================================================
2025-08-11 21:16:17,676 - app - [INFO] - ğŸ”‘ VariÃ¡veis configuradas: 3/3
2025-08-11 21:16:17,833 - app - [INFO] - âœ… Banco de dados conectado
2025-08-11 21:16:17,838 - app - [INFO] - ğŸ‰ Sistema totalmente operacional!
2025-08-11 21:16:17,843 - app - [INFO] - â±ï¸ InicializaÃ§Ã£o completada em 0.17s
2025-08-11 21:16:17,844 - app - [INFO] - ğŸš€============================================================
2025-08-11 21:16:20,760 - app - [INFO] - ğŸ—„ï¸ Conectando ao banco: postgres:5432/agno_db
2025-08-11 21:16:26,449 - app - [INFO] - âœ… Agno framework disponÃ­vel
2025-08-11 21:16:26,514 - app - [INFO] - âœ… Rotas do Agno importadas
2025-08-11 21:16:26,592 - app - [ERROR] - âŒ Erro ao importar router de agents: No module named 'app.database'; 'app' is not a package
2025-08-11 21:16:26,629 - app - [ERROR] - âŒ Erro ao importar router de workflows: No module named 'app.database'; 'app' is not a package
2025-08-11 21:16:26,636 - app - [WARNING] - âš ï¸ Router fallback de agents incluÃ­do
2025-08-11 21:16:26,638 - app - [WARNING] - âš ï¸ Router fallback de workflows incluÃ­do
2025-08-11 21:16:26,649 - app - [INFO] - âœ… Rotas do Agno Framework incluÃ­das
2025-08-11 21:16:26,653 - app - [INFO] - ğŸš€============================================================
2025-08-11 21:16:26,654 - app - [INFO] - ğŸš€ INICIANDO AGNO PLATFORM v4.5.1
2025-08-11 21:16:26,656 - app - [INFO] - ğŸš€============================================================
2025-08-11 21:16:26,657 - app - [INFO] - ğŸ”‘ VariÃ¡veis configuradas: 3/3
2025-08-11 21:16:26,724 - app - [INFO] - âœ… Banco de dados conectado
2025-08-11 21:16:26,725 - app - [INFO] - ğŸ‰ Sistema totalmente operacional!
2025-08-11 21:16:26,726 - app - [INFO] - â±ï¸ InicializaÃ§Ã£o completada em 0.07s
2025-08-11 21:16:26,726 - app - [INFO] - ğŸš€============================================================
2025-08-11 21:16:29,057 - app - [INFO] - ğŸ—„ï¸ Conectando ao banco: postgres:5432/agno_db
2025-08-11 21:16:33,867 - app - [INFO] - âœ… Agno framework disponÃ­vel
2025-08-11 21:16:33,953 - app - [INFO] - âœ… Rotas do Agno importadas
2025-08-11 21:16:34,069 - app - [ERROR] - âŒ Erro ao importar router de agents: No module named 'app.database'; 'app' is not a package
2025-08-11 21:16:34,117 - app - [ERROR] - âŒ Erro ao importar router de workflows: No module named 'app.database'; 'app' is not a package
2025-08-11 21:16:34,126 - app - [WARNING] - âš ï¸ Router fallback de agents incluÃ­do
2025-08-11 21:16:34,127 - app - [WARNING] - âš ï¸ Router fallback de workflows incluÃ­do
2025-08-11 21:16:34,140 - app - [INFO] - âœ… Rotas do Agno Framework incluÃ­das
2025-08-11 21:16:34,149 - app - [INFO] - ğŸš€============================================================
2025-08-11 21:16:34,152 - app - [INFO] - ğŸš€ INICIANDO AGNO PLATFORM v4.5.1
2025-08-11 21:16:34,155 - app - [INFO] - ğŸš€============================================================
2025-08-11 21:16:34,157 - app - [INFO] - ğŸ”‘ VariÃ¡veis configuradas: 3/3
2025-08-11 21:16:34,244 - app - [INFO] - âœ… Banco de dados conectado
2025-08-11 21:16:34,244 - app - [INFO] - ğŸ‰ Sistema totalmente operacional!
2025-08-11 21:16:34,246 - app - [INFO] - â±ï¸ InicializaÃ§Ã£o completada em 0.10s
2025-08-11 21:16:34,248 - app - [INFO] - ğŸš€============================================================
2025-08-11 21:16:46,054 - app - [INFO] - ğŸ—„ï¸ Conectando ao banco: postgres:5432/agno_db
2025-08-11 21:16:50,958 - app - [INFO] - âœ… Agno framework disponÃ­vel
2025-08-11 21:16:51,082 - app - [INFO] - âœ… Rotas do Agno importadas
2025-08-11 21:16:51,175 - app - [ERROR] - âŒ Erro ao importar router de agents: No module named 'app.database'; 'app' is not a package
2025-08-11 21:16:51,243 - app - [ERROR] - âŒ Erro ao importar router de workflows: No module named 'app.database'; 'app' is not a package
2025-08-11 21:16:51,251 - app - [WARNING] - âš ï¸ Router fallback de agents incluÃ­do
2025-08-11 21:16:51,256 - app - [WARNING] - âš ï¸ Router fallback de workflows incluÃ­do
2025-08-11 21:16:51,268 - app - [INFO] - âœ… Rotas do Agno Framework incluÃ­das
2025-08-11 21:16:51,273 - app - [INFO] - ğŸš€============================================================
2025-08-11 21:16:51,280 - app - [INFO] - ğŸš€ INICIANDO AGNO PLATFORM v4.5.1
2025-08-11 21:16:51,281 - app - [INFO] - ğŸš€============================================================
2025-08-11 21:16:51,282 - app - [INFO] - ğŸ”‘ VariÃ¡veis configuradas: 3/3
2025-08-11 21:16:51,477 - app - [INFO] - âœ… Banco de dados conectado
2025-08-11 21:16:51,480 - app - [INFO] - ğŸ‰ Sistema totalmente operacional!
2025-08-11 21:16:51,481 - app - [INFO] - â±ï¸ InicializaÃ§Ã£o completada em 0.21s
2025-08-11 21:16:51,481 - app - [INFO] - ğŸš€============================================================
2025-08-11 21:17:19,988 - app - [INFO] - ğŸ›‘ Encerrando Agno Platform...
2025-08-11 21:17:19,997 - app - [INFO] - âœ… ConexÃµes fechadas com sucesso
2025-08-11 21:22:13,562 - app - [INFO] - ğŸ—„ï¸ Conectando ao banco: postgres:5432/agno_db
2025-08-11 21:22:20,708 - app - [INFO] - âœ… Agno framework disponÃ­vel
2025-08-11 21:22:20,836 - app - [INFO] - âœ… Rotas do Agno importadas
2025-08-11 21:22:21,114 - app - [ERROR] - âŒ Erro ao importar router de agents: No module named 'app.database'; 'app' is not a package
2025-08-11 21:22:21,427 - app - [ERROR] - âŒ Erro ao importar router de workflows: No module named 'app.database'; 'app' is not a package
2025-08-11 21:22:21,436 - app - [WARNING] - âš ï¸ Router fallback de agents incluÃ­do
2025-08-11 21:22:21,443 - app - [WARNING] - âš ï¸ Router fallback de workflows incluÃ­do
2025-08-11 21:22:21,465 - app - [INFO] - âœ… Rotas do Agno Framework incluÃ­das
2025-08-11 21:22:21,471 - app - [INFO] - ğŸš€============================================================
2025-08-11 21:22:21,475 - app - [INFO] - ğŸš€ INICIANDO AGNO PLATFORM v4.5.1
2025-08-11 21:22:21,479 - app - [INFO] - ğŸš€============================================================
2025-08-11 21:22:21,488 - app - [INFO] - ğŸ”‘ VariÃ¡veis configuradas: 3/3
2025-08-11 21:22:22,161 - app - [INFO] - âœ… Banco de dados conectado
2025-08-11 21:22:22,164 - app - [INFO] - ğŸ‰ Sistema totalmente operacional!
2025-08-11 21:22:22,166 - app - [INFO] - â±ï¸ InicializaÃ§Ã£o completada em 0.69s
2025-08-11 21:22:22,175 - app - [INFO] - ğŸš€============================================================
2025-08-11 21:57:33,225 - app - [INFO] - ğŸ›‘ Encerrando Agno Platform...
2025-08-11 21:57:33,240 - app - [INFO] - âœ… ConexÃµes fechadas com sucesso
2025-08-12 00:52:43,270 - app - [INFO] - ğŸ—„ï¸ Conectando ao banco: postgres:5432/agno_db
2025-08-12 00:52:48,515 - app - [INFO] - âœ… Agno framework disponÃ­vel
2025-08-12 00:52:48,626 - app - [INFO] - âœ… Rotas do Agno importadas
2025-08-12 00:52:48,754 - app - [ERROR] - âŒ Erro ao importar router de agents: No module named 'app.database'; 'app' is not a package
2025-08-12 00:52:48,801 - app - [ERROR] - âŒ Erro ao importar router de workflows: No module named 'app.database'; 'app' is not a package
2025-08-12 00:52:48,806 - app - [WARNING] - âš ï¸ Router fallback de agents incluÃ­do
2025-08-12 00:52:48,807 - app - [WARNING] - âš ï¸ Router fallback de workflows incluÃ­do
2025-08-12 00:52:48,815 - app - [INFO] - âœ… Rotas do Agno Framework incluÃ­das
2025-08-12 00:52:48,817 - app - [INFO] - ğŸš€============================================================
2025-08-12 00:52:48,817 - app - [INFO] - ğŸš€ INICIANDO AGNO PLATFORM v4.5.1
2025-08-12 00:52:48,819 - app - [INFO] - ğŸš€============================================================
2025-08-12 00:52:48,819 - app - [INFO] - ğŸ”‘ VariÃ¡veis configuradas: 3/3
2025-08-12 00:52:48,949 - app - [INFO] - âœ… Banco de dados conectado
2025-08-12 00:52:48,956 - app - [INFO] - ğŸ‰ Sistema totalmente operacional!
2025-08-12 00:52:48,959 - app - [INFO] - â±ï¸ InicializaÃ§Ã£o completada em 0.14s
2025-08-12 00:52:48,963 - app - [INFO] - ğŸš€============================================================
2025-08-12 00:53:28,796 - app - [INFO] - ğŸ›‘ Encerrando Agno Platform...
2025-08-12 00:53:28,815 - app - [INFO] - âœ… ConexÃµes fechadas com sucesso
2025-08-12 00:53:33,760 - app - [INFO] - ğŸ—„ï¸ Conectando ao banco: postgres:5432/agno_db
2025-08-12 00:53:40,190 - app - [INFO] - âœ… Agno framework disponÃ­vel
2025-08-12 00:53:40,244 - app - [INFO] - âœ… Rotas do Agno importadas
2025-08-12 00:53:40,343 - app - [ERROR] - âŒ Erro ao importar router de agents: No module named 'app.database'; 'app' is not a package
2025-08-12 00:53:40,377 - app - [ERROR] - âŒ Erro ao importar router de workflows: No module named 'app.database'; 'app' is not a package
2025-08-12 00:53:40,382 - app - [WARNING] - âš ï¸ Router fallback de agents incluÃ­do
2025-08-12 00:53:40,384 - app - [WARNING] - âš ï¸ Router fallback de workflows incluÃ­do
2025-08-12 00:53:40,391 - app - [INFO] - âœ… Rotas do Agno Framework incluÃ­das
2025-08-12 00:53:40,398 - app - [INFO] - ğŸš€============================================================
2025-08-12 00:53:40,399 - app - [INFO] - ğŸš€ INICIANDO AGNO PLATFORM v4.5.1
2025-08-12 00:53:40,400 - app - [INFO] - ğŸš€============================================================
2025-08-12 00:53:40,401 - app - [INFO] - ğŸ”‘ VariÃ¡veis configuradas: 3/3
2025-08-12 00:53:40,511 - app - [INFO] - âœ… Banco de dados conectado
2025-08-12 00:53:40,539 - app - [INFO] - ğŸ‰ Sistema totalmente operacional!
2025-08-12 00:53:40,818 - app - [INFO] - â±ï¸ InicializaÃ§Ã£o completada em 0.42s
2025-08-12 00:53:40,850 - app - [INFO] - ğŸš€============================================================
2025-08-12 00:53:53,668 - app - [INFO] - ğŸ—„ï¸ Conectando ao banco: postgres:5432/agno_db
2025-08-12 00:53:56,673 - app - [INFO] - âœ… Agno framework disponÃ­vel
2025-08-12 00:53:56,715 - app - [INFO] - âœ… Rotas do Agno importadas
2025-08-12 00:53:56,784 - app - [ERROR] - âŒ Erro ao importar router de agents: No module named 'app.database'; 'app' is not a package
2025-08-12 00:53:56,807 - app - [ERROR] - âŒ Erro ao importar router de workflows: No module named 'app.database'; 'app' is not a package
2025-08-12 00:53:56,810 - app - [WARNING] - âš ï¸ Router fallback de agents incluÃ­do
2025-08-12 00:53:56,811 - app - [WARNING] - âš ï¸ Router fallback de workflows incluÃ­do
2025-08-12 00:53:56,816 - app - [INFO] - âœ… Rotas do Agno Framework incluÃ­das
2025-08-12 00:53:56,817 - app - [INFO] - ğŸš€============================================================
2025-08-12 00:53:56,818 - app - [INFO] - ğŸš€ INICIANDO AGNO PLATFORM v4.5.1
2025-08-12 00:53:56,818 - app - [INFO] - ğŸš€============================================================
2025-08-12 00:53:56,819 - app - [INFO] - ğŸ”‘ VariÃ¡veis configuradas: 3/3
2025-08-12 00:53:56,871 - app - [INFO] - âœ… Banco de dados conectado
2025-08-12 00:53:56,871 - app - [INFO] - ğŸ‰ Sistema totalmente operacional!
2025-08-12 00:53:56,872 - app - [INFO] - â±ï¸ InicializaÃ§Ã£o completada em 0.05s
2025-08-12 00:53:56,872 - app - [INFO] - ğŸš€============================================================
2025-08-12 00:54:22,144 - app - [INFO] - ğŸ›‘ Encerrando Agno Platform...
2025-08-12 00:54:22,150 - app - [INFO] - âœ… ConexÃµes fechadas com sucesso
2025-08-12 00:54:36,201 - app - [INFO] - ğŸ—„ï¸ Conectando ao banco: postgres:5432/agno_db
2025-08-12 00:54:39,273 - app - [INFO] - âœ… Agno framework disponÃ­vel
2025-08-12 00:54:39,317 - app - [INFO] - âœ… Rotas do Agno importadas
2025-08-12 00:54:39,387 - app - [ERROR] - âŒ Erro ao importar router de agents: No module named 'app.database'; 'app' is not a package
2025-08-12 00:54:39,413 - app - [ERROR] - âŒ Erro ao importar router de workflows: No module named 'app.database'; 'app' is not a package
2025-08-12 00:54:39,417 - app - [WARNING] - âš ï¸ Router fallback de agents incluÃ­do
2025-08-12 00:54:39,419 - app - [WARNING] - âš ï¸ Router fallback de workflows incluÃ­do
2025-08-12 00:54:39,426 - app - [INFO] - âœ… Rotas do Agno Framework incluÃ­das
2025-08-12 00:54:39,429 - app - [INFO] - ğŸš€============================================================
2025-08-12 00:54:39,430 - app - [INFO] - ğŸš€ INICIANDO AGNO PLATFORM v4.5.1
2025-08-12 00:54:39,430 - app - [INFO] - ğŸš€============================================================
2025-08-12 00:54:39,431 - app - [INFO] - ğŸ”‘ VariÃ¡veis configuradas: 3/3
2025-08-12 00:54:39,484 - app - [INFO] - âœ… Banco de dados conectado
2025-08-12 00:54:39,485 - app - [INFO] - ğŸ‰ Sistema totalmente operacional!
2025-08-12 00:54:39,487 - app - [INFO] - â±ï¸ InicializaÃ§Ã£o completada em 0.06s
2025-08-12 00:54:39,488 - app - [INFO] - ğŸš€============================================================
2025-08-12 00:54:46,009 - app - [INFO] - ğŸ›‘ Encerrando Agno Platform...
2025-08-12 00:54:46,014 - app - [INFO] - âœ… ConexÃµes fechadas com sucesso
2025-08-12 21:39:30,356 - app - [INFO] - ğŸ—„ï¸ Conectando ao banco: postgres:5432/agno_db
2025-08-12 21:39:35,773 - app - [INFO] - âœ… Agno framework disponÃ­vel
2025-08-12 21:39:35,897 - app - [INFO] - âœ… Rotas do Agno importadas
2025-08-12 21:39:36,120 - app - [ERROR] - âŒ Erro ao importar router de agents: No module named 'app.database'; 'app' is not a package
2025-08-12 21:39:36,192 - app - [ERROR] - âŒ Erro ao importar router de workflows: No module named 'app.database'; 'app' is not a package
2025-08-12 21:39:36,203 - app - [WARNING] - âš ï¸ Router fallback de agents incluÃ­do
2025-08-12 21:39:36,206 - app - [WARNING] - âš ï¸ Router fallback de workflows incluÃ­do
2025-08-12 21:39:36,214 - app - [INFO] - âœ… Rotas do Agno Framework incluÃ­das
2025-08-12 21:39:36,216 - app - [INFO] - ğŸš€============================================================
2025-08-12 21:39:36,218 - app - [INFO] - ğŸš€ INICIANDO AGNO PLATFORM v4.5.1
2025-08-12 21:39:36,219 - app - [INFO] - ğŸš€============================================================
2025-08-12 21:39:36,220 - app - [INFO] - ğŸ”‘ VariÃ¡veis configuradas: 3/3
2025-08-12 21:39:36,344 - app - [INFO] - âœ… Banco de dados conectado
2025-08-12 21:39:36,344 - app - [INFO] - ğŸ‰ Sistema totalmente operacional!
2025-08-12 21:39:36,345 - app - [INFO] - â±ï¸ InicializaÃ§Ã£o completada em 0.13s
2025-08-12 21:39:36,345 - app - [INFO] - ğŸš€============================================================
2025-08-12 21:46:30,547 - app - [INFO] - ğŸ›‘ Encerrando Agno Platform...
2025-08-12 21:46:30,557 - app - [INFO] - âœ… ConexÃµes fechadas com sucesso
2025-08-12 21:46:34,655 - app - [INFO] - ğŸ—„ï¸ Conectando ao banco: postgres:5432/agno_db
2025-08-12 21:46:41,961 - app - [INFO] - âœ… Agno framework disponÃ­vel
2025-08-12 21:46:42,063 - app - [INFO] - âœ… Rotas do Agno importadas
2025-08-12 21:46:42,163 - app - [ERROR] - âŒ Erro ao importar router de agents: No module named 'app.database'; 'app' is not a package
2025-08-12 21:46:42,193 - app - [ERROR] - âŒ Erro ao importar router de workflows: No module named 'app.database'; 'app' is not a package
2025-08-12 21:46:42,200 - app - [WARNING] - âš ï¸ Router fallback de agents incluÃ­do
2025-08-12 21:46:42,203 - app - [WARNING] - âš ï¸ Router fallback de workflows incluÃ­do
2025-08-12 21:46:42,209 - app - [INFO] - âœ… Rotas do Agno Framework incluÃ­das
2025-08-12 21:46:42,210 - app - [INFO] - ğŸš€============================================================
2025-08-12 21:46:42,211 - app - [INFO] - ğŸš€ INICIANDO AGNO PLATFORM v4.5.1
2025-08-12 21:46:42,211 - app - [INFO] - ğŸš€============================================================
2025-08-12 21:46:42,212 - app - [INFO] - ğŸ”‘ VariÃ¡veis configuradas: 3/3
2025-08-12 21:46:42,275 - app - [INFO] - âœ… Banco de dados conectado
2025-08-12 21:46:42,276 - app - [INFO] - ğŸ‰ Sistema totalmente operacional!
2025-08-12 21:46:42,277 - app - [INFO] - â±ï¸ InicializaÃ§Ã£o completada em 0.07s
2025-08-12 21:46:42,277 - app - [INFO] - ğŸš€============================================================
2025-08-12 21:46:44,920 - app - [INFO] - ğŸ—„ï¸ Conectando ao banco: postgres:5432/agno_db
2025-08-12 21:46:49,565 - app - [INFO] - âœ… Agno framework disponÃ­vel
2025-08-12 21:46:49,628 - app - [INFO] - âœ… Rotas do Agno importadas
2025-08-12 21:46:49,721 - app - [ERROR] - âŒ Erro ao importar router de agents: No module named 'app.database'; 'app' is not a package
2025-08-12 21:46:49,754 - app - [ERROR] - âŒ Erro ao importar router de workflows: No module named 'app.database'; 'app' is not a package
2025-08-12 21:46:49,763 - app - [WARNING] - âš ï¸ Router fallback de agents incluÃ­do
2025-08-12 21:46:49,766 - app - [WARNING] - âš ï¸ Router fallback de workflows incluÃ­do
2025-08-12 21:46:49,776 - app - [INFO] - âœ… Rotas do Agno Framework incluÃ­das
2025-08-12 21:46:49,778 - app - [INFO] - ğŸš€============================================================
2025-08-12 21:46:49,779 - app - [INFO] - ğŸš€ INICIANDO AGNO PLATFORM v4.5.1
2025-08-12 21:46:49,780 - app - [INFO] - ğŸš€============================================================
2025-08-12 21:46:49,780 - app - [INFO] - ğŸ”‘ VariÃ¡veis configuradas: 3/3
2025-08-12 21:46:49,849 - app - [INFO] - âœ… Banco de dados conectado
2025-08-12 21:46:49,849 - app - [INFO] - ğŸ‰ Sistema totalmente operacional!
2025-08-12 21:46:49,850 - app - [INFO] - â±ï¸ InicializaÃ§Ã£o completada em 0.07s
2025-08-12 21:46:49,853 - app - [INFO] - ğŸš€============================================================
2025-08-12 21:49:06,648 - app - [INFO] - ğŸ›‘ Encerrando Agno Platform...
2025-08-12 21:49:06,728 - app - [INFO] - âœ… ConexÃµes fechadas com sucesso
2025-08-12 21:49:09,428 - app - [INFO] - ğŸ—„ï¸ Conectando ao banco: postgres:5432/agno_db
2025-08-12 21:49:13,854 - app - [INFO] - âœ… Agno framework disponÃ­vel
2025-08-12 21:49:13,912 - app - [INFO] - âœ… Rotas do Agno importadas
2025-08-12 21:49:14,009 - app - [ERROR] - âŒ Erro ao importar router de agents: No module named 'app.database'; 'app' is not a package
2025-08-12 21:49:14,055 - app - [ERROR] - âŒ Erro ao importar router de workflows: No module named 'app.database'; 'app' is not a package
2025-08-12 21:49:14,068 - app - [WARNING] - âš ï¸ Router fallback de agents incluÃ­do
2025-08-12 21:49:14,070 - app - [WARNING] - âš ï¸ Router fallback de workflows incluÃ­do
2025-08-12 21:49:14,083 - app - [INFO] - âœ… Rotas do Agno Framework incluÃ­das
2025-08-12 21:49:14,086 - app - [INFO] - ğŸš€============================================================
2025-08-12 21:49:14,088 - app - [INFO] - ğŸš€ INICIANDO AGNO PLATFORM v4.5.1
2025-08-12 21:49:14,090 - app - [INFO] - ğŸš€============================================================
2025-08-12 21:49:14,091 - app - [INFO] - ğŸ”‘ VariÃ¡veis configuradas: 3/3
2025-08-12 21:49:14,189 - app - [INFO] - âœ… Banco de dados conectado
2025-08-12 21:49:14,191 - app - [INFO] - ğŸ‰ Sistema totalmente operacional!
2025-08-12 21:49:14,192 - app - [INFO] - â±ï¸ InicializaÃ§Ã£o completada em 0.11s
2025-08-12 21:49:14,193 - app - [INFO] - ğŸš€============================================================
2025-08-12 21:50:12,972 - app - [INFO] - ğŸ›‘ Encerrando Agno Platform...
2025-08-12 21:50:12,980 - app - [INFO] - âœ… ConexÃµes fechadas com sucesso
2025-08-12 21:50:15,336 - app - [INFO] - ğŸ—„ï¸ Conectando ao banco: postgres:5432/agno_db
2025-08-12 21:50:18,020 - app - [INFO] - âœ… Agno framework disponÃ­vel
2025-08-12 21:50:18,082 - app - [INFO] - âœ… Rotas do Agno importadas
2025-08-12 21:50:18,155 - app - [ERROR] - âŒ Erro ao importar router de agents: No module named 'app.database'; 'app' is not a package
2025-08-12 21:50:18,180 - app - [ERROR] - âŒ Erro ao importar router de workflows: No module named 'app.database'; 'app' is not a package
2025-08-12 21:50:18,185 - app - [WARNING] - âš ï¸ Router fallback de agents incluÃ­do
2025-08-12 21:50:18,187 - app - [WARNING] - âš ï¸ Router fallback de workflows incluÃ­do
2025-08-12 21:50:18,193 - app - [INFO] - âœ… Rotas do Agno Framework incluÃ­das
2025-08-12 21:50:18,196 - app - [INFO] - ğŸš€============================================================
2025-08-12 21:50:18,197 - app - [INFO] - ğŸš€ INICIANDO AGNO PLATFORM v4.5.1
2025-08-12 21:50:18,197 - app - [INFO] - ğŸš€============================================================
2025-08-12 21:50:18,199 - app - [INFO] - ğŸ”‘ VariÃ¡veis configuradas: 3/3
2025-08-12 21:50:18,261 - app - [INFO] - âœ… Banco de dados conectado
2025-08-12 21:50:18,261 - app - [INFO] - ğŸ‰ Sistema totalmente operacional!
2025-08-12 21:50:18,261 - app - [INFO] - â±ï¸ InicializaÃ§Ã£o completada em 0.07s
2025-08-12 21:50:18,262 - app - [INFO] - ğŸš€============================================================
2025-08-12 21:52:11,088 - app - [INFO] - ğŸ›‘ Encerrando Agno Platform...
2025-08-12 21:52:11,092 - app - [INFO] - âœ… ConexÃµes fechadas com sucesso
2025-08-12 21:52:15,055 - app - [INFO] - ğŸ—„ï¸ Conectando ao banco: postgres:5432/agno_db
2025-08-12 21:52:18,555 - app - [INFO] - âœ… Agno framework disponÃ­vel
2025-08-12 21:52:18,598 - app - [INFO] - âœ… Rotas do Agno importadas
2025-08-12 21:52:18,667 - app - [ERROR] - âŒ Erro ao importar router de agents: No module named 'app.database'; 'app' is not a package
2025-08-12 21:52:18,694 - app - [ERROR] - âŒ Erro ao importar router de workflows: No module named 'app.database'; 'app' is not a package
2025-08-12 21:52:18,699 - app - [WARNING] - âš ï¸ Router fallback de agents incluÃ­do
2025-08-12 21:52:18,700 - app - [WARNING] - âš ï¸ Router fallback de workflows incluÃ­do
2025-08-12 21:52:18,706 - app - [INFO] - âœ… Rotas do Agno Framework incluÃ­das
2025-08-12 21:52:18,708 - app - [INFO] - ğŸš€============================================================
2025-08-12 21:52:18,708 - app - [INFO] - ğŸš€ INICIANDO AGNO PLATFORM v4.5.1
2025-08-12 21:52:18,709 - app - [INFO] - ğŸš€============================================================
2025-08-12 21:52:18,709 - app - [INFO] - ğŸ”‘ VariÃ¡veis configuradas: 3/3
2025-08-12 21:52:18,757 - app - [INFO] - âœ… Banco de dados conectado
2025-08-12 21:52:18,758 - app - [INFO] - ğŸ‰ Sistema totalmente operacional!
2025-08-12 21:52:18,759 - app - [INFO] - â±ï¸ InicializaÃ§Ã£o completada em 0.05s
2025-08-12 21:52:18,760 - app - [INFO] - ğŸš€============================================================
2025-08-12 21:54:43,159 - app - [INFO] - ğŸ›‘ Encerrando Agno Platform...
2025-08-12 21:54:43,167 - app - [INFO] - âœ… ConexÃµes fechadas com sucesso
2025-08-12 21:54:45,149 - app - [INFO] - ğŸ—„ï¸ Conectando ao banco: postgres:5432/agno_db
2025-08-12 21:54:50,577 - app - [INFO] - âœ… Agno framework disponÃ­vel
2025-08-12 21:54:50,669 - app - [INFO] - âœ… Rotas do Agno importadas
2025-08-12 21:55:27,976 - app - [INFO] - ğŸ—„ï¸ Conectando ao banco: postgres:5432/agno_db
2025-08-12 21:55:30,637 - app - [INFO] - âœ… Agno framework disponÃ­vel
2025-08-12 21:55:30,685 - app - [INFO] - âœ… Rotas do Agno importadas
2025-08-12 21:55:30,775 - app - [ERROR] - âŒ Erro ao importar router de agents: cannot import name 'Base' from 'database' (unknown location)
2025-08-12 21:55:30,803 - app - [ERROR] - âŒ Erro ao importar router de workflows: cannot import name 'Base' from 'database' (unknown location)
2025-08-12 21:55:30,807 - app - [WARNING] - âš ï¸ Router fallback de agents incluÃ­do
2025-08-12 21:55:30,809 - app - [WARNING] - âš ï¸ Router fallback de workflows incluÃ­do
2025-08-12 21:55:30,814 - app - [INFO] - âœ… Rotas do Agno Framework incluÃ­das
2025-08-12 21:55:30,815 - app - [INFO] - ğŸš€============================================================
2025-08-12 21:55:30,816 - app - [INFO] - ğŸš€ INICIANDO AGNO PLATFORM v4.5.1
2025-08-12 21:55:30,817 - app - [INFO] - ğŸš€============================================================
2025-08-12 21:55:30,817 - app - [INFO] - ğŸ”‘ VariÃ¡veis configuradas: 3/3
2025-08-12 21:55:30,867 - app - [INFO] - âœ… Banco de dados conectado
2025-08-12 21:55:30,867 - app - [INFO] - ğŸ‰ Sistema totalmente operacional!
2025-08-12 21:55:30,869 - app - [INFO] - â±ï¸ InicializaÃ§Ã£o completada em 0.05s
2025-08-12 21:55:30,870 - app - [INFO] - ğŸš€============================================================
2025-08-12 21:56:39,878 - app - [INFO] - ğŸ›‘ Encerrando Agno Platform...
2025-08-12 21:56:39,887 - app - [INFO] - âœ… ConexÃµes fechadas com sucesso
2025-08-12 21:56:41,830 - app - [INFO] - ğŸ—„ï¸ Conectando ao banco: postgres:5432/agno_db
2025-08-12 21:56:44,539 - app - [INFO] - âœ… Agno framework disponÃ­vel
2025-08-12 21:56:44,580 - app - [INFO] - âœ… Rotas do Agno importadas
2025-08-12 21:56:44,642 - app - [ERROR] - âŒ Erro ao importar router de agents: cannot import name 'Base' from 'database' (unknown location)
2025-08-12 21:56:44,675 - app - [ERROR] - âŒ Erro ao importar router de workflows: cannot import name 'Base' from 'database' (unknown location)
2025-08-12 21:56:44,678 - app - [WARNING] - âš ï¸ Router fallback de agents incluÃ­do
2025-08-12 21:56:44,679 - app - [WARNING] - âš ï¸ Router fallback de workflows incluÃ­do
2025-08-12 21:56:44,687 - app - [INFO] - âœ… Rotas do Agno Framework incluÃ­das
2025-08-12 21:56:44,689 - app - [INFO] - ğŸš€============================================================
2025-08-12 21:56:44,690 - app - [INFO] - ğŸš€ INICIANDO AGNO PLATFORM v4.5.1
2025-08-12 21:56:44,691 - app - [INFO] - ğŸš€============================================================
2025-08-12 21:56:44,692 - app - [INFO] - ğŸ”‘ VariÃ¡veis configuradas: 3/3
2025-08-12 21:56:44,762 - app - [INFO] - âœ… Banco de dados conectado
2025-08-12 21:56:44,762 - app - [INFO] - ğŸ‰ Sistema totalmente operacional!
2025-08-12 21:56:44,763 - app - [INFO] - â±ï¸ InicializaÃ§Ã£o completada em 0.07s
2025-08-12 21:56:44,764 - app - [INFO] - ğŸš€============================================================
2025-08-12 21:57:16,359 - app - [INFO] - ğŸ›‘ Encerrando Agno Platform...
2025-08-12 21:57:16,364 - app - [INFO] - âœ… ConexÃµes fechadas com sucesso
2025-08-12 21:57:24,634 - app - [INFO] - ğŸ—„ï¸ Conectando ao banco: postgres:5432/agno_db
2025-08-12 21:57:28,007 - app - [INFO] - âœ… Agno framework disponÃ­vel
2025-08-12 21:57:28,050 - app - [INFO] - âœ… Rotas do Agno importadas
2025-08-12 21:57:28,126 - app - [ERROR] - âŒ Erro ao importar router de agents: cannot import name 'Base' from 'database' (unknown location)
2025-08-12 21:57:28,153 - app - [ERROR] - âŒ Erro ao importar router de workflows: cannot import name 'Base' from 'database' (unknown location)
2025-08-12 21:57:28,159 - app - [WARNING] - âš ï¸ Router fallback de agents incluÃ­do
2025-08-12 21:57:28,160 - app - [WARNING] - âš ï¸ Router fallback de workflows incluÃ­do
2025-08-12 21:57:28,169 - app - [INFO] - âœ… Rotas do Agno Framework incluÃ­das
2025-08-12 21:57:28,170 - app - [INFO] - ğŸš€============================================================
2025-08-12 21:57:28,170 - app - [INFO] - ğŸš€ INICIANDO AGNO PLATFORM v4.5.1
2025-08-12 21:57:28,171 - app - [INFO] - ğŸš€============================================================
2025-08-12 21:57:28,172 - app - [INFO] - ğŸ”‘ VariÃ¡veis configuradas: 3/3
2025-08-12 21:57:28,230 - app - [INFO] - âœ… Banco de dados conectado
2025-08-12 21:57:28,230 - app - [INFO] - ğŸ‰ Sistema totalmente operacional!
2025-08-12 21:57:28,230 - app - [INFO] - â±ï¸ InicializaÃ§Ã£o completada em 0.06s
2025-08-12 21:57:28,231 - app - [INFO] - ğŸš€============================================================
2025-08-12 21:57:51,602 - app - [INFO] - ğŸ›‘ Encerrando Agno Platform...
2025-08-12 21:57:51,608 - app - [INFO] - âœ… ConexÃµes fechadas com sucesso
2025-08-12 21:58:45,771 - app - [INFO] - ğŸ—„ï¸ Conectando ao banco: postgres:5432/agno_db
2025-08-12 21:58:49,095 - app - [INFO] - âœ… Agno framework disponÃ­vel
2025-08-12 21:58:49,143 - app - [INFO] - âœ… Rotas do Agno importadas
2025-08-12 21:58:49,228 - app - [ERROR] - âŒ Erro ao importar router de agents: No module named 'backend'
2025-08-12 21:58:49,255 - app - [ERROR] - âŒ Erro ao importar router de workflows: No module named 'backend'
2025-08-12 21:58:49,261 - app - [WARNING] - âš ï¸ Router fallback de agents incluÃ­do
2025-08-12 21:58:49,263 - app - [WARNING] - âš ï¸ Router fallback de workflows incluÃ­do
2025-08-12 21:58:49,272 - app - [INFO] - âœ… Rotas do Agno Framework incluÃ­das
2025-08-12 21:58:49,275 - app - [INFO] - ğŸš€============================================================
2025-08-12 21:58:49,276 - app - [INFO] - ğŸš€ INICIANDO AGNO PLATFORM v4.5.1
2025-08-12 21:58:49,277 - app - [INFO] - ğŸš€============================================================
2025-08-12 21:58:49,278 - app - [INFO] - ğŸ”‘ VariÃ¡veis configuradas: 3/3
2025-08-12 21:58:49,339 - app - [INFO] - âœ… Banco de dados conectado
2025-08-12 21:58:49,340 - app - [INFO] - ğŸ‰ Sistema totalmente operacional!
2025-08-12 21:58:49,340 - app - [INFO] - â±ï¸ InicializaÃ§Ã£o completada em 0.07s
2025-08-12 21:58:49,340 - app - [INFO] - ğŸš€============================================================
2025-08-12 21:58:57,369 - app - [INFO] - ğŸ›‘ Encerrando Agno Platform...
2025-08-12 21:58:57,375 - app - [INFO] - âœ… ConexÃµes fechadas com sucesso
2025-08-12 21:58:59,255 - app - [INFO] - ğŸ—„ï¸ Conectando ao banco: postgres:5432/agno_db
2025-08-12 21:59:02,028 - app - [INFO] - âœ… Agno framework disponÃ­vel
2025-08-12 21:59:02,075 - app - [INFO] - âœ… Rotas do Agno importadas
2025-08-12 21:59:02,144 - app - [ERROR] - âŒ Erro ao importar router de agents: No module named 'backend'
2025-08-12 21:59:02,178 - app - [ERROR] - âŒ Erro ao importar router de workflows: No module named 'backend'
2025-08-12 21:59:02,182 - app - [WARNING] - âš ï¸ Router fallback de agents incluÃ­do
2025-08-12 21:59:02,183 - app - [WARNING] - âš ï¸ Router fallback de workflows incluÃ­do
2025-08-12 21:59:02,191 - app - [INFO] - âœ… Rotas do Agno Framework incluÃ­das
2025-08-12 21:59:02,193 - app - [INFO] - ğŸš€============================================================
2025-08-12 21:59:02,194 - app - [INFO] - ğŸš€ INICIANDO AGNO PLATFORM v4.5.1
2025-08-12 21:59:02,194 - app - [INFO] - ğŸš€============================================================
2025-08-12 21:59:02,195 - app - [INFO] - ğŸ”‘ VariÃ¡veis configuradas: 3/3
2025-08-12 21:59:02,244 - app - [INFO] - âœ… Banco de dados conectado
2025-08-12 21:59:02,245 - app - [INFO] - ğŸ‰ Sistema totalmente operacional!
2025-08-12 21:59:02,246 - app - [INFO] - â±ï¸ InicializaÃ§Ã£o completada em 0.05s
2025-08-12 21:59:02,246 - app - [INFO] - ğŸš€============================================================
2025-08-12 21:59:09,214 - app - [INFO] - ğŸ—„ï¸ Conectando ao banco: postgres:5432/agno_db
2025-08-12 21:59:14,579 - app - [INFO] - âœ… Agno framework disponÃ­vel
2025-08-12 21:59:14,627 - app - [INFO] - âœ… Rotas do Agno importadas
2025-08-12 21:59:14,700 - app - [ERROR] - âŒ Erro ao importar router de agents: No module named 'backend'
2025-08-12 21:59:14,728 - app - [ERROR] - âŒ Erro ao importar router de workflows: No module named 'backend'
2025-08-12 21:59:14,732 - app - [WARNING] - âš ï¸ Router fallback de agents incluÃ­do
2025-08-12 21:59:14,733 - app - [WARNING] - âš ï¸ Router fallback de workflows incluÃ­do
2025-08-12 21:59:14,742 - app - [INFO] - âœ… Rotas do Agno Framework incluÃ­das
2025-08-12 21:59:14,744 - app - [INFO] - ğŸš€============================================================
2025-08-12 21:59:14,746 - app - [INFO] - ğŸš€ INICIANDO AGNO PLATFORM v4.5.1
2025-08-12 21:59:14,747 - app - [INFO] - ğŸš€============================================================
2025-08-12 21:59:14,748 - app - [INFO] - ğŸ”‘ VariÃ¡veis configuradas: 3/3
2025-08-12 21:59:14,814 - app - [INFO] - âœ… Banco de dados conectado
2025-08-12 21:59:14,815 - app - [INFO] - ğŸ‰ Sistema totalmente operacional!
2025-08-12 21:59:14,815 - app - [INFO] - â±ï¸ InicializaÃ§Ã£o completada em 0.07s
2025-08-12 21:59:14,816 - app - [INFO] - ğŸš€============================================================
2025-08-12 21:59:23,843 - app - [INFO] - ğŸ›‘ Encerrando Agno Platform...
2025-08-12 21:59:23,854 - app - [INFO] - âœ… ConexÃµes fechadas com sucesso
2025-08-12 21:59:49,174 - app - [INFO] - ğŸ—„ï¸ Conectando ao banco: postgres:5432/agno_db
2025-08-12 21:59:52,703 - app - [INFO] - âœ… Agno framework disponÃ­vel
2025-08-12 21:59:52,749 - app - [INFO] - âœ… Rotas do Agno importadas
2025-08-12 21:59:52,881 - app - [ERROR] - âŒ Erro ao importar router de agents: cannot import name 'Base' from 'database' (unknown location)
2025-08-12 21:59:52,922 - app - [ERROR] - âŒ Erro ao importar router de workflows: cannot import name 'Base' from 'database' (unknown location)
2025-08-12 21:59:52,927 - app - [WARNING] - âš ï¸ Router fallback de agents incluÃ­do
2025-08-12 21:59:52,929 - app - [WARNING] - âš ï¸ Router fallback de workflows incluÃ­do
2025-08-12 21:59:52,937 - app - [INFO] - âœ… Rotas do Agno Framework incluÃ­das
2025-08-12 21:59:52,939 - app - [INFO] - ğŸš€============================================================
2025-08-12 21:59:52,940 - app - [INFO] - ğŸš€ INICIANDO AGNO PLATFORM v4.5.1
2025-08-12 21:59:52,940 - app - [INFO] - ğŸš€============================================================
2025-08-12 21:59:52,941 - app - [INFO] - ğŸ”‘ VariÃ¡veis configuradas: 3/3
2025-08-12 21:59:53,001 - app - [INFO] - âœ… Banco de dados conectado
2025-08-12 21:59:53,002 - app - [INFO] - ğŸ‰ Sistema totalmente operacional!
2025-08-12 21:59:53,002 - app - [INFO] - â±ï¸ InicializaÃ§Ã£o completada em 0.06s
2025-08-12 21:59:53,003 - app - [INFO] - ğŸš€============================================================
2025-08-12 22:01:50,888 - app - [INFO] - ğŸ›‘ Encerrando Agno Platform...
2025-08-12 22:01:50,969 - app - [INFO] - âœ… ConexÃµes fechadas com sucesso
2025-08-12 22:01:55,613 - app - [INFO] - ğŸ—„ï¸ Conectando ao banco: postgres:5432/agno_db
2025-08-12 22:02:01,988 - app - [INFO] - âœ… Agno framework disponÃ­vel
2025-08-12 22:02:02,108 - app - [INFO] - âœ… Rotas do Agno importadas
2025-08-12 22:02:04,001 - app - [ERROR] - âŒ Erro ao importar router de agents: No module named 'backend'
2025-08-12 22:02:04,196 - app - [ERROR] - âŒ Erro ao importar router de workflows: No module named 'backend'
2025-08-12 22:02:04,213 - app - [WARNING] - âš ï¸ Router fallback de agents incluÃ­do
2025-08-12 22:02:04,238 - app - [WARNING] - âš ï¸ Router fallback de workflows incluÃ­do
2025-08-12 22:02:04,272 - app - [INFO] - âœ… Rotas do Agno Framework incluÃ­das
2025-08-12 22:02:04,275 - app - [INFO] - ğŸš€============================================================
2025-08-12 22:02:04,278 - app - [INFO] - ğŸš€ INICIANDO AGNO PLATFORM v4.5.1
2025-08-12 22:02:04,279 - app - [INFO] - ğŸš€============================================================
2025-08-12 22:02:04,280 - app - [INFO] - ğŸ”‘ VariÃ¡veis configuradas: 3/3
2025-08-12 22:02:04,381 - app - [INFO] - âœ… Banco de dados conectado
2025-08-12 22:02:04,382 - app - [INFO] - ğŸ‰ Sistema totalmente operacional!
2025-08-12 22:02:04,384 - app - [INFO] - â±ï¸ InicializaÃ§Ã£o completada em 0.11s
2025-08-12 22:02:04,384 - app - [INFO] - ğŸš€============================================================
2025-08-12 22:02:14,394 - app - [INFO] - ğŸ—„ï¸ Conectando ao banco: postgres:5432/agno_db
2025-08-12 22:02:17,392 - app - [INFO] - âœ… Agno framework disponÃ­vel
2025-08-12 22:02:17,437 - app - [INFO] - âœ… Rotas do Agno importadas
2025-08-12 22:02:17,523 - app - [ERROR] - âŒ Erro ao importar router de agents: No module named 'backend'
2025-08-12 22:02:17,555 - app - [ERROR] - âŒ Erro ao importar router de workflows: No module named 'backend'
2025-08-12 22:02:17,560 - app - [WARNING] - âš ï¸ Router fallback de agents incluÃ­do
2025-08-12 22:02:17,561 - app - [WARNING] - âš ï¸ Router fallback de workflows incluÃ­do
2025-08-12 22:02:17,566 - app - [INFO] - âœ… Rotas do Agno Framework incluÃ­das
2025-08-12 22:02:17,567 - app - [INFO] - ğŸš€============================================================
2025-08-12 22:02:17,568 - app - [INFO] - ğŸš€ INICIANDO AGNO PLATFORM v4.5.1
2025-08-12 22:02:17,568 - app - [INFO] - ğŸš€============================================================
2025-08-12 22:02:17,568 - app - [INFO] - ğŸ”‘ VariÃ¡veis configuradas: 3/3
2025-08-12 22:02:17,633 - app - [INFO] - âœ… Banco de dados conectado
2025-08-12 22:02:17,633 - app - [INFO] - ğŸ‰ Sistema totalmente operacional!
2025-08-12 22:02:17,634 - app - [INFO] - â±ï¸ InicializaÃ§Ã£o completada em 0.07s
2025-08-12 22:02:17,634 - app - [INFO] - ğŸš€============================================================
2025-08-12 22:03:03,606 - app - [INFO] - ğŸ›‘ Encerrando Agno Platform...
2025-08-12 22:03:03,611 - app - [INFO] - âœ… ConexÃµes fechadas com sucesso
2025-08-12 22:04:54,122 - app - [INFO] - ğŸ—„ï¸ Conectando ao banco: postgres:5432/agno_db
2025-08-12 22:04:57,570 - app - [INFO] - âœ… Agno framework disponÃ­vel
2025-08-12 22:04:57,611 - app - [INFO] - âœ… Rotas do Agno importadas
2025-08-12 22:04:57,677 - app - [ERROR] - âŒ Erro ao importar router de agents: attempted relative import beyond top-level package
2025-08-12 22:04:57,709 - app - [ERROR] - âŒ Erro ao importar router de workflows: attempted relative import beyond top-level package
2025-08-12 22:04:57,713 - app - [WARNING] - âš ï¸ Router fallback de agents incluÃ­do
2025-08-12 22:04:57,715 - app - [WARNING] - âš ï¸ Router fallback de workflows incluÃ­do
2025-08-12 22:04:57,722 - app - [INFO] - âœ… Rotas do Agno Framework incluÃ­das
2025-08-12 22:04:57,724 - app - [INFO] - ğŸš€============================================================
2025-08-12 22:04:57,724 - app - [INFO] - ğŸš€ INICIANDO AGNO PLATFORM v4.5.1
2025-08-12 22:04:57,725 - app - [INFO] - ğŸš€============================================================
2025-08-12 22:04:57,726 - app - [INFO] - ğŸ”‘ VariÃ¡veis configuradas: 3/3
2025-08-12 22:04:57,780 - app - [INFO] - âœ… Banco de dados conectado
2025-08-12 22:04:57,780 - app - [INFO] - ğŸ‰ Sistema totalmente operacional!
2025-08-12 22:04:57,780 - app - [INFO] - â±ï¸ InicializaÃ§Ã£o completada em 0.06s
2025-08-12 22:04:57,781 - app - [INFO] - ğŸš€============================================================
2025-08-12 22:05:58,861 - app - [INFO] - ğŸ›‘ Encerrando Agno Platform...
2025-08-12 22:05:58,868 - app - [INFO] - âœ… ConexÃµes fechadas com sucesso
2025-08-12 22:06:02,481 - app - [INFO] - ğŸ—„ï¸ Conectando ao banco: postgres:5432/agno_db
2025-08-12 22:06:05,218 - app - [INFO] - âœ… Agno framework disponÃ­vel
2025-08-12 22:06:05,257 - app - [INFO] - âœ… Rotas do Agno importadas
2025-08-12 22:06:43,966 - app - [INFO] - ğŸ—„ï¸ Conectando ao banco: postgres:5432/agno_db
2025-08-12 22:06:47,245 - app - [INFO] - âœ… Agno framework disponÃ­vel
2025-08-12 22:06:47,301 - app - [INFO] - âœ… Rotas do Agno importadas
2025-08-12 22:06:47,417 - app - [INFO] - âœ… Router de agents importado
2025-08-12 22:06:47,454 - app - [INFO] - âœ… Router de workflows importado
2025-08-12 22:06:47,464 - app - [INFO] - âœ… Rotas de agents incluÃ­das em /api/agents
2025-08-12 22:06:47,491 - app - [INFO] - âœ… Rotas de workflows incluÃ­das em /api
2025-08-12 22:06:47,498 - app - [INFO] - âœ… Rotas do Agno Framework incluÃ­das
2025-08-12 22:06:47,499 - app - [INFO] - ğŸš€============================================================
2025-08-12 22:06:47,500 - app - [INFO] - ğŸš€ INICIANDO AGNO PLATFORM v4.5.1
2025-08-12 22:06:47,501 - app - [INFO] - ğŸš€============================================================
2025-08-12 22:06:47,502 - app - [INFO] - ğŸ”‘ VariÃ¡veis configuradas: 3/3
2025-08-12 22:06:47,561 - app - [INFO] - âœ… Banco de dados conectado
2025-08-12 22:06:47,562 - app - [INFO] - ğŸ‰ Sistema totalmente operacional!
2025-08-12 22:06:47,562 - app - [INFO] - â±ï¸ InicializaÃ§Ã£o completada em 0.06s
2025-08-12 22:06:47,563 - app - [INFO] - ğŸš€============================================================
2025-08-12 22:07:20,566 - app - [WARNING] - ğŸŒ GET /api/workflows - 500 - 0.008s
2025-08-12 22:07:20,574 - app - [WARNING] - ğŸŒ GET /api/workflows - 500 - 0.002s
2025-08-12 22:07:20,597 - app - [INFO] - ğŸ“‹ Listados 8 agentes (total: 8) para usuÃ¡rio 1
2025-08-12 22:07:20,619 - app - [INFO] - ğŸ“‹ Listados 8 agentes (total: 8) para usuÃ¡rio 1
2025-08-12 22:07:49,783 - app - [INFO] - ğŸ›‘ Encerrando Agno Platform...
2025-08-12 22:07:49,788 - app - [INFO] - âœ… ConexÃµes fechadas com sucesso
2025-08-12 22:11:02,510 - app - [INFO] - ğŸ—„ï¸ Conectando ao banco: postgres:5432/agno_db
2025-08-12 22:11:07,134 - app - [INFO] - âœ… Agno framework disponÃ­vel
2025-08-12 22:11:07,191 - app - [INFO] - âœ… Rotas do Agno importadas
2025-08-12 22:11:07,373 - app - [INFO] - âœ… Router de agents importado
2025-08-12 22:11:07,434 - app - [INFO] - âœ… Router de workflows importado
2025-08-12 22:11:07,456 - app - [INFO] - âœ… Rotas de agents incluÃ­das em /api/agents
2025-08-12 22:11:07,494 - app - [INFO] - âœ… Rotas de workflows incluÃ­das em /api
2025-08-12 22:11:07,516 - app - [INFO] - âœ… Rotas do Agno Framework incluÃ­das
2025-08-12 22:11:07,518 - app - [INFO] - ğŸš€============================================================
2025-08-12 22:11:07,519 - app - [INFO] - ğŸš€ INICIANDO AGNO PLATFORM v4.5.1
2025-08-12 22:11:07,519 - app - [INFO] - ğŸš€============================================================
2025-08-12 22:11:07,520 - app - [INFO] - ğŸ”‘ VariÃ¡veis configuradas: 3/3
2025-08-12 22:11:07,616 - app - [INFO] - âœ… Banco de dados conectado
2025-08-12 22:11:07,617 - app - [INFO] - ğŸ‰ Sistema totalmente operacional!
2025-08-12 22:11:07,620 - app - [INFO] - â±ï¸ InicializaÃ§Ã£o completada em 0.10s
2025-08-12 22:11:07,622 - app - [INFO] - ğŸš€============================================================
2025-08-12 22:11:27,427 - app - [WARNING] - ğŸŒ GET /api/workflows - 500 - 0.045s
2025-08-12 22:11:27,449 - app - [INFO] - ğŸ“‹ Listados 8 agentes (total: 8) para usuÃ¡rio 1
2025-08-12 22:11:27,453 - app - [WARNING] - ğŸŒ GET /api/workflows - 500 - 0.005s
2025-08-12 22:11:27,475 - app - [INFO] - ğŸ“‹ Listados 8 agentes (total: 8) para usuÃ¡rio 1
2025-08-13 00:54:59,109 - app - [INFO] - ğŸ›‘ Encerrando Agno Platform...
2025-08-13 00:54:59,448 - app - [INFO] - âœ… ConexÃµes fechadas com sucesso
2025-08-13 00:55:13,089 - app - [INFO] - ğŸ—„ï¸ Conectando ao banco: postgres:5432/agno_db
2025-08-13 00:55:21,291 - app - [INFO] - âœ… Agno framework disponÃ­vel
2025-08-13 00:55:21,337 - app - [INFO] - âœ… Rotas do Agno importadas
2025-08-13 00:55:21,453 - app - [INFO] - âœ… Router de agents importado
2025-08-13 00:55:21,489 - app - [INFO] - âœ… Router de workflows importado
2025-08-13 00:55:21,501 - app - [INFO] - âœ… Rotas de agents incluÃ­das em /api/agents
2025-08-13 00:55:21,518 - app - [INFO] - âœ… Rotas de workflows incluÃ­das em /api
2025-08-13 00:55:21,525 - app - [INFO] - âœ… Rotas do Agno Framework incluÃ­das
2025-08-13 00:55:21,528 - app - [INFO] - ğŸš€============================================================
2025-08-13 00:55:21,529 - app - [INFO] - ğŸš€ INICIANDO AGNO PLATFORM v4.5.1
2025-08-13 00:55:21,529 - app - [INFO] - ğŸš€============================================================
2025-08-13 00:55:21,530 - app - [INFO] - ğŸ”‘ VariÃ¡veis configuradas: 3/3
2025-08-13 00:55:21,614 - app - [INFO] - âœ… Banco de dados conectado
2025-08-13 00:55:21,615 - app - [INFO] - ğŸ‰ Sistema totalmente operacional!
2025-08-13 00:55:21,615 - app - [INFO] - â±ï¸ InicializaÃ§Ã£o completada em 0.09s
2025-08-13 00:55:21,616 - app - [INFO] - ğŸš€============================================================
2025-08-13 00:55:31,491 - app - [INFO] - ğŸ—„ï¸ Conectando ao banco: postgres:5432/agno_db
2025-08-13 00:55:34,547 - app - [INFO] - âœ… Agno framework disponÃ­vel
2025-08-13 00:55:34,587 - app - [INFO] - âœ… Rotas do Agno importadas
2025-08-13 00:55:34,699 - app - [INFO] - âœ… Router de agents importado
2025-08-13 00:55:34,739 - app - [INFO] - âœ… Router de workflows importado
2025-08-13 00:55:34,749 - app - [INFO] - âœ… Rotas de agents incluÃ­das em /api/agents
2025-08-13 00:55:34,767 - app - [INFO] - âœ… Rotas de workflows incluÃ­das em /api
2025-08-13 00:55:34,776 - app - [INFO] - âœ… Rotas do Agno Framework incluÃ­das
2025-08-13 00:55:34,783 - app - [INFO] - ğŸš€============================================================
2025-08-13 00:55:34,783 - app - [INFO] - ğŸš€ INICIANDO AGNO PLATFORM v4.5.1
2025-08-13 00:55:34,784 - app - [INFO] - ğŸš€============================================================
2025-08-13 00:55:34,786 - app - [INFO] - ğŸ”‘ VariÃ¡veis configuradas: 3/3
2025-08-13 00:55:34,901 - app - [INFO] - âœ… Banco de dados conectado
2025-08-13 00:55:34,901 - app - [INFO] - ğŸ‰ Sistema totalmente operacional!
2025-08-13 00:55:34,901 - app - [INFO] - â±ï¸ InicializaÃ§Ã£o completada em 0.12s
2025-08-13 00:55:34,902 - app - [INFO] - ğŸš€============================================================
2025-08-13 00:56:00,866 - app - [INFO] - ğŸ“‹ Listados 8 agentes (total: 8) para usuÃ¡rio 1
2025-08-13 00:56:00,875 - app - [INFO] - ğŸ“‹ Listados 8 agentes (total: 8) para usuÃ¡rio 1
2025-08-13 00:56:10,856 - app - [INFO] - ğŸ“‹ Listados 8 agentes (total: 8) para usuÃ¡rio 1
2025-08-13 00:56:10,866 - app - [INFO] - ğŸ“‹ Listados 8 agentes (total: 8) para usuÃ¡rio 1
2025-08-13 00:56:29,564 - app - [INFO] - ğŸ›‘ Encerrando Agno Platform...
2025-08-13 00:56:29,576 - app - [INFO] - âœ… ConexÃµes fechadas com sucesso
2025-08-13 01:05:27,220 - app - [INFO] - ğŸ—„ï¸ Conectando ao banco: postgres:5432/agno_db
2025-08-13 01:05:31,381 - app - [INFO] - âœ… Agno framework disponÃ­vel
2025-08-13 01:05:31,421 - app - [INFO] - âœ… Rotas do Agno importadas
2025-08-13 01:05:31,569 - app - [INFO] - âœ… Router de agents importado
2025-08-13 01:05:31,601 - app - [INFO] - âœ… Router de workflows importado
2025-08-13 01:05:31,611 - app - [INFO] - âœ… Rotas de agents incluÃ­das em /api/agents
2025-08-13 01:05:31,624 - app - [INFO] - âœ… Rotas de workflows incluÃ­das em /api
2025-08-13 01:05:31,635 - app - [INFO] - âœ… Rotas do Agno Framework incluÃ­das
2025-08-13 01:05:31,637 - app - [INFO] - ğŸš€============================================================
2025-08-13 01:05:31,637 - app - [INFO] - ğŸš€ INICIANDO AGNO PLATFORM v4.5.1
2025-08-13 01:05:31,638 - app - [INFO] - ğŸš€============================================================
2025-08-13 01:05:31,638 - app - [INFO] - ğŸ”‘ VariÃ¡veis configuradas: 3/3
2025-08-13 01:05:31,703 - app - [INFO] - âœ… Banco de dados conectado
2025-08-13 01:05:31,703 - app - [INFO] - ğŸ‰ Sistema totalmente operacional!
2025-08-13 01:05:31,704 - app - [INFO] - â±ï¸ InicializaÃ§Ã£o completada em 0.07s
2025-08-13 01:05:31,705 - app - [INFO] - ğŸš€============================================================
2025-08-13 01:05:51,872 - app - [INFO] - ğŸ“‹ Listados 8 agentes (total: 8) para usuÃ¡rio 1
2025-08-13 01:05:51,882 - app - [INFO] - ğŸ“‹ Listados 8 agentes (total: 8) para usuÃ¡rio 1
2025-08-13 01:05:57,520 - app - [INFO] - ğŸ›‘ Encerrando Agno Platform...
2025-08-13 01:05:57,526 - app - [INFO] - âœ… ConexÃµes fechadas com sucesso
2025-08-13 03:21:03,330 - app - [INFO] - ğŸ—„ï¸ Conectando ao banco: postgres:5432/agno_db
2025-08-13 03:21:11,188 - app - [INFO] - âœ… Agno framework disponÃ­vel
2025-08-13 03:21:11,232 - app - [INFO] - âœ… Rotas do Agno importadas
2025-08-13 03:21:11,342 - app - [INFO] - âœ… Router de agents importado
2025-08-13 03:21:11,380 - app - [INFO] - âœ… Router de workflows importado
2025-08-13 03:21:11,390 - app - [INFO] - âœ… Rotas de agents incluÃ­das em /api/agents
2025-08-13 03:21:11,408 - app - [INFO] - âœ… Rotas de workflows incluÃ­das em /api
2025-08-13 03:21:11,412 - app - [INFO] - âœ… Rotas do Agno Framework incluÃ­das
2025-08-13 03:21:11,413 - app - [INFO] - ğŸš€============================================================
2025-08-13 03:21:11,414 - app - [INFO] - ğŸš€ INICIANDO AGNO PLATFORM v4.5.1
2025-08-13 03:21:11,414 - app - [INFO] - ğŸš€============================================================
2025-08-13 03:21:11,415 - app - [INFO] - ğŸ”‘ VariÃ¡veis configuradas: 3/3
2025-08-13 03:21:11,516 - app - [INFO] - âœ… Banco de dados conectado
2025-08-13 03:21:11,516 - app - [INFO] - ğŸ‰ Sistema totalmente operacional!
2025-08-13 03:21:11,517 - app - [INFO] - â±ï¸ InicializaÃ§Ã£o completada em 0.10s
2025-08-13 03:21:11,517 - app - [INFO] - ğŸš€============================================================
2025-08-13 03:22:06,434 - app - [INFO] - ğŸ“‹ Listados 8 agentes (total: 8) para usuÃ¡rio 1
2025-08-13 03:22:06,449 - app - [INFO] - ğŸ“‹ Listados 8 agentes (total: 8) para usuÃ¡rio 1
2025-08-13 03:25:55,652 - app - [INFO] - ğŸ›‘ Encerrando Agno Platform...
2025-08-13 03:25:55,658 - app - [INFO] - âœ… ConexÃµes fechadas com sucesso
2025-08-13 05:01:11,950 - app - [INFO] - ğŸ—„ï¸ Conectando ao banco: postgres:5432/agno_db
2025-08-13 05:01:15,176 - app - [INFO] - âœ… Agno framework disponÃ­vel
2025-08-13 05:01:15,208 - app - [INFO] - âœ… Rotas do Agno importadas
2025-08-13 05:01:15,305 - app - [INFO] - âœ… Router de agents importado
2025-08-13 05:01:15,336 - app - [INFO] - âœ… Router de workflows importado
2025-08-13 05:01:15,346 - app - [INFO] - âœ… Rotas de agents incluÃ­das em /api/agents
2025-08-13 05:01:15,359 - app - [INFO] - âœ… Rotas de workflows incluÃ­das em /api
2025-08-13 05:01:15,364 - app - [INFO] - âœ… Rotas do Agno Framework incluÃ­das
2025-08-13 05:01:15,366 - app - [INFO] - ğŸš€============================================================
2025-08-13 05:01:15,366 - app - [INFO] - ğŸš€ INICIANDO AGNO PLATFORM v4.5.1
2025-08-13 05:01:15,366 - app - [INFO] - ğŸš€============================================================
2025-08-13 05:01:15,367 - app - [INFO] - ğŸ”‘ VariÃ¡veis configuradas: 3/3
2025-08-13 05:01:15,454 - app - [INFO] - âœ… Banco de dados conectado
2025-08-13 05:01:15,454 - app - [INFO] - ğŸ‰ Sistema totalmente operacional!
2025-08-13 05:01:15,455 - app - [INFO] - â±ï¸ InicializaÃ§Ã£o completada em 0.09s
2025-08-13 05:01:15,455 - app - [INFO] - ğŸš€============================================================
2025-08-13 05:01:54,737 - app - [INFO] - ğŸ“‹ Listados 8 agentes (total: 8) para usuÃ¡rio 1
2025-08-13 05:01:54,761 - app - [INFO] - ğŸ“‹ Listados 8 agentes (total: 8) para usuÃ¡rio 1
2025-08-13 05:02:07,513 - app - [INFO] - ğŸ“‹ Listados 8 agentes (total: 8) para usuÃ¡rio 1
2025-08-13 05:02:07,522 - app - [INFO] - ğŸ“‹ Listados 8 agentes (total: 8) para usuÃ¡rio 1
2025-08-13 05:07:10,894 - app - [INFO] - ğŸ›‘ Encerrando Agno Platform...
2025-08-13 05:07:10,903 - app - [INFO] - âœ… ConexÃµes fechadas com sucesso
2025-08-13 16:50:22,535 - app - [INFO] - ğŸ—„ï¸ Conectando ao banco: postgres:5432/agno_db
2025-08-13 16:50:27,609 - app - [INFO] - âœ… Agno framework disponÃ­vel
2025-08-13 16:50:27,683 - app - [INFO] - âœ… Rotas do Agno importadas
2025-08-13 16:50:27,851 - app - [INFO] - âœ… Router de agents importado
2025-08-13 16:50:27,905 - app - [INFO] - âœ… Router de workflows importado
2025-08-13 16:50:27,916 - app - [INFO] - âœ… Rotas de agents incluÃ­das em /api/agents
2025-08-13 16:50:27,930 - app - [INFO] - âœ… Rotas de workflows incluÃ­das em /api
2025-08-13 16:50:27,934 - app - [INFO] - âœ… Rotas do Agno Framework incluÃ­das
2025-08-13 16:50:27,935 - app - [INFO] - ğŸš€============================================================
2025-08-13 16:50:27,936 - app - [INFO] - ğŸš€ INICIANDO AGNO PLATFORM v4.5.1
2025-08-13 16:50:27,936 - app - [INFO] - ğŸš€============================================================
2025-08-13 16:50:27,936 - app - [INFO] - ğŸ”‘ VariÃ¡veis configuradas: 3/3
2025-08-13 16:50:28,025 - app - [INFO] - âœ… Banco de dados conectado
2025-08-13 16:50:28,025 - app - [INFO] - ğŸ‰ Sistema totalmente operacional!
2025-08-13 16:50:28,025 - app - [INFO] - â±ï¸ InicializaÃ§Ã£o completada em 0.09s
2025-08-13 16:50:28,026 - app - [INFO] - ğŸš€============================================================
2025-08-13 16:57:21,250 - app - [INFO] - ğŸ›‘ Encerrando Agno Platform...
2025-08-13 16:57:21,255 - app - [INFO] - âœ… ConexÃµes fechadas com sucesso
2025-08-13 18:34:17,354 - app - [INFO] - ğŸ—„ï¸ Conectando ao banco: postgres:5432/agno_db
2025-08-13 18:34:21,571 - app - [INFO] - âœ… Agno framework disponÃ­vel
2025-08-13 18:34:21,621 - app - [INFO] - âœ… Rotas do Agno importadas
2025-08-13 18:34:21,797 - app - [INFO] - âœ… Router de agents importado
2025-08-13 18:34:21,844 - app - [INFO] - âœ… Router de workflows importado
2025-08-13 18:34:21,862 - app - [INFO] - âœ… Rotas de agents incluÃ­das em /api/agents
2025-08-13 18:34:21,896 - app - [INFO] - âœ… Rotas de workflows incluÃ­das em /api
2025-08-13 18:34:21,906 - app - [INFO] - âœ… Rotas do Agno Framework incluÃ­das
2025-08-13 18:34:21,909 - app - [INFO] - ğŸš€============================================================
2025-08-13 18:34:21,909 - app - [INFO] - ğŸš€ INICIANDO AGNO PLATFORM v4.5.1
2025-08-13 18:34:21,910 - app - [INFO] - ğŸš€============================================================
2025-08-13 18:34:21,911 - app - [INFO] - ğŸ”‘ VariÃ¡veis configuradas: 3/3
2025-08-13 18:34:22,012 - app - [INFO] - âœ… Banco de dados conectado
2025-08-13 18:34:22,012 - app - [INFO] - ğŸ‰ Sistema totalmente operacional!
2025-08-13 18:34:22,017 - app - [INFO] - â±ï¸ InicializaÃ§Ã£o completada em 0.11s
2025-08-13 18:34:22,018 - app - [INFO] - ğŸš€============================================================
2025-08-13 19:15:59,270 - app - [INFO] - ğŸ›‘ Encerrando Agno Platform...
2025-08-13 19:15:59,399 - app - [INFO] - âœ… ConexÃµes fechadas com sucesso
2025-08-13 19:16:04,188 - app - [INFO] - ğŸ—„ï¸ Conectando ao banco: postgres:5432/agno_db
2025-08-13 19:16:20,291 - app - [INFO] - âœ… Agno framework disponÃ­vel
2025-08-13 19:16:20,391 - app - [INFO] - âœ… Rotas do Agno importadas
2025-08-13 19:16:20,730 - app - [INFO] - âœ… Router de agents importado
2025-08-13 19:16:20,803 - app - [INFO] - âœ… Router de workflows importado
2025-08-13 19:16:20,831 - app - [INFO] - âœ… Rotas de agents incluÃ­das em /api/agents
2025-08-13 19:16:20,865 - app - [INFO] - âœ… Rotas de workflows incluÃ­das em /api
2025-08-13 19:16:20,874 - app - [INFO] - âœ… Rotas do Agno Framework incluÃ­das
2025-08-13 19:16:20,876 - app - [INFO] - ğŸš€============================================================
2025-08-13 19:16:20,878 - app - [INFO] - ğŸš€ INICIANDO AGNO PLATFORM v4.5.1
2025-08-13 19:16:20,880 - app - [INFO] - ğŸš€============================================================
2025-08-13 19:16:20,881 - app - [INFO] - ğŸ”‘ VariÃ¡veis configuradas: 3/3
2025-08-13 19:16:20,974 - app - [INFO] - âœ… Banco de dados conectado
2025-08-13 19:16:20,975 - app - [INFO] - ğŸ‰ Sistema totalmente operacional!
2025-08-13 19:16:20,976 - app - [INFO] - â±ï¸ InicializaÃ§Ã£o completada em 0.10s
2025-08-13 19:16:20,977 - app - [INFO] - ğŸš€============================================================
2025-08-13 19:16:23,675 - app - [INFO] - ğŸ—„ï¸ Conectando ao banco: postgres:5432/agno_db
2025-08-13 19:16:28,680 - app - [INFO] - âœ… Agno framework disponÃ­vel
2025-08-13 19:16:28,797 - app - [INFO] - âœ… Rotas do Agno importadas
2025-08-13 19:16:29,269 - app - [INFO] - âœ… Router de agents importado
2025-08-13 19:16:29,354 - app - [INFO] - âœ… Router de workflows importado
2025-08-13 19:16:29,384 - app - [INFO] - âœ… Rotas de agents incluÃ­das em /api/agents
2025-08-13 19:16:29,429 - app - [INFO] - âœ… Rotas de workflows incluÃ­das em /api
2025-08-13 19:16:29,450 - app - [INFO] - âœ… Rotas do Agno Framework incluÃ­das
2025-08-13 19:16:29,452 - app - [INFO] - ğŸš€============================================================
2025-08-13 19:16:29,452 - app - [INFO] - ğŸš€ INICIANDO AGNO PLATFORM v4.5.1
2025-08-13 19:16:29,454 - app - [INFO] - ğŸš€============================================================
2025-08-13 19:16:29,456 - app - [INFO] - ğŸ”‘ VariÃ¡veis configuradas: 3/3
2025-08-13 19:16:29,577 - app - [INFO] - âœ… Banco de dados conectado
2025-08-13 19:16:29,587 - app - [INFO] - ğŸ‰ Sistema totalmente operacional!
2025-08-13 19:16:29,592 - app - [INFO] - â±ï¸ InicializaÃ§Ã£o completada em 0.14s
2025-08-13 19:16:29,597 - app - [INFO] - ğŸš€============================================================
2025-08-14 02:13:17,865 - app - [INFO] - ğŸ›‘ Encerrando Agno Platform...
2025-08-14 02:13:19,813 - app - [INFO] - âœ… ConexÃµes fechadas com sucesso
2025-08-14 17:07:59,946 - app - [INFO] - ğŸ—„ï¸ Conectando ao banco: postgres:5432/agno_db
2025-08-14 17:08:04,064 - app - [INFO] - âœ… Agno framework disponÃ­vel
2025-08-14 17:08:04,145 - app - [INFO] - âœ… Rotas do Agno importadas
2025-08-14 17:08:04,338 - app - [INFO] - âœ… Router de agents importado
2025-08-14 17:08:04,398 - app - [INFO] - âœ… Router de workflows importado
2025-08-14 17:08:04,406 - app - [INFO] - âœ… Rotas de agents incluÃ­das em /api/agents
2025-08-14 17:08:04,417 - app - [INFO] - âœ… Rotas de workflows incluÃ­das em /api
2025-08-14 17:08:04,422 - app - [INFO] - âœ… Rotas do Agno Framework incluÃ­das
2025-08-14 17:08:04,424 - app - [INFO] - ğŸš€============================================================
2025-08-14 17:08:04,424 - app - [INFO] - ğŸš€ INICIANDO AGNO PLATFORM v4.5.1
2025-08-14 17:08:04,425 - app - [INFO] - ğŸš€============================================================
2025-08-14 17:08:04,425 - app - [INFO] - ğŸ”‘ VariÃ¡veis configuradas: 3/3
2025-08-14 17:08:04,497 - app - [INFO] - âœ… Banco de dados conectado
2025-08-14 17:08:04,498 - app - [INFO] - ğŸ‰ Sistema totalmente operacional!
2025-08-14 17:08:04,498 - app - [INFO] - â±ï¸ InicializaÃ§Ã£o completada em 0.07s
2025-08-14 17:08:04,498 - app - [INFO] - ğŸš€============================================================
2025-08-14 17:08:12,526 - app - [INFO] - ğŸ›‘ Encerrando Agno Platform...
2025-08-14 17:08:12,533 - app - [INFO] - âœ… ConexÃµes fechadas com sucesso
2025-08-14 17:08:18,631 - app - [INFO] - ğŸ—„ï¸ Conectando ao banco: postgres:5432/agno_db
2025-08-14 17:08:22,437 - app - [INFO] - âœ… Agno framework disponÃ­vel
2025-08-14 17:08:22,471 - app - [INFO] - âœ… Rotas do Agno importadas
2025-08-14 17:08:22,564 - app - [INFO] - âœ… Router de agents importado
2025-08-14 17:08:22,588 - app - [INFO] - âœ… Router de workflows importado
2025-08-14 17:08:22,596 - app - [INFO] - âœ… Rotas de agents incluÃ­das em /api/agents
2025-08-14 17:08:22,606 - app - [INFO] - âœ… Rotas de workflows incluÃ­das em /api
2025-08-14 17:08:22,611 - app - [INFO] - âœ… Rotas do Agno Framework incluÃ­das
2025-08-14 17:08:22,612 - app - [INFO] - ğŸš€============================================================
2025-08-14 17:08:22,613 - app - [INFO] - ğŸš€ INICIANDO AGNO PLATFORM v4.5.1
2025-08-14 17:08:22,613 - app - [INFO] - ğŸš€============================================================
2025-08-14 17:08:22,613 - app - [INFO] - ğŸ”‘ VariÃ¡veis configuradas: 3/3
2025-08-14 17:08:22,657 - app - [INFO] - âœ… Banco de dados conectado
2025-08-14 17:08:22,658 - app - [INFO] - ğŸ‰ Sistema totalmente operacional!
2025-08-14 17:08:22,658 - app - [INFO] - â±ï¸ InicializaÃ§Ã£o completada em 0.05s
2025-08-14 17:08:22,658 - app - [INFO] - ğŸš€============================================================
2025-08-14 17:13:36,473 - app - [INFO] - ğŸ›‘ Encerrando Agno Platform...
2025-08-14 17:13:36,477 - app - [INFO] - âœ… ConexÃµes fechadas com sucesso
2025-08-14 17:15:46,594 - app - [INFO] - ğŸ—„ï¸ Conectando ao banco: postgres:5432/agno_db
2025-08-14 17:15:55,164 - app - [INFO] - âœ… Agno framework disponÃ­vel
2025-08-14 17:15:55,193 - app - [INFO] - âœ… Rotas do Agno importadas
2025-08-14 17:16:48,539 - app - [INFO] - ğŸ—„ï¸ Conectando ao banco: postgres:5432/agno_db
2025-08-14 17:16:50,409 - app - [INFO] - âœ… Agno framework disponÃ­vel
2025-08-14 17:16:50,444 - app - [INFO] - âœ… Rotas do Agno importadas
2025-08-14 17:16:50,557 - app - [INFO] - âœ… Router de agents importado
2025-08-14 17:16:50,588 - app - [INFO] - âœ… Router de workflows importado
2025-08-14 17:16:50,598 - app - [INFO] - âœ… Rotas de agents incluÃ­das em /api/agents
2025-08-14 17:16:50,608 - app - [INFO] - âœ… Rotas de workflows incluÃ­das em /api
2025-08-14 17:16:50,614 - app - [INFO] - âœ… Rotas do Agno Framework incluÃ­das
2025-08-14 17:16:50,615 - app - [INFO] - ğŸš€============================================================
2025-08-14 17:16:50,616 - app - [INFO] - ğŸš€ INICIANDO AGNO PLATFORM v4.5.1
2025-08-14 17:16:50,616 - app - [INFO] - ğŸš€============================================================
2025-08-14 17:16:50,617 - app - [INFO] - ğŸ”‘ VariÃ¡veis configuradas: 3/3
2025-08-14 17:16:50,666 - app - [INFO] - âœ… Banco de dados conectado
2025-08-14 17:16:50,666 - app - [INFO] - ğŸ‰ Sistema totalmente operacional!
2025-08-14 17:16:50,667 - app - [INFO] - â±ï¸ InicializaÃ§Ã£o completada em 0.05s
2025-08-14 17:16:50,667 - app - [INFO] - ğŸš€============================================================
2025-08-14 17:16:58,945 - app - [INFO] - ğŸ—„ï¸ Conectando ao banco: postgres:5432/agno_db
2025-08-14 17:17:00,917 - app - [INFO] - âœ… Agno framework disponÃ­vel
2025-08-14 17:17:00,947 - app - [INFO] - âœ… Rotas do Agno importadas
2025-08-14 17:17:01,060 - app - [INFO] - âœ… Router de agents importado
2025-08-14 17:17:01,093 - app - [INFO] - âœ… Router de workflows importado
2025-08-14 17:17:01,101 - app - [INFO] - âœ… Rotas de agents incluÃ­das em /api/agents
2025-08-14 17:17:01,111 - app - [INFO] - âœ… Rotas de workflows incluÃ­das em /api
2025-08-14 17:17:01,116 - app - [INFO] - âœ… Rotas do Agno Framework incluÃ­das
2025-08-14 17:17:01,117 - app - [INFO] - ğŸš€============================================================
2025-08-14 17:17:01,117 - app - [INFO] - ğŸš€ INICIANDO AGNO PLATFORM v4.5.1
2025-08-14 17:17:01,118 - app - [INFO] - ğŸš€============================================================
2025-08-14 17:17:01,118 - app - [INFO] - ğŸ”‘ VariÃ¡veis configuradas: 3/3
2025-08-14 17:17:01,170 - app - [INFO] - âœ… Banco de dados conectado
2025-08-14 17:17:01,170 - app - [INFO] - ğŸ‰ Sistema totalmente operacional!
2025-08-14 17:17:01,171 - app - [INFO] - â±ï¸ InicializaÃ§Ã£o completada em 0.05s
2025-08-14 17:17:01,171 - app - [INFO] - ğŸš€============================================================
2025-08-14 17:32:07,482 - app - [INFO] - ğŸ›‘ Encerrando Agno Platform...
2025-08-14 17:32:07,489 - app - [INFO] - âœ… ConexÃµes fechadas com sucesso
2025-08-14 17:32:40,475 - app - [INFO] - ğŸ—„ï¸ Conectando ao banco: postgres:5432/agno_db
2025-08-14 17:32:44,456 - app - [INFO] - âœ… Agno framework disponÃ­vel
2025-08-14 17:32:44,494 - app - [INFO] - âœ… Rotas do Agno importadas
2025-08-14 17:32:44,645 - app - [INFO] - âœ… Router de agents importado
2025-08-14 17:32:44,681 - app - [INFO] - âœ… Router de workflows importado
2025-08-14 17:32:44,702 - app - [INFO] - âœ… Rotas de agents incluÃ­das em /api/agents
2025-08-14 17:32:44,730 - app - [INFO] - âœ… Rotas de workflows incluÃ­das em /api
2025-08-14 17:32:44,738 - app - [INFO] - âœ… Rotas do Agno Framework incluÃ­das
2025-08-14 17:32:44,740 - app - [INFO] - ğŸš€============================================================
2025-08-14 17:32:44,741 - app - [INFO] - ğŸš€ INICIANDO AGNO PLATFORM v4.5.1
2025-08-14 17:32:44,741 - app - [INFO] - ğŸš€============================================================
2025-08-14 17:32:44,742 - app - [INFO] - ğŸ”‘ VariÃ¡veis configuradas: 3/3
2025-08-14 17:32:44,841 - app - [INFO] - âœ… Banco de dados conectado
2025-08-14 17:32:44,841 - app - [INFO] - ğŸ‰ Sistema totalmente operacional!
2025-08-14 17:32:44,841 - app - [INFO] - â±ï¸ InicializaÃ§Ã£o completada em 0.10s
2025-08-14 17:32:44,842 - app - [INFO] - ğŸš€============================================================
2025-08-14 17:36:55,110 - app - [ERROR] - âŒ Erro ao listar teams: (sqlalchemy.dialects.postgresql.asyncpg.ProgrammingError) <class 'asyncpg.exceptions.UndefinedColumnError'>: column ta.is_active does not exist
HINT:  Perhaps you meant to reference the column "t.is_active".
[SQL: 
            SELECT t.id, t.name, t.description, t.team_type, t.is_active,
                   t.created_at, t.updated_at, t.team_configuration,
                   COUNT(ta.agent_id) as agent_count,
                   s.name as supervisor_name
            FROM agno_teams t
            LEFT JOIN agno_team_agents ta ON t.id = ta.team_id AND ta.is_active = true
            LEFT JOIN agno_agents s ON t.supervisor_agent_id = s.id
            WHERE t.user_id = $1 AND t.is_active = true
            GROUP BY t.id, s.name
            ORDER BY t.updated_at DESC
            LIMIT $2 OFFSET $3
        ]
[parameters: (1, 50, 0)]
(Background on this error at: https://sqlalche.me/e/20/f405)
2025-08-14 17:36:55,111 - app - [ERROR] - Erro na sessÃ£o do banco: 500: Erro ao listar teams: (sqlalchemy.dialects.postgresql.asyncpg.ProgrammingError) <class 'asyncpg.exceptions.UndefinedColumnError'>: column ta.is_active does not exist
HINT:  Perhaps you meant to reference the column "t.is_active".
[SQL: 
            SELECT t.id, t.name, t.description, t.team_type, t.is_active,
                   t.created_at, t.updated_at, t.team_configuration,
                   COUNT(ta.agent_id) as agent_count,
                   s.name as supervisor_name
            FROM agno_teams t
            LEFT JOIN agno_team_agents ta ON t.id = ta.team_id AND ta.is_active = true
            LEFT JOIN agno_agents s ON t.supervisor_agent_id = s.id
            WHERE t.user_id = $1 AND t.is_active = true
            GROUP BY t.id, s.name
            ORDER BY t.updated_at DESC
            LIMIT $2 OFFSET $3
        ]
[parameters: (1, 50, 0)]
(Background on this error at: https://sqlalche.me/e/20/f405)
2025-08-14 17:36:55,113 - app - [WARNING] - ğŸŒ GET /api/teams - 500 - 0.057s
2025-08-14 17:36:55,122 - app - [ERROR] - âŒ Erro ao listar teams: (sqlalchemy.dialects.postgresql.asyncpg.ProgrammingError) <class 'asyncpg.exceptions.UndefinedColumnError'>: column ta.is_active does not exist
HINT:  Perhaps you meant to reference the column "t.is_active".
[SQL: 
            SELECT t.id, t.name, t.description, t.team_type, t.is_active,
                   t.created_at, t.updated_at, t.team_configuration,
                   COUNT(ta.agent_id) as agent_count,
                   s.name as supervisor_name
            FROM agno_teams t
            LEFT JOIN agno_team_agents ta ON t.id = ta.team_id AND ta.is_active = true
            LEFT JOIN agno_agents s ON t.supervisor_agent_id = s.id
            WHERE t.user_id = $1 AND t.is_active = true
            GROUP BY t.id, s.name
            ORDER BY t.updated_at DESC
            LIMIT $2 OFFSET $3
        ]
[parameters: (1, 50, 0)]
(Background on this error at: https://sqlalche.me/e/20/f405)
2025-08-14 17:36:55,124 - app - [ERROR] - Erro na sessÃ£o do banco: 500: Erro ao listar teams: (sqlalchemy.dialects.postgresql.asyncpg.ProgrammingError) <class 'asyncpg.exceptions.UndefinedColumnError'>: column ta.is_active does not exist
HINT:  Perhaps you meant to reference the column "t.is_active".
[SQL: 
            SELECT t.id, t.name, t.description, t.team_type, t.is_active,
                   t.created_at, t.updated_at, t.team_configuration,
                   COUNT(ta.agent_id) as agent_count,
                   s.name as supervisor_name
            FROM agno_teams t
            LEFT JOIN agno_team_agents ta ON t.id = ta.team_id AND ta.is_active = true
            LEFT JOIN agno_agents s ON t.supervisor_agent_id = s.id
            WHERE t.user_id = $1 AND t.is_active = true
            GROUP BY t.id, s.name
            ORDER BY t.updated_at DESC
            LIMIT $2 OFFSET $3
        ]
[parameters: (1, 50, 0)]
(Background on this error at: https://sqlalche.me/e/20/f405)
2025-08-14 17:36:55,125 - app - [WARNING] - ğŸŒ GET /api/teams - 500 - 0.006s
2025-08-14 17:36:55,148 - app - [INFO] - ğŸ“‹ Listados 8 agentes (total: 8) para usuÃ¡rio 1
2025-08-14 17:36:55,167 - app - [INFO] - ğŸ“‹ Listados 8 agentes (total: 8) para usuÃ¡rio 1
2025-08-14 17:37:05,852 - app - [INFO] - ğŸ›‘ Encerrando Agno Platform...
2025-08-14 17:37:05,861 - app - [INFO] - âœ… ConexÃµes fechadas com sucesso
2025-08-14 17:41:03,105 - app - [INFO] - ğŸ—„ï¸ Conectando ao banco: postgres:5432/agno_db
2025-08-14 17:41:05,321 - app - [INFO] - âœ… Agno framework disponÃ­vel
2025-08-14 17:41:05,349 - app - [INFO] - âœ… Rotas do Agno importadas
2025-08-14 17:41:05,468 - app - [INFO] - âœ… Router de agents importado
2025-08-14 17:41:05,499 - app - [INFO] - âœ… Router de workflows importado
2025-08-14 17:41:05,506 - app - [INFO] - âœ… Rotas de agents incluÃ­das em /api/agents
2025-08-14 17:41:05,516 - app - [INFO] - âœ… Rotas de workflows incluÃ­das em /api
2025-08-14 17:41:05,519 - app - [INFO] - âœ… Rotas do Agno Framework incluÃ­das
2025-08-14 17:41:05,521 - app - [INFO] - ğŸš€============================================================
2025-08-14 17:41:05,521 - app - [INFO] - ğŸš€ INICIANDO AGNO PLATFORM v4.5.1
2025-08-14 17:41:05,522 - app - [INFO] - ğŸš€============================================================
2025-08-14 17:41:05,522 - app - [INFO] - ğŸ”‘ VariÃ¡veis configuradas: 3/3
2025-08-14 17:41:05,566 - app - [INFO] - âœ… Banco de dados conectado
2025-08-14 17:41:05,566 - app - [INFO] - ğŸ‰ Sistema totalmente operacional!
2025-08-14 17:41:05,567 - app - [INFO] - â±ï¸ InicializaÃ§Ã£o completada em 0.05s
2025-08-14 17:41:05,567 - app - [INFO] - ğŸš€============================================================
2025-08-14 17:43:49,087 - app - [ERROR] - âŒ Erro ao listar teams: (sqlalchemy.dialects.postgresql.asyncpg.ProgrammingError) <class 'asyncpg.exceptions.UndefinedColumnError'>: column ta.is_active does not exist
HINT:  Perhaps you meant to reference the column "t.is_active".
[SQL: 
            SELECT t.id, t.name, t.description, t.team_type, t.is_active,
                   t.created_at, t.updated_at, t.team_configuration,
                   COUNT(ta.agent_id) as agent_count,
                   s.name as supervisor_name
            FROM agno_teams t
            LEFT JOIN agno_team_agents ta ON t.id = ta.team_id AND ta.is_active = true
            LEFT JOIN agno_agents s ON t.supervisor_agent_id = s.id
            WHERE t.user_id = $1 AND t.is_active = true
            GROUP BY t.id, s.name
            ORDER BY t.updated_at DESC
            LIMIT $2 OFFSET $3
        ]
[parameters: (1, 50, 0)]
(Background on this error at: https://sqlalche.me/e/20/f405)
2025-08-14 17:43:49,089 - app - [ERROR] - Erro na sessÃ£o do banco: 500: Erro ao listar teams: (sqlalchemy.dialects.postgresql.asyncpg.ProgrammingError) <class 'asyncpg.exceptions.UndefinedColumnError'>: column ta.is_active does not exist
HINT:  Perhaps you meant to reference the column "t.is_active".
[SQL: 
            SELECT t.id, t.name, t.description, t.team_type, t.is_active,
                   t.created_at, t.updated_at, t.team_configuration,
                   COUNT(ta.agent_id) as agent_count,
                   s.name as supervisor_name
            FROM agno_teams t
            LEFT JOIN agno_team_agents ta ON t.id = ta.team_id AND ta.is_active = true
            LEFT JOIN agno_agents s ON t.supervisor_agent_id = s.id
            WHERE t.user_id = $1 AND t.is_active = true
            GROUP BY t.id, s.name
            ORDER BY t.updated_at DESC
            LIMIT $2 OFFSET $3
        ]
[parameters: (1, 50, 0)]
(Background on this error at: https://sqlalche.me/e/20/f405)
2025-08-14 17:43:49,121 - app - [WARNING] - ğŸŒ GET /api/teams - 500 - 0.042s
2025-08-14 17:43:49,131 - app - [ERROR] - âŒ Erro ao listar teams: (sqlalchemy.dialects.postgresql.asyncpg.ProgrammingError) <class 'asyncpg.exceptions.UndefinedColumnError'>: column ta.is_active does not exist
HINT:  Perhaps you meant to reference the column "t.is_active".
[SQL: 
            SELECT t.id, t.name, t.description, t.team_type, t.is_active,
                   t.created_at, t.updated_at, t.team_configuration,
                   COUNT(ta.agent_id) as agent_count,
                   s.name as supervisor_name
            FROM agno_teams t
            LEFT JOIN agno_team_agents ta ON t.id = ta.team_id AND ta.is_active = true
            LEFT JOIN agno_agents s ON t.supervisor_agent_id = s.id
            WHERE t.user_id = $1 AND t.is_active = true
            GROUP BY t.id, s.name
            ORDER BY t.updated_at DESC
            LIMIT $2 OFFSET $3
        ]
[parameters: (1, 50, 0)]
(Background on this error at: https://sqlalche.me/e/20/f405)
2025-08-14 17:43:49,132 - app - [ERROR] - Erro na sessÃ£o do banco: 500: Erro ao listar teams: (sqlalchemy.dialects.postgresql.asyncpg.ProgrammingError) <class 'asyncpg.exceptions.UndefinedColumnError'>: column ta.is_active does not exist
HINT:  Perhaps you meant to reference the column "t.is_active".
[SQL: 
            SELECT t.id, t.name, t.description, t.team_type, t.is_active,
                   t.created_at, t.updated_at, t.team_configuration,
                   COUNT(ta.agent_id) as agent_count,
                   s.name as supervisor_name
            FROM agno_teams t
            LEFT JOIN agno_team_agents ta ON t.id = ta.team_id AND ta.is_active = true
            LEFT JOIN agno_agents s ON t.supervisor_agent_id = s.id
            WHERE t.user_id = $1 AND t.is_active = true
            GROUP BY t.id, s.name
            ORDER BY t.updated_at DESC
            LIMIT $2 OFFSET $3
        ]
[parameters: (1, 50, 0)]
(Background on this error at: https://sqlalche.me/e/20/f405)
2025-08-14 17:43:49,133 - app - [INFO] - ğŸ“‹ Listados 8 agentes (total: 8) para usuÃ¡rio 1
2025-08-14 17:43:49,134 - app - [WARNING] - ğŸŒ GET /api/teams - 500 - 0.008s
2025-08-14 17:43:49,145 - app - [INFO] - ğŸ“‹ Listados 8 agentes (total: 8) para usuÃ¡rio 1
2025-08-14 17:50:06,049 - app - [INFO] - ğŸ›‘ Encerrando Agno Platform...
2025-08-14 17:50:06,059 - app - [INFO] - âœ… ConexÃµes fechadas com sucesso
2025-08-14 17:50:08,273 - app - [INFO] - ğŸ—„ï¸ Conectando ao banco: postgres:5432/agno_db
2025-08-14 17:50:14,860 - app - [INFO] - âœ… Agno framework disponÃ­vel
2025-08-14 17:50:14,904 - app - [INFO] - âœ… Rotas do Agno importadas
2025-08-14 17:50:15,045 - app - [INFO] - âœ… Router de agents importado
2025-08-14 17:50:15,086 - app - [INFO] - âœ… Router de workflows importado
2025-08-14 17:50:15,098 - app - [INFO] - âœ… Rotas de agents incluÃ­das em /api/agents
2025-08-14 17:50:15,114 - app - [INFO] - âœ… Rotas de workflows incluÃ­das em /api
2025-08-14 17:50:15,124 - app - [INFO] - âœ… Rotas do Agno Framework incluÃ­das
2025-08-14 17:50:15,126 - app - [INFO] - ğŸš€============================================================
2025-08-14 17:50:15,127 - app - [INFO] - ğŸš€ INICIANDO AGNO PLATFORM v4.5.1
2025-08-14 17:50:15,128 - app - [INFO] - ğŸš€============================================================
2025-08-14 17:50:15,129 - app - [INFO] - ğŸ”‘ VariÃ¡veis configuradas: 3/3
2025-08-14 17:50:15,205 - app - [INFO] - âœ… Banco de dados conectado
2025-08-14 17:50:15,205 - app - [INFO] - ğŸ‰ Sistema totalmente operacional!
2025-08-14 17:50:15,206 - app - [INFO] - â±ï¸ InicializaÃ§Ã£o completada em 0.08s
2025-08-14 17:50:15,207 - app - [INFO] - ğŸš€============================================================
2025-08-14 17:50:17,284 - app - [INFO] - ğŸ—„ï¸ Conectando ao banco: postgres:5432/agno_db
2025-08-14 17:50:19,751 - app - [INFO] - âœ… Agno framework disponÃ­vel
2025-08-14 17:50:19,802 - app - [INFO] - âœ… Rotas do Agno importadas
2025-08-14 17:50:19,959 - app - [INFO] - âœ… Router de agents importado
2025-08-14 17:50:19,997 - app - [INFO] - âœ… Router de workflows importado
2025-08-14 17:50:20,008 - app - [INFO] - âœ… Rotas de agents incluÃ­das em /api/agents
2025-08-14 17:50:20,027 - app - [INFO] - âœ… Rotas de workflows incluÃ­das em /api
2025-08-14 17:50:20,038 - app - [INFO] - âœ… Rotas do Agno Framework incluÃ­das
2025-08-14 17:50:20,040 - app - [INFO] - ğŸš€============================================================
2025-08-14 17:50:20,041 - app - [INFO] - ğŸš€ INICIANDO AGNO PLATFORM v4.5.1
2025-08-14 17:50:20,042 - app - [INFO] - ğŸš€============================================================
2025-08-14 17:50:20,043 - app - [INFO] - ğŸ”‘ VariÃ¡veis configuradas: 3/3
2025-08-14 17:50:20,095 - app - [INFO] - âœ… Banco de dados conectado
2025-08-14 17:50:20,095 - app - [INFO] - ğŸ‰ Sistema totalmente operacional!
2025-08-14 17:50:20,097 - app - [INFO] - â±ï¸ InicializaÃ§Ã£o completada em 0.06s
2025-08-14 17:50:20,098 - app - [INFO] - ğŸš€============================================================
2025-08-14 18:03:38,087 - app - [INFO] - ğŸ›‘ Encerrando Agno Platform...
2025-08-14 18:03:38,093 - app - [INFO] - âœ… ConexÃµes fechadas com sucesso
2025-08-14 18:03:40,229 - app - [INFO] - ğŸ—„ï¸ Conectando ao banco: postgres:5432/agno_db
2025-08-14 18:03:44,641 - app - [INFO] - âœ… Agno framework disponÃ­vel
2025-08-14 18:03:44,678 - app - [INFO] - âœ… Rotas do Agno importadas
2025-08-14 18:03:44,777 - app - [INFO] - âœ… Router de agents importado
2025-08-14 18:03:44,802 - app - [INFO] - âœ… Router de workflows importado
2025-08-14 18:03:44,809 - app - [INFO] - âœ… Rotas de agents incluÃ­das em /api/agents
2025-08-14 18:03:44,819 - app - [INFO] - âœ… Rotas de workflows incluÃ­das em /api
2025-08-14 18:03:44,824 - app - [INFO] - âœ… Rotas do Agno Framework incluÃ­das
2025-08-14 18:03:44,825 - app - [INFO] - ğŸš€============================================================
2025-08-14 18:03:44,826 - app - [INFO] - ğŸš€ INICIANDO AGNO PLATFORM v4.5.1
2025-08-14 18:03:44,826 - app - [INFO] - ğŸš€============================================================
2025-08-14 18:03:44,827 - app - [INFO] - ğŸ”‘ VariÃ¡veis configuradas: 3/3
2025-08-14 18:03:44,870 - app - [INFO] - âœ… Banco de dados conectado
2025-08-14 18:03:44,871 - app - [INFO] - ğŸ‰ Sistema totalmente operacional!
2025-08-14 18:03:44,871 - app - [INFO] - â±ï¸ InicializaÃ§Ã£o completada em 0.05s
2025-08-14 18:03:44,871 - app - [INFO] - ğŸš€============================================================
2025-08-14 18:03:45,949 - app - [INFO] - ğŸ—„ï¸ Conectando ao banco: postgres:5432/agno_db
2025-08-14 18:03:47,725 - app - [INFO] - âœ… Agno framework disponÃ­vel
2025-08-14 18:03:47,755 - app - [INFO] - âœ… Rotas do Agno importadas
2025-08-14 18:03:47,846 - app - [INFO] - âœ… Router de agents importado
2025-08-14 18:03:47,869 - app - [INFO] - âœ… Router de workflows importado
2025-08-14 18:03:47,877 - app - [INFO] - âœ… Rotas de agents incluÃ­das em /api/agents
2025-08-14 18:03:47,889 - app - [INFO] - âœ… Rotas de workflows incluÃ­das em /api
2025-08-14 18:03:47,894 - app - [INFO] - âœ… Rotas do Agno Framework incluÃ­das
2025-08-14 18:03:47,896 - app - [INFO] - ğŸš€============================================================
2025-08-14 18:03:47,896 - app - [INFO] - ğŸš€ INICIANDO AGNO PLATFORM v4.5.1
2025-08-14 18:03:47,897 - app - [INFO] - ğŸš€============================================================
2025-08-14 18:03:47,897 - app - [INFO] - ğŸ”‘ VariÃ¡veis configuradas: 3/3
2025-08-14 18:03:47,940 - app - [INFO] - âœ… Banco de dados conectado
2025-08-14 18:03:47,940 - app - [INFO] - ğŸ‰ Sistema totalmente operacional!
2025-08-14 18:03:47,941 - app - [INFO] - â±ï¸ InicializaÃ§Ã£o completada em 0.05s
2025-08-14 18:03:47,941 - app - [INFO] - ğŸš€============================================================
2025-08-14 18:07:15,362 - app - [INFO] - ğŸ›‘ Encerrando Agno Platform...
2025-08-14 18:07:15,370 - app - [INFO] - âœ… ConexÃµes fechadas com sucesso
2025-08-14 18:07:17,330 - app - [INFO] - ğŸ—„ï¸ Conectando ao banco: postgres:5432/agno_db
2025-08-14 18:07:20,434 - app - [INFO] - âœ… Agno framework disponÃ­vel
2025-08-14 18:07:20,464 - app - [INFO] - âœ… Rotas do Agno importadas
2025-08-14 18:07:20,553 - app - [INFO] - âœ… Router de agents importado
2025-08-14 18:07:20,577 - app - [INFO] - âœ… Router de workflows importado
2025-08-14 18:07:20,584 - app - [INFO] - âœ… Rotas de agents incluÃ­das em /api/agents
2025-08-14 18:07:20,595 - app - [INFO] - âœ… Rotas de workflows incluÃ­das em /api
2025-08-14 18:07:20,599 - app - [INFO] - âœ… Rotas do Agno Framework incluÃ­das
2025-08-14 18:07:20,600 - app - [INFO] - ğŸš€============================================================
2025-08-14 18:07:20,601 - app - [INFO] - ğŸš€ INICIANDO AGNO PLATFORM v4.5.1
2025-08-14 18:07:20,601 - app - [INFO] - ğŸš€============================================================
2025-08-14 18:07:20,602 - app - [INFO] - ğŸ”‘ VariÃ¡veis configuradas: 3/3
2025-08-14 18:07:20,646 - app - [INFO] - âœ… Banco de dados conectado
2025-08-14 18:07:20,647 - app - [INFO] - ğŸ‰ Sistema totalmente operacional!
2025-08-14 18:07:20,648 - app - [INFO] - â±ï¸ InicializaÃ§Ã£o completada em 0.05s
2025-08-14 18:07:20,648 - app - [INFO] - ğŸš€============================================================
2025-08-14 18:07:30,079 - app - [INFO] - ğŸ›‘ Encerrando Agno Platform...
2025-08-14 18:07:30,082 - app - [INFO] - âœ… ConexÃµes fechadas com sucesso
2025-08-14 18:08:54,262 - app - [INFO] - ğŸ—„ï¸ Conectando ao banco: postgres:5432/agno_db
2025-08-14 18:09:02,565 - app - [INFO] - âœ… Agno framework disponÃ­vel
2025-08-14 18:09:02,616 - app - [INFO] - âœ… Rotas do Agno importadas
2025-08-14 18:09:02,759 - app - [INFO] - âœ… Router de agents importado
2025-08-14 18:09:02,796 - app - [INFO] - âœ… Router de workflows importado
2025-08-14 18:09:02,807 - app - [INFO] - âœ… Rotas de agents incluÃ­das em /api/agents
2025-08-14 18:09:02,825 - app - [INFO] - âœ… Rotas de workflows incluÃ­das em /api
2025-08-14 18:09:02,832 - app - [INFO] - âœ… Rotas do Agno Framework incluÃ­das
2025-08-14 18:09:02,833 - app - [INFO] - ğŸš€============================================================
2025-08-14 18:09:02,833 - app - [INFO] - ğŸš€ INICIANDO AGNO PLATFORM v4.5.1
2025-08-14 18:09:02,834 - app - [INFO] - ğŸš€============================================================
2025-08-14 18:09:02,834 - app - [INFO] - ğŸ”‘ VariÃ¡veis configuradas: 3/3
2025-08-14 18:09:02,928 - app - [INFO] - âœ… Banco de dados conectado
2025-08-14 18:09:02,928 - app - [INFO] - ğŸ‰ Sistema totalmente operacional!
2025-08-14 18:09:02,929 - app - [INFO] - â±ï¸ InicializaÃ§Ã£o completada em 0.10s
2025-08-14 18:09:02,929 - app - [INFO] - ğŸš€============================================================
2025-08-14 18:12:23,687 - app - [INFO] - ğŸ“‹ Listados 8 agentes (total: 8) para usuÃ¡rio 1
2025-08-14 18:12:23,693 - app - [INFO] - ğŸ“‹ Listados 3 teams para usuÃ¡rio 1
2025-08-14 18:12:23,716 - app - [INFO] - ğŸ“‹ Listados 8 agentes (total: 8) para usuÃ¡rio 1
2025-08-14 18:12:23,719 - app - [INFO] - ğŸ“‹ Listados 3 teams para usuÃ¡rio 1
2025-08-14 18:12:54,780 - app - [INFO] - ğŸ›‘ Encerrando Agno Platform...
2025-08-14 18:12:54,788 - app - [INFO] - âœ… ConexÃµes fechadas com sucesso
2025-08-14 18:17:46,771 - app - [INFO] - ğŸ—„ï¸ Conectando ao banco: postgres:5432/agno_db
2025-08-14 18:17:51,803 - app - [INFO] - âœ… Agno framework disponÃ­vel
2025-08-14 18:17:52,234 - app - [INFO] - âœ… Rotas do Agno importadas
2025-08-14 18:17:53,043 - app - [INFO] - âœ… Router de agents importado
2025-08-14 18:17:53,171 - app - [INFO] - âœ… Router de workflows importado
2025-08-14 18:17:53,194 - app - [INFO] - âœ… Rotas de agents incluÃ­das em /api/agents
2025-08-14 18:17:53,223 - app - [INFO] - âœ… Rotas de workflows incluÃ­das em /api
2025-08-14 18:17:53,240 - app - [INFO] - âœ… Rotas do Agno Framework incluÃ­das
2025-08-14 18:17:53,242 - app - [INFO] - ğŸš€============================================================
2025-08-14 18:17:53,245 - app - [INFO] - ğŸš€ INICIANDO AGNO PLATFORM v4.5.1
2025-08-14 18:17:53,246 - app - [INFO] - ğŸš€============================================================
2025-08-14 18:17:53,246 - app - [INFO] - ğŸ”‘ VariÃ¡veis configuradas: 3/3
2025-08-14 18:17:53,364 - app - [INFO] - âœ… Banco de dados conectado
2025-08-14 18:17:53,365 - app - [INFO] - ğŸ‰ Sistema totalmente operacional!
2025-08-14 18:17:53,365 - app - [INFO] - â±ï¸ InicializaÃ§Ã£o completada em 0.12s
2025-08-14 18:17:53,367 - app - [INFO] - ğŸš€============================================================
2025-08-14 18:47:10,503 - app - [INFO] - ğŸ›‘ Encerrando Agno Platform...
2025-08-14 18:47:10,526 - app - [INFO] - âœ… ConexÃµes fechadas com sucesso
2025-08-14 18:58:31,143 - app - [INFO] - ğŸ—„ï¸ Conectando ao banco: postgres:5432/agno_db
2025-08-14 18:58:33,812 - app - [INFO] - âœ… Agno framework disponÃ­vel
2025-08-14 18:58:33,849 - app - [INFO] - âœ… Rotas do Agno importadas
2025-08-14 18:58:33,969 - app - [INFO] - âœ… Router de agents importado
2025-08-14 18:58:33,998 - app - [INFO] - âœ… Router de workflows importado
2025-08-14 18:58:34,005 - app - [INFO] - âœ… Rotas de agents incluÃ­das em /api/agents
2025-08-14 18:58:34,016 - app - [INFO] - âœ… Rotas de workflows incluÃ­das em /api
2025-08-14 18:58:34,020 - app - [INFO] - âœ… Rotas do Agno Framework incluÃ­das
2025-08-14 18:58:34,022 - app - [INFO] - ğŸš€============================================================
2025-08-14 18:58:34,022 - app - [INFO] - ğŸš€ INICIANDO AGNO PLATFORM v4.5.1
2025-08-14 18:58:34,022 - app - [INFO] - ğŸš€============================================================
2025-08-14 18:58:34,023 - app - [INFO] - ğŸ”‘ VariÃ¡veis configuradas: 3/3
2025-08-14 18:58:34,169 - app - [INFO] - âœ… Banco de dados conectado
2025-08-14 18:58:34,170 - app - [INFO] - ğŸ‰ Sistema totalmente operacional!
2025-08-14 18:58:34,170 - app - [INFO] - â±ï¸ InicializaÃ§Ã£o completada em 0.15s
2025-08-14 18:58:34,170 - app - [INFO] - ğŸš€============================================================
2025-08-14 19:02:22,937 - app - [ERROR] - âŒ Erro interno [45820e08-ba52-43b7-bbe9-e1a4bf786b63]: Could not determine join condition between parent/child tables on relationship Agent.rag_index - there are multiple foreign key paths linking the tables.  Specify the 'foreign_keys' argument, providing a list of those columns which should be counted as containing a foreign key reference to the parent table.
2025-08-14 19:02:22,939 - app - [ERROR] - âŒ Path: GET /api/agents/
2025-08-14 19:02:22,983 - app - [ERROR] - âŒ Traceback: Traceback (most recent call last):
  File "/usr/local/lib/python3.11/site-packages/sqlalchemy/orm/relationships.py", line 2434, in _determine_joins
    self.primaryjoin = join_condition(
                       ^^^^^^^^^^^^^^^
  File "/usr/local/lib/python3.11/site-packages/sqlalchemy/sql/util.py", line 121, in join_condition
    return Join._join_condition(
           ^^^^^^^^^^^^^^^^^^^^^
  File "/usr/local/lib/python3.11/site-packages/sqlalchemy/sql/selectable.py", line 1432, in _join_condition
    cls._joincond_trim_constraints(
  File "/usr/local/lib/python3.11/site-packages/sqlalchemy/sql/selectable.py", line 1577, in _joincond_trim_constraints
    raise exc.AmbiguousForeignKeysError(
sqlalchemy.exc.AmbiguousForeignKeysError: Can't determine join between 'agents' and 'rag_indexes'; tables have more than one foreign key constraint relationship between them. Please specify the 'onclause' of this join explicitly.

The above exception was the direct cause of the following exception:

Traceback (most recent call last):
  File "/usr/local/lib/python3.11/site-packages/starlette/middleware/errors.py", line 164, in __call__
    await self.app(scope, receive, _send)
  File "/usr/local/lib/python3.11/site-packages/starlette/middleware/base.py", line 182, in __call__
    with recv_stream, send_stream, collapse_excgroups():
  File "/usr/local/lib/python3.11/contextlib.py", line 158, in __exit__
    self.gen.throw(typ, value, traceback)
  File "/usr/local/lib/python3.11/site-packages/starlette/_utils.py", line 83, in collapse_excgroups
    raise exc
  File "/usr/local/lib/python3.11/site-packages/starlette/middleware/base.py", line 184, in __call__
    response = await self.dispatch_func(request, call_next)
               ^^^^^^^^^^^^^^^^^^^^^^^^^^^^^^^^^^^^^^^^^^^^
  File "/app/app.py", line 370, in log_requests
    response = await call_next(request)
               ^^^^^^^^^^^^^^^^^^^^^^^^
  File "/usr/local/lib/python3.11/site-packages/starlette/middleware/base.py", line 159, in call_next
    raise app_exc
  File "/usr/local/lib/python3.11/site-packages/starlette/middleware/base.py", line 144, in coro
    await self.app(scope, receive_or_disconnect, send_no_error)
  File "/usr/local/lib/python3.11/site-packages/starlette/middleware/trustedhost.py", line 36, in __call__
    await self.app(scope, receive, send)
  File "/usr/local/lib/python3.11/site-packages/starlette/middleware/cors.py", line 93, in __call__
    await self.simple_response(scope, receive, send, request_headers=headers)
  File "/usr/local/lib/python3.11/site-packages/starlette/middleware/cors.py", line 144, in simple_response
    await self.app(scope, receive, send)
  File "/usr/local/lib/python3.11/site-packages/starlette/middleware/exceptions.py", line 63, in __call__
    await wrap_app_handling_exceptions(self.app, conn)(scope, receive, send)
  File "/usr/local/lib/python3.11/site-packages/starlette/_exception_handler.py", line 53, in wrapped_app
    raise exc
  File "/usr/local/lib/python3.11/site-packages/starlette/_exception_handler.py", line 42, in wrapped_app
    await app(scope, receive, sender)
  File "/usr/local/lib/python3.11/site-packages/starlette/routing.py", line 716, in __call__
    await self.middleware_stack(scope, receive, send)
  File "/usr/local/lib/python3.11/site-packages/starlette/routing.py", line 736, in app
    await route.handle(scope, receive, send)
  File "/usr/local/lib/python3.11/site-packages/starlette/routing.py", line 290, in handle
    await self.app(scope, receive, send)
  File "/usr/local/lib/python3.11/site-packages/starlette/routing.py", line 78, in app
    await wrap_app_handling_exceptions(app, request)(scope, receive, send)
  File "/usr/local/lib/python3.11/site-packages/starlette/_exception_handler.py", line 53, in wrapped_app
    raise exc
  File "/usr/local/lib/python3.11/site-packages/starlette/_exception_handler.py", line 42, in wrapped_app
    await app(scope, receive, sender)
  File "/usr/local/lib/python3.11/site-packages/starlette/routing.py", line 75, in app
    response = await f(request)
               ^^^^^^^^^^^^^^^^
  File "/usr/local/lib/python3.11/site-packages/fastapi/routing.py", line 302, in app
    raw_response = await run_endpoint_function(
                   ^^^^^^^^^^^^^^^^^^^^^^^^^^^^
  File "/usr/local/lib/python3.11/site-packages/fastapi/routing.py", line 213, in run_endpoint_function
    return await dependant.call(**values)
           ^^^^^^^^^^^^^^^^^^^^^^^^^^^^^^
  File "/app/routers/agents.py", line 150, in get_agents
    selectinload(Agent.agent_tools).selectinload(AgentTool.tool),
    ^^^^^^^^^^^^^^^^^^^^^^^^^^^^^^^
  File "/usr/local/lib/python3.11/site-packages/sqlalchemy/orm/strategy_options.py", line 2447, in selectinload
    return _generate_from_keys(
           ^^^^^^^^^^^^^^^^^^^^
  File "/usr/local/lib/python3.11/site-packages/sqlalchemy/orm/strategy_options.py", line 2327, in _generate_from_keys
    lead_element = Load(lead_entity)
                   ^^^^^^^^^^^^^^^^^
  File "/usr/local/lib/python3.11/site-packages/sqlalchemy/orm/strategy_options.py", line 1013, in __init__
    insp._post_inspect
  File "/usr/local/lib/python3.11/site-packages/sqlalchemy/util/langhelpers.py", line 1338, in __get__
    obj.__dict__[self.__name__] = result = self.fget(obj)
                                           ^^^^^^^^^^^^^^
  File "/usr/local/lib/python3.11/site-packages/sqlalchemy/orm/mapper.py", line 2724, in _post_inspect
    self._check_configure()
  File "/usr/local/lib/python3.11/site-packages/sqlalchemy/orm/mapper.py", line 2401, in _check_configure
    _configure_registries({self.registry}, cascade=True)
  File "/usr/local/lib/python3.11/site-packages/sqlalchemy/orm/mapper.py", line 4218, in _configure_registries
    _do_configure_registries(registries, cascade)
  File "/usr/local/lib/python3.11/site-packages/sqlalchemy/orm/mapper.py", line 4259, in _do_configure_registries
    mapper._post_configure_properties()
  File "/usr/local/lib/python3.11/site-packages/sqlalchemy/orm/mapper.py", line 2418, in _post_configure_properties
    prop.init()
  File "/usr/local/lib/python3.11/site-packages/sqlalchemy/orm/interfaces.py", line 595, in init
    self.do_init()
  File "/usr/local/lib/python3.11/site-packages/sqlalchemy/orm/relationships.py", line 1657, in do_init
    self._setup_join_conditions()
  File "/usr/local/lib/python3.11/site-packages/sqlalchemy/orm/relationships.py", line 1895, in _setup_join_conditions
    self._join_condition = jc = JoinCondition(
                                ^^^^^^^^^^^^^^
  File "/usr/local/lib/python3.11/site-packages/sqlalchemy/orm/relationships.py", line 2321, in __init__
    self._determine_joins()
  File "/usr/local/lib/python3.11/site-packages/sqlalchemy/orm/relationships.py", line 2478, in _determine_joins
    raise sa_exc.AmbiguousForeignKeysError(
sqlalchemy.exc.AmbiguousForeignKeysError: Could not determine join condition between parent/child tables on relationship Agent.rag_index - there are multiple foreign key paths linking the tables.  Specify the 'foreign_keys' argument, providing a list of those columns which should be counted as containing a foreign key reference to the parent table.

2025-08-14 19:02:23,014 - app - [ERROR] - âŒ Erro interno [29de67d7-5569-432f-8f13-5955b6959bf1]: One or more mappers failed to initialize - can't proceed with initialization of other mappers. Triggering mapper: 'Mapper[Agent(agents)]'. Original exception was: Could not determine join condition between parent/child tables on relationship Agent.rag_index - there are multiple foreign key paths linking the tables.  Specify the 'foreign_keys' argument, providing a list of those columns which should be counted as containing a foreign key reference to the parent table.
2025-08-14 19:02:23,016 - app - [ERROR] - âŒ Path: GET /api/agents/
2025-08-14 19:02:23,031 - app - [ERROR] - âŒ Traceback:   + Exception Group Traceback (most recent call last):
  |   File "/usr/local/lib/python3.11/site-packages/starlette/_utils.py", line 77, in collapse_excgroups
  |     yield
  |   File "/usr/local/lib/python3.11/site-packages/starlette/middleware/base.py", line 183, in __call__
  |     async with anyio.create_task_group() as task_group:
  |   File "/usr/local/lib/python3.11/site-packages/anyio/_backends/_asyncio.py", line 772, in __aexit__
  |     raise BaseExceptionGroup(
  | ExceptionGroup: unhandled errors in a TaskGroup (1 sub-exception)
  +-+---------------- 1 ----------------
    | Traceback (most recent call last):
    |   File "/usr/local/lib/python3.11/site-packages/starlette/middleware/errors.py", line 164, in __call__
    |     await self.app(scope, receive, _send)
    |   File "/usr/local/lib/python3.11/site-packages/starlette/middleware/base.py", line 182, in __call__
    |     with recv_stream, send_stream, collapse_excgroups():
    |   File "/usr/local/lib/python3.11/contextlib.py", line 158, in __exit__
    |     self.gen.throw(typ, value, traceback)
    |   File "/usr/local/lib/python3.11/site-packages/starlette/_utils.py", line 83, in collapse_excgroups
    |     raise exc
    |   File "/usr/local/lib/python3.11/site-packages/starlette/middleware/base.py", line 184, in __call__
    |     response = await self.dispatch_func(request, call_next)
    |                ^^^^^^^^^^^^^^^^^^^^^^^^^^^^^^^^^^^^^^^^^^^^
    |   File "/app/app.py", line 370, in log_requests
    |     response = await call_next(request)
    |                ^^^^^^^^^^^^^^^^^^^^^^^^
    |   File "/usr/local/lib/python3.11/site-packages/starlette/middleware/base.py", line 159, in call_next
    |     raise app_exc
    |   File "/usr/local/lib/python3.11/site-packages/starlette/middleware/base.py", line 144, in coro
    |     await self.app(scope, receive_or_disconnect, send_no_error)
    |   File "/usr/local/lib/python3.11/site-packages/starlette/middleware/trustedhost.py", line 36, in __call__
    |     await self.app(scope, receive, send)
    |   File "/usr/local/lib/python3.11/site-packages/starlette/middleware/cors.py", line 93, in __call__
    |     await self.simple_response(scope, receive, send, request_headers=headers)
    |   File "/usr/local/lib/python3.11/site-packages/starlette/middleware/cors.py", line 144, in simple_response
    |     await self.app(scope, receive, send)
    |   File "/usr/local/lib/python3.11/site-packages/starlette/middleware/exceptions.py", line 63, in __call__
    |     await wrap_app_handling_exceptions(self.app, conn)(scope, receive, send)
    |   File "/usr/local/lib/python3.11/site-packages/starlette/_exception_handler.py", line 53, in wrapped_app
    |     raise exc
    |   File "/usr/local/lib/python3.11/site-packages/starlette/_exception_handler.py", line 42, in wrapped_app
    |     await app(scope, receive, sender)
    |   File "/usr/local/lib/python3.11/site-packages/starlette/routing.py", line 716, in __call__
    |     await self.middleware_stack(scope, receive, send)
    |   File "/usr/local/lib/python3.11/site-packages/starlette/routing.py", line 736, in app
    |     await route.handle(scope, receive, send)
    |   File "/usr/local/lib/python3.11/site-packages/starlette/routing.py", line 290, in handle
    |     await self.app(scope, receive, send)
    |   File "/usr/local/lib/python3.11/site-packages/starlette/routing.py", line 78, in app
    |     await wrap_app_handling_exceptions(app, request)(scope, receive, send)
    |   File "/usr/local/lib/python3.11/site-packages/starlette/_exception_handler.py", line 53, in wrapped_app
    |     raise exc
    |   File "/usr/local/lib/python3.11/site-packages/starlette/_exception_handler.py", line 42, in wrapped_app
    |     await app(scope, receive, sender)
    |   File "/usr/local/lib/python3.11/site-packages/starlette/routing.py", line 75, in app
    |     response = await f(request)
    |                ^^^^^^^^^^^^^^^^
    |   File "/usr/local/lib/python3.11/site-packages/fastapi/routing.py", line 302, in app
    |     raw_response = await run_endpoint_function(
    |                    ^^^^^^^^^^^^^^^^^^^^^^^^^^^^
    |   File "/usr/local/lib/python3.11/site-packages/fastapi/routing.py", line 213, in run_endpoint_function
    |     return await dependant.call(**values)
    |            ^^^^^^^^^^^^^^^^^^^^^^^^^^^^^^
    |   File "/app/routers/agents.py", line 150, in get_agents
    |     selectinload(Agent.agent_tools).selectinload(AgentTool.tool),
    |     ^^^^^^^^^^^^^^^^^^^^^^^^^^^^^^^
    |   File "/usr/local/lib/python3.11/site-packages/sqlalchemy/orm/strategy_options.py", line 2447, in selectinload
    |     return _generate_from_keys(
    |            ^^^^^^^^^^^^^^^^^^^^
    |   File "/usr/local/lib/python3.11/site-packages/sqlalchemy/orm/strategy_options.py", line 2327, in _generate_from_keys
    |     lead_element = Load(lead_entity)
    |                    ^^^^^^^^^^^^^^^^^
    |   File "/usr/local/lib/python3.11/site-packages/sqlalchemy/orm/strategy_options.py", line 1013, in __init__
    |     insp._post_inspect
    |   File "/usr/local/lib/python3.11/site-packages/sqlalchemy/util/langhelpers.py", line 1338, in __get__
    |     obj.__dict__[self.__name__] = result = self.fget(obj)
    |                                            ^^^^^^^^^^^^^^
    |   File "/usr/local/lib/python3.11/site-packages/sqlalchemy/orm/mapper.py", line 2724, in _post_inspect
    |     self._check_configure()
    |   File "/usr/local/lib/python3.11/site-packages/sqlalchemy/orm/mapper.py", line 2401, in _check_configure
    |     _configure_registries({self.registry}, cascade=True)
    |   File "/usr/local/lib/python3.11/site-packages/sqlalchemy/orm/mapper.py", line 4218, in _configure_registries
    |     _do_configure_registries(registries, cascade)
    |   File "/usr/local/lib/python3.11/site-packages/sqlalchemy/orm/mapper.py", line 4255, in _do_configure_registries
    |     raise e
    | sqlalchemy.exc.InvalidRequestError: One or more mappers failed to initialize - can't proceed with initialization of other mappers. Triggering mapper: 'Mapper[Agent(agents)]'. Original exception was: Could not determine join condition between parent/child tables on relationship Agent.rag_index - there are multiple foreign key paths linking the tables.  Specify the 'foreign_keys' argument, providing a list of those columns which should be counted as containing a foreign key reference to the parent table.
    +------------------------------------

During handling of the above exception, another exception occurred:

Traceback (most recent call last):
  File "/usr/local/lib/python3.11/site-packages/starlette/middleware/errors.py", line 164, in __call__
    await self.app(scope, receive, _send)
  File "/usr/local/lib/python3.11/site-packages/starlette/middleware/base.py", line 182, in __call__
    with recv_stream, send_stream, collapse_excgroups():
  File "/usr/local/lib/python3.11/contextlib.py", line 158, in __exit__
    self.gen.throw(typ, value, traceback)
  File "/usr/local/lib/python3.11/site-packages/starlette/_utils.py", line 83, in collapse_excgroups
    raise exc
  File "/usr/local/lib/python3.11/site-packages/starlette/middleware/base.py", line 184, in __call__
    response = await self.dispatch_func(request, call_next)
               ^^^^^^^^^^^^^^^^^^^^^^^^^^^^^^^^^^^^^^^^^^^^
  File "/app/app.py", line 370, in log_requests
    response = await call_next(request)
               ^^^^^^^^^^^^^^^^^^^^^^^^
  File "/usr/local/lib/python3.11/site-packages/starlette/middleware/base.py", line 159, in call_next
    raise app_exc
  File "/usr/local/lib/python3.11/site-packages/starlette/middleware/base.py", line 144, in coro
    await self.app(scope, receive_or_disconnect, send_no_error)
  File "/usr/local/lib/python3.11/site-packages/starlette/middleware/trustedhost.py", line 36, in __call__
    await self.app(scope, receive, send)
  File "/usr/local/lib/python3.11/site-packages/starlette/middleware/cors.py", line 93, in __call__
    await self.simple_response(scope, receive, send, request_headers=headers)
  File "/usr/local/lib/python3.11/site-packages/starlette/middleware/cors.py", line 144, in simple_response
    await self.app(scope, receive, send)
  File "/usr/local/lib/python3.11/site-packages/starlette/middleware/exceptions.py", line 63, in __call__
    await wrap_app_handling_exceptions(self.app, conn)(scope, receive, send)
  File "/usr/local/lib/python3.11/site-packages/starlette/_exception_handler.py", line 53, in wrapped_app
    raise exc
  File "/usr/local/lib/python3.11/site-packages/starlette/_exception_handler.py", line 42, in wrapped_app
    await app(scope, receive, sender)
  File "/usr/local/lib/python3.11/site-packages/starlette/routing.py", line 716, in __call__
    await self.middleware_stack(scope, receive, send)
  File "/usr/local/lib/python3.11/site-packages/starlette/routing.py", line 736, in app
    await route.handle(scope, receive, send)
  File "/usr/local/lib/python3.11/site-packages/starlette/routing.py", line 290, in handle
    await self.app(scope, receive, send)
  File "/usr/local/lib/python3.11/site-packages/starlette/routing.py", line 78, in app
    await wrap_app_handling_exceptions(app, request)(scope, receive, send)
  File "/usr/local/lib/python3.11/site-packages/starlette/_exception_handler.py", line 53, in wrapped_app
    raise exc
  File "/usr/local/lib/python3.11/site-packages/starlette/_exception_handler.py", line 42, in wrapped_app
    await app(scope, receive, sender)
  File "/usr/local/lib/python3.11/site-packages/starlette/routing.py", line 75, in app
    response = await f(request)
               ^^^^^^^^^^^^^^^^
  File "/usr/local/lib/python3.11/site-packages/fastapi/routing.py", line 302, in app
    raw_response = await run_endpoint_function(
                   ^^^^^^^^^^^^^^^^^^^^^^^^^^^^
  File "/usr/local/lib/python3.11/site-packages/fastapi/routing.py", line 213, in run_endpoint_function
    return await dependant.call(**values)
           ^^^^^^^^^^^^^^^^^^^^^^^^^^^^^^
  File "/app/routers/agents.py", line 150, in get_agents
    selectinload(Agent.agent_tools).selectinload(AgentTool.tool),
    ^^^^^^^^^^^^^^^^^^^^^^^^^^^^^^^
  File "/usr/local/lib/python3.11/site-packages/sqlalchemy/orm/strategy_options.py", line 2447, in selectinload
    return _generate_from_keys(
           ^^^^^^^^^^^^^^^^^^^^
  File "/usr/local/lib/python3.11/site-packages/sqlalchemy/orm/strategy_options.py", line 2327, in _generate_from_keys
    lead_element = Load(lead_entity)
                   ^^^^^^^^^^^^^^^^^
  File "/usr/local/lib/python3.11/site-packages/sqlalchemy/orm/strategy_options.py", line 1013, in __init__
    insp._post_inspect
  File "/usr/local/lib/python3.11/site-packages/sqlalchemy/util/langhelpers.py", line 1338, in __get__
    obj.__dict__[self.__name__] = result = self.fget(obj)
                                           ^^^^^^^^^^^^^^
  File "/usr/local/lib/python3.11/site-packages/sqlalchemy/orm/mapper.py", line 2724, in _post_inspect
    self._check_configure()
  File "/usr/local/lib/python3.11/site-packages/sqlalchemy/orm/mapper.py", line 2401, in _check_configure
    _configure_registries({self.registry}, cascade=True)
  File "/usr/local/lib/python3.11/site-packages/sqlalchemy/orm/mapper.py", line 4218, in _configure_registries
    _do_configure_registries(registries, cascade)
  File "/usr/local/lib/python3.11/site-packages/sqlalchemy/orm/mapper.py", line 4255, in _do_configure_registries
    raise e
sqlalchemy.exc.InvalidRequestError: One or more mappers failed to initialize - can't proceed with initialization of other mappers. Triggering mapper: 'Mapper[Agent(agents)]'. Original exception was: Could not determine join condition between parent/child tables on relationship Agent.rag_index - there are multiple foreign key paths linking the tables.  Specify the 'foreign_keys' argument, providing a list of those columns which should be counted as containing a foreign key reference to the parent table.

2025-08-14 19:02:23,125 - app - [INFO] - ğŸ“‹ Listados 3 teams para usuÃ¡rio 1
2025-08-14 19:02:23,149 - app - [INFO] - ğŸ“‹ Listados 3 teams para usuÃ¡rio 1
2025-08-14 19:24:10,204 - app - [INFO] - ğŸ›‘ Encerrando Agno Platform...
2025-08-14 19:24:11,749 - app - [INFO] - âœ… ConexÃµes fechadas com sucesso
2025-08-14 19:24:17,403 - app - [INFO] - ğŸ—„ï¸ Conectando ao banco: postgres:5432/agno_db
2025-08-14 19:24:30,893 - app - [INFO] - âœ… Agno framework disponÃ­vel
2025-08-14 19:24:31,015 - app - [INFO] - âœ… Rotas do Agno importadas
2025-08-14 19:26:44,389 - app - [INFO] - ğŸ—„ï¸ Conectando ao banco: postgres:5432/agno_db
2025-08-14 19:26:58,366 - app - [INFO] - âœ… Agno framework disponÃ­vel
2025-08-14 19:26:58,441 - app - [INFO] - âœ… Rotas do Agno importadas
2025-08-14 22:27:03,882 - app - [INFO] - ğŸ—„ï¸ Conectando ao banco: postgres:5432/agno_db
2025-08-14 22:27:08,291 - app - [INFO] - âœ… Agno framework disponÃ­vel
2025-08-14 22:27:08,372 - app - [INFO] - âœ… Rotas do Agno importadas
2025-08-14 22:27:28,483 - app - [INFO] - ğŸ—„ï¸ Conectando ao banco: postgres:5432/agno_db
2025-08-14 22:27:31,126 - app - [INFO] - âœ… Agno framework disponÃ­vel
2025-08-14 22:27:31,181 - app - [INFO] - âœ… Rotas do Agno importadas
2025-08-14 22:27:46,766 - app - [INFO] - ğŸ—„ï¸ Conectando ao banco: postgres:5432/agno_db
2025-08-14 22:27:51,217 - app - [INFO] - âœ… Agno framework disponÃ­vel
2025-08-14 22:27:51,261 - app - [INFO] - âœ… Rotas do Agno importadas
2025-08-14 22:30:16,742 - app - [INFO] - ğŸ—„ï¸ Conectando ao banco: postgres:5432/agno_db
2025-08-14 22:30:20,143 - app - [INFO] - âœ… Agno framework disponÃ­vel
2025-08-14 22:30:20,178 - app - [INFO] - âœ… Rotas do Agno importadas
2025-08-14 22:31:27,738 - app - [INFO] - ğŸ—„ï¸ Conectando ao banco: postgres:5432/agno_db
2025-08-14 22:31:30,382 - app - [INFO] - âœ… Agno framework disponÃ­vel
2025-08-14 22:31:30,450 - app - [INFO] - âœ… Rotas do Agno importadas
2025-08-14 22:31:43,794 - app - [INFO] - ğŸ—„ï¸ Conectando ao banco: postgres:5432/agno_db
2025-08-14 22:31:46,159 - app - [INFO] - âœ… Agno framework disponÃ­vel
2025-08-14 22:31:46,195 - app - [INFO] - âœ… Rotas do Agno importadas
2025-08-14 22:32:07,866 - app - [INFO] - ğŸ—„ï¸ Conectando ao banco: postgres:5432/agno_db
2025-08-14 22:32:12,293 - app - [INFO] - âœ… Agno framework disponÃ­vel
2025-08-14 22:32:12,353 - app - [INFO] - âœ… Rotas do Agno importadas
2025-08-14 22:34:13,517 - app - [INFO] - ğŸ—„ï¸ Conectando ao banco: postgres:5432/agno_db
2025-08-14 22:34:15,955 - app - [INFO] - âœ… Agno framework disponÃ­vel
2025-08-14 22:34:15,995 - app - [INFO] - âœ… Rotas do Agno importadas
2025-08-14 22:42:17,575 - app - [INFO] - ğŸ—„ï¸ Conectando ao banco: postgres:5432/agno_db
2025-08-14 22:42:21,104 - app - [INFO] - âœ… Agno framework disponÃ­vel
2025-08-14 22:42:21,152 - app - [INFO] - âœ… Rotas do Agno importadas
2025-08-14 22:42:21,328 - app - [INFO] - âœ… Router de agents importado
2025-08-14 22:42:21,366 - app - [INFO] - âœ… Router de workflows importado
2025-08-14 22:42:21,381 - app - [INFO] - âœ… Rotas de agents incluÃ­das em /api/agents
2025-08-14 22:42:21,398 - app - [INFO] - âœ… Rotas de workflows incluÃ­das em /api
2025-08-14 22:42:21,406 - app - [INFO] - âœ… Rotas do Agno Framework incluÃ­das
2025-08-14 22:42:21,409 - app - [INFO] - ğŸš€============================================================
2025-08-14 22:42:21,410 - app - [INFO] - ğŸš€ INICIANDO AGNO PLATFORM v4.5.1
2025-08-14 22:42:21,411 - app - [INFO] - ğŸš€============================================================
2025-08-14 22:42:21,411 - app - [INFO] - ğŸ”‘ VariÃ¡veis configuradas: 3/3
2025-08-14 22:42:21,516 - app - [INFO] - âœ… Banco de dados conectado
2025-08-14 22:42:21,516 - app - [INFO] - ğŸ‰ Sistema totalmente operacional!
2025-08-14 22:42:21,517 - app - [INFO] - â±ï¸ InicializaÃ§Ã£o completada em 0.11s
2025-08-14 22:42:21,519 - app - [INFO] - ğŸš€============================================================
2025-08-14 22:42:23,203 - app - [INFO] - ğŸ—„ï¸ Conectando ao banco: postgres:5432/agno_db
2025-08-14 22:42:26,061 - app - [INFO] - âœ… Agno framework disponÃ­vel
2025-08-14 22:42:26,110 - app - [INFO] - âœ… Rotas do Agno importadas
2025-08-14 22:42:26,244 - app - [INFO] - âœ… Router de agents importado
2025-08-14 22:42:26,282 - app - [INFO] - âœ… Router de workflows importado
2025-08-14 22:42:26,294 - app - [INFO] - âœ… Rotas de agents incluÃ­das em /api/agents
2025-08-14 22:42:26,311 - app - [INFO] - âœ… Rotas de workflows incluÃ­das em /api
2025-08-14 22:42:26,318 - app - [INFO] - âœ… Rotas do Agno Framework incluÃ­das
2025-08-14 22:42:26,320 - app - [INFO] - ğŸš€============================================================
2025-08-14 22:42:26,322 - app - [INFO] - ğŸš€ INICIANDO AGNO PLATFORM v4.5.1
2025-08-14 22:42:26,322 - app - [INFO] - ğŸš€============================================================
2025-08-14 22:42:26,324 - app - [INFO] - ğŸ”‘ VariÃ¡veis configuradas: 3/3
2025-08-14 22:42:26,381 - app - [INFO] - âœ… Banco de dados conectado
2025-08-14 22:42:26,382 - app - [INFO] - ğŸ‰ Sistema totalmente operacional!
2025-08-14 22:42:26,382 - app - [INFO] - â±ï¸ InicializaÃ§Ã£o completada em 0.06s
2025-08-14 22:42:26,383 - app - [INFO] - ğŸš€============================================================
2025-08-14 22:42:40,729 - app - [INFO] - ğŸ›‘ Encerrando Agno Platform...
2025-08-14 22:42:40,735 - app - [INFO] - âœ… ConexÃµes fechadas com sucesso
2025-08-14 22:42:42,525 - app - [INFO] - ğŸ—„ï¸ Conectando ao banco: postgres:5432/agno_db
2025-08-14 22:42:45,675 - app - [INFO] - âœ… Agno framework disponÃ­vel
2025-08-14 22:42:45,725 - app - [INFO] - âœ… Rotas do Agno importadas
2025-08-14 22:42:45,873 - app - [INFO] - âœ… Router de agents importado
2025-08-14 22:42:45,905 - app - [INFO] - âœ… Router de workflows importado
2025-08-14 22:42:45,915 - app - [INFO] - âœ… Rotas de agents incluÃ­das em /api/agents
2025-08-14 22:42:45,930 - app - [INFO] - âœ… Rotas de workflows incluÃ­das em /api
2025-08-14 22:42:45,936 - app - [INFO] - âœ… Rotas do Agno Framework incluÃ­das
2025-08-14 22:42:45,937 - app - [INFO] - ğŸš€============================================================
2025-08-14 22:42:45,938 - app - [INFO] - ğŸš€ INICIANDO AGNO PLATFORM v4.5.1
2025-08-14 22:42:45,939 - app - [INFO] - ğŸš€============================================================
2025-08-14 22:42:45,940 - app - [INFO] - ğŸ”‘ VariÃ¡veis configuradas: 3/3
2025-08-14 22:42:45,986 - app - [INFO] - âœ… Banco de dados conectado
2025-08-14 22:42:45,987 - app - [INFO] - ğŸ‰ Sistema totalmente operacional!
2025-08-14 22:42:45,987 - app - [INFO] - â±ï¸ InicializaÃ§Ã£o completada em 0.05s
2025-08-14 22:42:45,988 - app - [INFO] - ğŸš€============================================================
2025-08-14 22:43:05,847 - app - [INFO] - ğŸ›‘ Encerrando Agno Platform...
2025-08-14 22:43:05,853 - app - [INFO] - âœ… ConexÃµes fechadas com sucesso
2025-08-14 22:43:07,511 - app - [INFO] - ğŸ—„ï¸ Conectando ao banco: postgres:5432/agno_db
2025-08-14 22:43:10,899 - app - [INFO] - âœ… Agno framework disponÃ­vel
2025-08-14 22:43:10,933 - app - [INFO] - âœ… Rotas do Agno importadas
2025-08-14 22:43:11,083 - app - [INFO] - âœ… Router de agents importado
2025-08-14 22:43:11,115 - app - [INFO] - âœ… Router de workflows importado
2025-08-14 22:43:11,125 - app - [INFO] - âœ… Rotas de agents incluÃ­das em /api/agents
2025-08-14 22:43:11,137 - app - [INFO] - âœ… Rotas de workflows incluÃ­das em /api
2025-08-14 22:43:11,143 - app - [INFO] - âœ… Rotas do Agno Framework incluÃ­das
2025-08-14 22:43:11,145 - app - [INFO] - ğŸš€============================================================
2025-08-14 22:43:11,146 - app - [INFO] - ğŸš€ INICIANDO AGNO PLATFORM v4.5.1
2025-08-14 22:43:11,146 - app - [INFO] - ğŸš€============================================================
2025-08-14 22:43:11,147 - app - [INFO] - ğŸ”‘ VariÃ¡veis configuradas: 3/3
2025-08-14 22:43:11,197 - app - [INFO] - âœ… Banco de dados conectado
2025-08-14 22:43:11,198 - app - [INFO] - ğŸ‰ Sistema totalmente operacional!
2025-08-14 22:43:11,198 - app - [INFO] - â±ï¸ InicializaÃ§Ã£o completada em 0.05s
2025-08-14 22:43:11,199 - app - [INFO] - ğŸš€============================================================
2025-08-14 22:43:28,246 - app - [INFO] - ğŸ›‘ Encerrando Agno Platform...
2025-08-14 22:43:28,250 - app - [INFO] - âœ… ConexÃµes fechadas com sucesso
2025-08-15 00:03:13,111 - app - [INFO] - ğŸ—„ï¸ Conectando ao banco: postgres:5432/agno_db
2025-08-15 00:03:18,745 - app - [INFO] - âœ… Agno framework disponÃ­vel
2025-08-15 00:03:18,817 - app - [INFO] - âœ… Rotas do Agno importadas
2025-08-15 00:03:19,062 - app - [INFO] - âœ… Router de agents importado
2025-08-15 00:03:19,101 - app - [INFO] - âœ… Router de workflows importado
2025-08-15 00:03:19,116 - app - [INFO] - âœ… Rotas de agents incluÃ­das em /api/agents
2025-08-15 00:03:19,139 - app - [INFO] - âœ… Rotas de workflows incluÃ­das em /api
2025-08-15 00:03:19,149 - app - [INFO] - âœ… Rotas do Agno Framework incluÃ­das
2025-08-15 00:03:19,152 - app - [INFO] - ğŸš€============================================================
2025-08-15 00:03:19,152 - app - [INFO] - ğŸš€ INICIANDO AGNO PLATFORM v4.5.1
2025-08-15 00:03:19,153 - app - [INFO] - ğŸš€============================================================
2025-08-15 00:03:19,153 - app - [INFO] - ğŸ”‘ VariÃ¡veis configuradas: 3/3
2025-08-15 00:03:19,288 - app - [INFO] - âœ… Banco de dados conectado
2025-08-15 00:03:19,288 - app - [INFO] - ğŸ‰ Sistema totalmente operacional!
2025-08-15 00:03:19,288 - app - [INFO] - â±ï¸ InicializaÃ§Ã£o completada em 0.14s
2025-08-15 00:03:19,289 - app - [INFO] - ğŸš€============================================================
2025-08-15 00:03:49,268 - app - [ERROR] - âŒ Erro interno [083b03a9-99f6-4dfc-af9b-fd207b36650b]: (sqlalchemy.dialects.postgresql.asyncpg.ProgrammingError) <class 'asyncpg.exceptions.UndefinedTableError'>: relation "agents" does not exist
[SQL: SELECT agents.id, agents.name, agents.role, agents.description, agents.user_id, agents.model_provider, agents.model_id, agents.instructions, agents.configuration, agents.memory_enabled, agents.rag_enabled, agents.is_active, agents.rag_index_id, agents.created_at, agents.updated_at 
FROM agents 
WHERE agents.user_id = $1::INTEGER AND agents.is_active = true 
 LIMIT $2::INTEGER OFFSET $3::INTEGER]
[parameters: (1, 100, 0)]
(Background on this error at: https://sqlalche.me/e/20/f405)
2025-08-15 00:03:49,269 - app - [ERROR] - âŒ Path: GET /api/agents/
2025-08-15 00:03:49,315 - app - [ERROR] - âŒ Traceback: Traceback (most recent call last):
  File "/usr/local/lib/python3.11/site-packages/sqlalchemy/dialects/postgresql/asyncpg.py", line 521, in _prepare_and_execute
    prepared_stmt, attributes = await adapt_connection._prepare(
                                ^^^^^^^^^^^^^^^^^^^^^^^^^^^^^^^^
  File "/usr/local/lib/python3.11/site-packages/sqlalchemy/dialects/postgresql/asyncpg.py", line 768, in _prepare
    prepared_stmt = await self._connection.prepare(
                    ^^^^^^^^^^^^^^^^^^^^^^^^^^^^^^^
  File "/usr/local/lib/python3.11/site-packages/asyncpg/connection.py", line 635, in prepare
    return await self._prepare(
           ^^^^^^^^^^^^^^^^^^^^
  File "/usr/local/lib/python3.11/site-packages/asyncpg/connection.py", line 653, in _prepare
    stmt = await self._get_statement(
           ^^^^^^^^^^^^^^^^^^^^^^^^^^
  File "/usr/local/lib/python3.11/site-packages/asyncpg/connection.py", line 432, in _get_statement
    statement = await self._protocol.prepare(
                ^^^^^^^^^^^^^^^^^^^^^^^^^^^^^
  File "asyncpg/protocol/protocol.pyx", line 165, in prepare
asyncpg.exceptions.UndefinedTableError: relation "agents" does not exist

The above exception was the direct cause of the following exception:

Traceback (most recent call last):
  File "/usr/local/lib/python3.11/site-packages/sqlalchemy/engine/base.py", line 1967, in _exec_single_context
    self.dialect.do_execute(
  File "/usr/local/lib/python3.11/site-packages/sqlalchemy/engine/default.py", line 951, in do_execute
    cursor.execute(statement, parameters)
  File "/usr/local/lib/python3.11/site-packages/sqlalchemy/dialects/postgresql/asyncpg.py", line 580, in execute
    self._adapt_connection.await_(
  File "/usr/local/lib/python3.11/site-packages/sqlalchemy/util/_concurrency_py3k.py", line 132, in await_only
    return current.parent.switch(awaitable)  # type: ignore[no-any-return,attr-defined] # noqa: E501
           ^^^^^^^^^^^^^^^^^^^^^^^^^^^^^^^^
  File "/usr/local/lib/python3.11/site-packages/sqlalchemy/util/_concurrency_py3k.py", line 196, in greenlet_spawn
    value = await result
            ^^^^^^^^^^^^
  File "/usr/local/lib/python3.11/site-packages/sqlalchemy/dialects/postgresql/asyncpg.py", line 558, in _prepare_and_execute
    self._handle_exception(error)
  File "/usr/local/lib/python3.11/site-packages/sqlalchemy/dialects/postgresql/asyncpg.py", line 508, in _handle_exception
    self._adapt_connection._handle_exception(error)
  File "/usr/local/lib/python3.11/site-packages/sqlalchemy/dialects/postgresql/asyncpg.py", line 792, in _handle_exception
    raise translated_error from error
sqlalchemy.dialects.postgresql.asyncpg.AsyncAdapt_asyncpg_dbapi.ProgrammingError: <class 'asyncpg.exceptions.UndefinedTableError'>: relation "agents" does not exist

The above exception was the direct cause of the following exception:

Traceback (most recent call last):
  File "/usr/local/lib/python3.11/site-packages/starlette/middleware/errors.py", line 164, in __call__
    await self.app(scope, receive, _send)
  File "/usr/local/lib/python3.11/site-packages/starlette/middleware/base.py", line 182, in __call__
    with recv_stream, send_stream, collapse_excgroups():
  File "/usr/local/lib/python3.11/contextlib.py", line 158, in __exit__
    self.gen.throw(typ, value, traceback)
  File "/usr/local/lib/python3.11/site-packages/starlette/_utils.py", line 83, in collapse_excgroups
    raise exc
  File "/usr/local/lib/python3.11/site-packages/starlette/middleware/base.py", line 184, in __call__
    response = await self.dispatch_func(request, call_next)
               ^^^^^^^^^^^^^^^^^^^^^^^^^^^^^^^^^^^^^^^^^^^^
  File "/app/app.py", line 370, in log_requests
    response = await call_next(request)
               ^^^^^^^^^^^^^^^^^^^^^^^^
  File "/usr/local/lib/python3.11/site-packages/starlette/middleware/base.py", line 159, in call_next
    raise app_exc
  File "/usr/local/lib/python3.11/site-packages/starlette/middleware/base.py", line 144, in coro
    await self.app(scope, receive_or_disconnect, send_no_error)
  File "/usr/local/lib/python3.11/site-packages/starlette/middleware/trustedhost.py", line 36, in __call__
    await self.app(scope, receive, send)
  File "/usr/local/lib/python3.11/site-packages/starlette/middleware/cors.py", line 93, in __call__
    await self.simple_response(scope, receive, send, request_headers=headers)
  File "/usr/local/lib/python3.11/site-packages/starlette/middleware/cors.py", line 144, in simple_response
    await self.app(scope, receive, send)
  File "/usr/local/lib/python3.11/site-packages/starlette/middleware/exceptions.py", line 63, in __call__
    await wrap_app_handling_exceptions(self.app, conn)(scope, receive, send)
  File "/usr/local/lib/python3.11/site-packages/starlette/_exception_handler.py", line 53, in wrapped_app
    raise exc
  File "/usr/local/lib/python3.11/site-packages/starlette/_exception_handler.py", line 42, in wrapped_app
    await app(scope, receive, sender)
  File "/usr/local/lib/python3.11/site-packages/starlette/routing.py", line 716, in __call__
    await self.middleware_stack(scope, receive, send)
  File "/usr/local/lib/python3.11/site-packages/starlette/routing.py", line 736, in app
    await route.handle(scope, receive, send)
  File "/usr/local/lib/python3.11/site-packages/starlette/routing.py", line 290, in handle
    await self.app(scope, receive, send)
  File "/usr/local/lib/python3.11/site-packages/starlette/routing.py", line 78, in app
    await wrap_app_handling_exceptions(app, request)(scope, receive, send)
  File "/usr/local/lib/python3.11/site-packages/starlette/_exception_handler.py", line 53, in wrapped_app
    raise exc
  File "/usr/local/lib/python3.11/site-packages/starlette/_exception_handler.py", line 42, in wrapped_app
    await app(scope, receive, sender)
  File "/usr/local/lib/python3.11/site-packages/starlette/routing.py", line 75, in app
    response = await f(request)
               ^^^^^^^^^^^^^^^^
  File "/usr/local/lib/python3.11/site-packages/fastapi/routing.py", line 302, in app
    raw_response = await run_endpoint_function(
                   ^^^^^^^^^^^^^^^^^^^^^^^^^^^^
  File "/usr/local/lib/python3.11/site-packages/fastapi/routing.py", line 213, in run_endpoint_function
    return await dependant.call(**values)
           ^^^^^^^^^^^^^^^^^^^^^^^^^^^^^^
  File "/app/routers/agents.py", line 159, in get_agents
    result = await db.execute(query)
             ^^^^^^^^^^^^^^^^^^^^^^^
  File "/usr/local/lib/python3.11/site-packages/sqlalchemy/ext/asyncio/session.py", line 463, in execute
    result = await greenlet_spawn(
             ^^^^^^^^^^^^^^^^^^^^^
  File "/usr/local/lib/python3.11/site-packages/sqlalchemy/util/_concurrency_py3k.py", line 201, in greenlet_spawn
    result = context.throw(*sys.exc_info())
             ^^^^^^^^^^^^^^^^^^^^^^^^^^^^^^
  File "/usr/local/lib/python3.11/site-packages/sqlalchemy/orm/session.py", line 2365, in execute
    return self._execute_internal(
           ^^^^^^^^^^^^^^^^^^^^^^^
  File "/usr/local/lib/python3.11/site-packages/sqlalchemy/orm/session.py", line 2251, in _execute_internal
    result: Result[Any] = compile_state_cls.orm_execute_statement(
                          ^^^^^^^^^^^^^^^^^^^^^^^^^^^^^^^^^^^^^^^^
  File "/usr/local/lib/python3.11/site-packages/sqlalchemy/orm/context.py", line 306, in orm_execute_statement
    result = conn.execute(
             ^^^^^^^^^^^^^
  File "/usr/local/lib/python3.11/site-packages/sqlalchemy/engine/base.py", line 1419, in execute
    return meth(
           ^^^^^
  File "/usr/local/lib/python3.11/site-packages/sqlalchemy/sql/elements.py", line 526, in _execute_on_connection
    return connection._execute_clauseelement(
           ^^^^^^^^^^^^^^^^^^^^^^^^^^^^^^^^^^
  File "/usr/local/lib/python3.11/site-packages/sqlalchemy/engine/base.py", line 1641, in _execute_clauseelement
    ret = self._execute_context(
          ^^^^^^^^^^^^^^^^^^^^^^
  File "/usr/local/lib/python3.11/site-packages/sqlalchemy/engine/base.py", line 1846, in _execute_context
    return self._exec_single_context(
           ^^^^^^^^^^^^^^^^^^^^^^^^^^
  File "/usr/local/lib/python3.11/site-packages/sqlalchemy/engine/base.py", line 1986, in _exec_single_context
    self._handle_dbapi_exception(
  File "/usr/local/lib/python3.11/site-packages/sqlalchemy/engine/base.py", line 2355, in _handle_dbapi_exception
    raise sqlalchemy_exception.with_traceback(exc_info[2]) from e
  File "/usr/local/lib/python3.11/site-packages/sqlalchemy/engine/base.py", line 1967, in _exec_single_context
    self.dialect.do_execute(
  File "/usr/local/lib/python3.11/site-packages/sqlalchemy/engine/default.py", line 951, in do_execute
    cursor.execute(statement, parameters)
  File "/usr/local/lib/python3.11/site-packages/sqlalchemy/dialects/postgresql/asyncpg.py", line 580, in execute
    self._adapt_connection.await_(
  File "/usr/local/lib/python3.11/site-packages/sqlalchemy/util/_concurrency_py3k.py", line 132, in await_only
    return current.parent.switch(awaitable)  # type: ignore[no-any-return,attr-defined] # noqa: E501
           ^^^^^^^^^^^^^^^^^^^^^^^^^^^^^^^^
  File "/usr/local/lib/python3.11/site-packages/sqlalchemy/util/_concurrency_py3k.py", line 196, in greenlet_spawn
    value = await result
            ^^^^^^^^^^^^
  File "/usr/local/lib/python3.11/site-packages/sqlalchemy/dialects/postgresql/asyncpg.py", line 558, in _prepare_and_execute
    self._handle_exception(error)
  File "/usr/local/lib/python3.11/site-packages/sqlalchemy/dialects/postgresql/asyncpg.py", line 508, in _handle_exception
    self._adapt_connection._handle_exception(error)
  File "/usr/local/lib/python3.11/site-packages/sqlalchemy/dialects/postgresql/asyncpg.py", line 792, in _handle_exception
    raise translated_error from error
sqlalchemy.exc.ProgrammingError: (sqlalchemy.dialects.postgresql.asyncpg.ProgrammingError) <class 'asyncpg.exceptions.UndefinedTableError'>: relation "agents" does not exist
[SQL: SELECT agents.id, agents.name, agents.role, agents.description, agents.user_id, agents.model_provider, agents.model_id, agents.instructions, agents.configuration, agents.memory_enabled, agents.rag_enabled, agents.is_active, agents.rag_index_id, agents.created_at, agents.updated_at 
FROM agents 
WHERE agents.user_id = $1::INTEGER AND agents.is_active = true 
 LIMIT $2::INTEGER OFFSET $3::INTEGER]
[parameters: (1, 100, 0)]
(Background on this error at: https://sqlalche.me/e/20/f405)

2025-08-15 00:03:49,368 - app - [ERROR] - âŒ Erro interno [877859fe-55d4-4db7-96d5-5a917f7624a3]: (sqlalchemy.dialects.postgresql.asyncpg.ProgrammingError) <class 'asyncpg.exceptions.UndefinedTableError'>: relation "agents" does not exist
[SQL: SELECT agents.id, agents.name, agents.role, agents.description, agents.user_id, agents.model_provider, agents.model_id, agents.instructions, agents.configuration, agents.memory_enabled, agents.rag_enabled, agents.is_active, agents.rag_index_id, agents.created_at, agents.updated_at 
FROM agents 
WHERE agents.user_id = $1::INTEGER AND agents.is_active = true 
 LIMIT $2::INTEGER OFFSET $3::INTEGER]
[parameters: (1, 100, 0)]
(Background on this error at: https://sqlalche.me/e/20/f405)
2025-08-15 00:03:49,369 - app - [ERROR] - âŒ Path: GET /api/agents/
2025-08-15 00:03:49,379 - app - [ERROR] - âŒ Traceback: Traceback (most recent call last):
  File "/usr/local/lib/python3.11/site-packages/sqlalchemy/dialects/postgresql/asyncpg.py", line 521, in _prepare_and_execute
    prepared_stmt, attributes = await adapt_connection._prepare(
                                ^^^^^^^^^^^^^^^^^^^^^^^^^^^^^^^^
  File "/usr/local/lib/python3.11/site-packages/sqlalchemy/dialects/postgresql/asyncpg.py", line 768, in _prepare
    prepared_stmt = await self._connection.prepare(
                    ^^^^^^^^^^^^^^^^^^^^^^^^^^^^^^^
  File "/usr/local/lib/python3.11/site-packages/asyncpg/connection.py", line 635, in prepare
    return await self._prepare(
           ^^^^^^^^^^^^^^^^^^^^
  File "/usr/local/lib/python3.11/site-packages/asyncpg/connection.py", line 653, in _prepare
    stmt = await self._get_statement(
           ^^^^^^^^^^^^^^^^^^^^^^^^^^
  File "/usr/local/lib/python3.11/site-packages/asyncpg/connection.py", line 432, in _get_statement
    statement = await self._protocol.prepare(
                ^^^^^^^^^^^^^^^^^^^^^^^^^^^^^
  File "asyncpg/protocol/protocol.pyx", line 165, in prepare
asyncpg.exceptions.UndefinedTableError: relation "agents" does not exist

The above exception was the direct cause of the following exception:

Traceback (most recent call last):
  File "/usr/local/lib/python3.11/site-packages/sqlalchemy/engine/base.py", line 1967, in _exec_single_context
    self.dialect.do_execute(
  File "/usr/local/lib/python3.11/site-packages/sqlalchemy/engine/default.py", line 951, in do_execute
    cursor.execute(statement, parameters)
  File "/usr/local/lib/python3.11/site-packages/sqlalchemy/dialects/postgresql/asyncpg.py", line 580, in execute
    self._adapt_connection.await_(
  File "/usr/local/lib/python3.11/site-packages/sqlalchemy/util/_concurrency_py3k.py", line 132, in await_only
    return current.parent.switch(awaitable)  # type: ignore[no-any-return,attr-defined] # noqa: E501
           ^^^^^^^^^^^^^^^^^^^^^^^^^^^^^^^^
  File "/usr/local/lib/python3.11/site-packages/sqlalchemy/util/_concurrency_py3k.py", line 196, in greenlet_spawn
    value = await result
            ^^^^^^^^^^^^
  File "/usr/local/lib/python3.11/site-packages/sqlalchemy/dialects/postgresql/asyncpg.py", line 558, in _prepare_and_execute
    self._handle_exception(error)
  File "/usr/local/lib/python3.11/site-packages/sqlalchemy/dialects/postgresql/asyncpg.py", line 508, in _handle_exception
    self._adapt_connection._handle_exception(error)
  File "/usr/local/lib/python3.11/site-packages/sqlalchemy/dialects/postgresql/asyncpg.py", line 792, in _handle_exception
    raise translated_error from error
sqlalchemy.dialects.postgresql.asyncpg.AsyncAdapt_asyncpg_dbapi.ProgrammingError: <class 'asyncpg.exceptions.UndefinedTableError'>: relation "agents" does not exist

The above exception was the direct cause of the following exception:

Traceback (most recent call last):
  File "/usr/local/lib/python3.11/site-packages/starlette/middleware/errors.py", line 164, in __call__
    await self.app(scope, receive, _send)
  File "/usr/local/lib/python3.11/site-packages/starlette/middleware/base.py", line 182, in __call__
    with recv_stream, send_stream, collapse_excgroups():
  File "/usr/local/lib/python3.11/contextlib.py", line 158, in __exit__
    self.gen.throw(typ, value, traceback)
  File "/usr/local/lib/python3.11/site-packages/starlette/_utils.py", line 83, in collapse_excgroups
    raise exc
  File "/usr/local/lib/python3.11/site-packages/starlette/middleware/base.py", line 184, in __call__
    response = await self.dispatch_func(request, call_next)
               ^^^^^^^^^^^^^^^^^^^^^^^^^^^^^^^^^^^^^^^^^^^^
  File "/app/app.py", line 370, in log_requests
    response = await call_next(request)
               ^^^^^^^^^^^^^^^^^^^^^^^^
  File "/usr/local/lib/python3.11/site-packages/starlette/middleware/base.py", line 159, in call_next
    raise app_exc
  File "/usr/local/lib/python3.11/site-packages/starlette/middleware/base.py", line 144, in coro
    await self.app(scope, receive_or_disconnect, send_no_error)
  File "/usr/local/lib/python3.11/site-packages/starlette/middleware/trustedhost.py", line 36, in __call__
    await self.app(scope, receive, send)
  File "/usr/local/lib/python3.11/site-packages/starlette/middleware/cors.py", line 93, in __call__
    await self.simple_response(scope, receive, send, request_headers=headers)
  File "/usr/local/lib/python3.11/site-packages/starlette/middleware/cors.py", line 144, in simple_response
    await self.app(scope, receive, send)
  File "/usr/local/lib/python3.11/site-packages/starlette/middleware/exceptions.py", line 63, in __call__
    await wrap_app_handling_exceptions(self.app, conn)(scope, receive, send)
  File "/usr/local/lib/python3.11/site-packages/starlette/_exception_handler.py", line 53, in wrapped_app
    raise exc
  File "/usr/local/lib/python3.11/site-packages/starlette/_exception_handler.py", line 42, in wrapped_app
    await app(scope, receive, sender)
  File "/usr/local/lib/python3.11/site-packages/starlette/routing.py", line 716, in __call__
    await self.middleware_stack(scope, receive, send)
  File "/usr/local/lib/python3.11/site-packages/starlette/routing.py", line 736, in app
    await route.handle(scope, receive, send)
  File "/usr/local/lib/python3.11/site-packages/starlette/routing.py", line 290, in handle
    await self.app(scope, receive, send)
  File "/usr/local/lib/python3.11/site-packages/starlette/routing.py", line 78, in app
    await wrap_app_handling_exceptions(app, request)(scope, receive, send)
  File "/usr/local/lib/python3.11/site-packages/starlette/_exception_handler.py", line 53, in wrapped_app
    raise exc
  File "/usr/local/lib/python3.11/site-packages/starlette/_exception_handler.py", line 42, in wrapped_app
    await app(scope, receive, sender)
  File "/usr/local/lib/python3.11/site-packages/starlette/routing.py", line 75, in app
    response = await f(request)
               ^^^^^^^^^^^^^^^^
  File "/usr/local/lib/python3.11/site-packages/fastapi/routing.py", line 302, in app
    raw_response = await run_endpoint_function(
                   ^^^^^^^^^^^^^^^^^^^^^^^^^^^^
  File "/usr/local/lib/python3.11/site-packages/fastapi/routing.py", line 213, in run_endpoint_function
    return await dependant.call(**values)
           ^^^^^^^^^^^^^^^^^^^^^^^^^^^^^^
  File "/app/routers/agents.py", line 159, in get_agents
    result = await db.execute(query)
             ^^^^^^^^^^^^^^^^^^^^^^^
  File "/usr/local/lib/python3.11/site-packages/sqlalchemy/ext/asyncio/session.py", line 463, in execute
    result = await greenlet_spawn(
             ^^^^^^^^^^^^^^^^^^^^^
  File "/usr/local/lib/python3.11/site-packages/sqlalchemy/util/_concurrency_py3k.py", line 201, in greenlet_spawn
    result = context.throw(*sys.exc_info())
             ^^^^^^^^^^^^^^^^^^^^^^^^^^^^^^
  File "/usr/local/lib/python3.11/site-packages/sqlalchemy/orm/session.py", line 2365, in execute
    return self._execute_internal(
           ^^^^^^^^^^^^^^^^^^^^^^^
  File "/usr/local/lib/python3.11/site-packages/sqlalchemy/orm/session.py", line 2251, in _execute_internal
    result: Result[Any] = compile_state_cls.orm_execute_statement(
                          ^^^^^^^^^^^^^^^^^^^^^^^^^^^^^^^^^^^^^^^^
  File "/usr/local/lib/python3.11/site-packages/sqlalchemy/orm/context.py", line 306, in orm_execute_statement
    result = conn.execute(
             ^^^^^^^^^^^^^
  File "/usr/local/lib/python3.11/site-packages/sqlalchemy/engine/base.py", line 1419, in execute
    return meth(
           ^^^^^
  File "/usr/local/lib/python3.11/site-packages/sqlalchemy/sql/elements.py", line 526, in _execute_on_connection
    return connection._execute_clauseelement(
           ^^^^^^^^^^^^^^^^^^^^^^^^^^^^^^^^^^
  File "/usr/local/lib/python3.11/site-packages/sqlalchemy/engine/base.py", line 1641, in _execute_clauseelement
    ret = self._execute_context(
          ^^^^^^^^^^^^^^^^^^^^^^
  File "/usr/local/lib/python3.11/site-packages/sqlalchemy/engine/base.py", line 1846, in _execute_context
    return self._exec_single_context(
           ^^^^^^^^^^^^^^^^^^^^^^^^^^
  File "/usr/local/lib/python3.11/site-packages/sqlalchemy/engine/base.py", line 1986, in _exec_single_context
    self._handle_dbapi_exception(
  File "/usr/local/lib/python3.11/site-packages/sqlalchemy/engine/base.py", line 2355, in _handle_dbapi_exception
    raise sqlalchemy_exception.with_traceback(exc_info[2]) from e
  File "/usr/local/lib/python3.11/site-packages/sqlalchemy/engine/base.py", line 1967, in _exec_single_context
    self.dialect.do_execute(
  File "/usr/local/lib/python3.11/site-packages/sqlalchemy/engine/default.py", line 951, in do_execute
    cursor.execute(statement, parameters)
  File "/usr/local/lib/python3.11/site-packages/sqlalchemy/dialects/postgresql/asyncpg.py", line 580, in execute
    self._adapt_connection.await_(
  File "/usr/local/lib/python3.11/site-packages/sqlalchemy/util/_concurrency_py3k.py", line 132, in await_only
    return current.parent.switch(awaitable)  # type: ignore[no-any-return,attr-defined] # noqa: E501
           ^^^^^^^^^^^^^^^^^^^^^^^^^^^^^^^^
  File "/usr/local/lib/python3.11/site-packages/sqlalchemy/util/_concurrency_py3k.py", line 196, in greenlet_spawn
    value = await result
            ^^^^^^^^^^^^
  File "/usr/local/lib/python3.11/site-packages/sqlalchemy/dialects/postgresql/asyncpg.py", line 558, in _prepare_and_execute
    self._handle_exception(error)
  File "/usr/local/lib/python3.11/site-packages/sqlalchemy/dialects/postgresql/asyncpg.py", line 508, in _handle_exception
    self._adapt_connection._handle_exception(error)
  File "/usr/local/lib/python3.11/site-packages/sqlalchemy/dialects/postgresql/asyncpg.py", line 792, in _handle_exception
    raise translated_error from error
sqlalchemy.exc.ProgrammingError: (sqlalchemy.dialects.postgresql.asyncpg.ProgrammingError) <class 'asyncpg.exceptions.UndefinedTableError'>: relation "agents" does not exist
[SQL: SELECT agents.id, agents.name, agents.role, agents.description, agents.user_id, agents.model_provider, agents.model_id, agents.instructions, agents.configuration, agents.memory_enabled, agents.rag_enabled, agents.is_active, agents.rag_index_id, agents.created_at, agents.updated_at 
FROM agents 
WHERE agents.user_id = $1::INTEGER AND agents.is_active = true 
 LIMIT $2::INTEGER OFFSET $3::INTEGER]
[parameters: (1, 100, 0)]
(Background on this error at: https://sqlalche.me/e/20/f405)

2025-08-15 00:03:49,397 - app - [INFO] - ğŸ“‹ Listados 3 teams para usuÃ¡rio 1
2025-08-15 00:03:49,430 - app - [ERROR] - âŒ Erro interno [965d64bb-a07e-45f8-a702-afae0ad43e94]: (sqlalchemy.dialects.postgresql.asyncpg.ProgrammingError) <class 'asyncpg.exceptions.UndefinedTableError'>: relation "agents" does not exist
[SQL: SELECT agents.id, agents.name, agents.role, agents.description, agents.user_id, agents.model_provider, agents.model_id, agents.instructions, agents.configuration, agents.memory_enabled, agents.rag_enabled, agents.is_active, agents.rag_index_id, agents.created_at, agents.updated_at 
FROM agents 
WHERE agents.user_id = $1::INTEGER AND agents.is_active = true 
 LIMIT $2::INTEGER OFFSET $3::INTEGER]
[parameters: (1, 100, 0)]
(Background on this error at: https://sqlalche.me/e/20/f405)
2025-08-15 00:03:49,431 - app - [ERROR] - âŒ Path: GET /api/agents/
2025-08-15 00:03:49,437 - app - [ERROR] - âŒ Traceback: Traceback (most recent call last):
  File "/usr/local/lib/python3.11/site-packages/sqlalchemy/dialects/postgresql/asyncpg.py", line 521, in _prepare_and_execute
    prepared_stmt, attributes = await adapt_connection._prepare(
                                ^^^^^^^^^^^^^^^^^^^^^^^^^^^^^^^^
  File "/usr/local/lib/python3.11/site-packages/sqlalchemy/dialects/postgresql/asyncpg.py", line 768, in _prepare
    prepared_stmt = await self._connection.prepare(
                    ^^^^^^^^^^^^^^^^^^^^^^^^^^^^^^^
  File "/usr/local/lib/python3.11/site-packages/asyncpg/connection.py", line 635, in prepare
    return await self._prepare(
           ^^^^^^^^^^^^^^^^^^^^
  File "/usr/local/lib/python3.11/site-packages/asyncpg/connection.py", line 653, in _prepare
    stmt = await self._get_statement(
           ^^^^^^^^^^^^^^^^^^^^^^^^^^
  File "/usr/local/lib/python3.11/site-packages/asyncpg/connection.py", line 432, in _get_statement
    statement = await self._protocol.prepare(
                ^^^^^^^^^^^^^^^^^^^^^^^^^^^^^
  File "asyncpg/protocol/protocol.pyx", line 165, in prepare
asyncpg.exceptions.UndefinedTableError: relation "agents" does not exist

The above exception was the direct cause of the following exception:

Traceback (most recent call last):
  File "/usr/local/lib/python3.11/site-packages/sqlalchemy/engine/base.py", line 1967, in _exec_single_context
    self.dialect.do_execute(
  File "/usr/local/lib/python3.11/site-packages/sqlalchemy/engine/default.py", line 951, in do_execute
    cursor.execute(statement, parameters)
  File "/usr/local/lib/python3.11/site-packages/sqlalchemy/dialects/postgresql/asyncpg.py", line 580, in execute
    self._adapt_connection.await_(
  File "/usr/local/lib/python3.11/site-packages/sqlalchemy/util/_concurrency_py3k.py", line 132, in await_only
    return current.parent.switch(awaitable)  # type: ignore[no-any-return,attr-defined] # noqa: E501
           ^^^^^^^^^^^^^^^^^^^^^^^^^^^^^^^^
  File "/usr/local/lib/python3.11/site-packages/sqlalchemy/util/_concurrency_py3k.py", line 196, in greenlet_spawn
    value = await result
            ^^^^^^^^^^^^
  File "/usr/local/lib/python3.11/site-packages/sqlalchemy/dialects/postgresql/asyncpg.py", line 558, in _prepare_and_execute
    self._handle_exception(error)
  File "/usr/local/lib/python3.11/site-packages/sqlalchemy/dialects/postgresql/asyncpg.py", line 508, in _handle_exception
    self._adapt_connection._handle_exception(error)
  File "/usr/local/lib/python3.11/site-packages/sqlalchemy/dialects/postgresql/asyncpg.py", line 792, in _handle_exception
    raise translated_error from error
sqlalchemy.dialects.postgresql.asyncpg.AsyncAdapt_asyncpg_dbapi.ProgrammingError: <class 'asyncpg.exceptions.UndefinedTableError'>: relation "agents" does not exist

The above exception was the direct cause of the following exception:

Traceback (most recent call last):
  File "/usr/local/lib/python3.11/site-packages/starlette/middleware/errors.py", line 164, in __call__
    await self.app(scope, receive, _send)
  File "/usr/local/lib/python3.11/site-packages/starlette/middleware/base.py", line 182, in __call__
    with recv_stream, send_stream, collapse_excgroups():
  File "/usr/local/lib/python3.11/contextlib.py", line 158, in __exit__
    self.gen.throw(typ, value, traceback)
  File "/usr/local/lib/python3.11/site-packages/starlette/_utils.py", line 83, in collapse_excgroups
    raise exc
  File "/usr/local/lib/python3.11/site-packages/starlette/middleware/base.py", line 184, in __call__
    response = await self.dispatch_func(request, call_next)
               ^^^^^^^^^^^^^^^^^^^^^^^^^^^^^^^^^^^^^^^^^^^^
  File "/app/app.py", line 370, in log_requests
    response = await call_next(request)
               ^^^^^^^^^^^^^^^^^^^^^^^^
  File "/usr/local/lib/python3.11/site-packages/starlette/middleware/base.py", line 159, in call_next
    raise app_exc
  File "/usr/local/lib/python3.11/site-packages/starlette/middleware/base.py", line 144, in coro
    await self.app(scope, receive_or_disconnect, send_no_error)
  File "/usr/local/lib/python3.11/site-packages/starlette/middleware/trustedhost.py", line 36, in __call__
    await self.app(scope, receive, send)
  File "/usr/local/lib/python3.11/site-packages/starlette/middleware/cors.py", line 93, in __call__
    await self.simple_response(scope, receive, send, request_headers=headers)
  File "/usr/local/lib/python3.11/site-packages/starlette/middleware/cors.py", line 144, in simple_response
    await self.app(scope, receive, send)
  File "/usr/local/lib/python3.11/site-packages/starlette/middleware/exceptions.py", line 63, in __call__
    await wrap_app_handling_exceptions(self.app, conn)(scope, receive, send)
  File "/usr/local/lib/python3.11/site-packages/starlette/_exception_handler.py", line 53, in wrapped_app
    raise exc
  File "/usr/local/lib/python3.11/site-packages/starlette/_exception_handler.py", line 42, in wrapped_app
    await app(scope, receive, sender)
  File "/usr/local/lib/python3.11/site-packages/starlette/routing.py", line 716, in __call__
    await self.middleware_stack(scope, receive, send)
  File "/usr/local/lib/python3.11/site-packages/starlette/routing.py", line 736, in app
    await route.handle(scope, receive, send)
  File "/usr/local/lib/python3.11/site-packages/starlette/routing.py", line 290, in handle
    await self.app(scope, receive, send)
  File "/usr/local/lib/python3.11/site-packages/starlette/routing.py", line 78, in app
    await wrap_app_handling_exceptions(app, request)(scope, receive, send)
  File "/usr/local/lib/python3.11/site-packages/starlette/_exception_handler.py", line 53, in wrapped_app
    raise exc
  File "/usr/local/lib/python3.11/site-packages/starlette/_exception_handler.py", line 42, in wrapped_app
    await app(scope, receive, sender)
  File "/usr/local/lib/python3.11/site-packages/starlette/routing.py", line 75, in app
    response = await f(request)
               ^^^^^^^^^^^^^^^^
  File "/usr/local/lib/python3.11/site-packages/fastapi/routing.py", line 302, in app
    raw_response = await run_endpoint_function(
                   ^^^^^^^^^^^^^^^^^^^^^^^^^^^^
  File "/usr/local/lib/python3.11/site-packages/fastapi/routing.py", line 213, in run_endpoint_function
    return await dependant.call(**values)
           ^^^^^^^^^^^^^^^^^^^^^^^^^^^^^^
  File "/app/routers/agents.py", line 159, in get_agents
    result = await db.execute(query)
             ^^^^^^^^^^^^^^^^^^^^^^^
  File "/usr/local/lib/python3.11/site-packages/sqlalchemy/ext/asyncio/session.py", line 463, in execute
    result = await greenlet_spawn(
             ^^^^^^^^^^^^^^^^^^^^^
  File "/usr/local/lib/python3.11/site-packages/sqlalchemy/util/_concurrency_py3k.py", line 201, in greenlet_spawn
    result = context.throw(*sys.exc_info())
             ^^^^^^^^^^^^^^^^^^^^^^^^^^^^^^
  File "/usr/local/lib/python3.11/site-packages/sqlalchemy/orm/session.py", line 2365, in execute
    return self._execute_internal(
           ^^^^^^^^^^^^^^^^^^^^^^^
  File "/usr/local/lib/python3.11/site-packages/sqlalchemy/orm/session.py", line 2251, in _execute_internal
    result: Result[Any] = compile_state_cls.orm_execute_statement(
                          ^^^^^^^^^^^^^^^^^^^^^^^^^^^^^^^^^^^^^^^^
  File "/usr/local/lib/python3.11/site-packages/sqlalchemy/orm/context.py", line 306, in orm_execute_statement
    result = conn.execute(
             ^^^^^^^^^^^^^
  File "/usr/local/lib/python3.11/site-packages/sqlalchemy/engine/base.py", line 1419, in execute
    return meth(
           ^^^^^
  File "/usr/local/lib/python3.11/site-packages/sqlalchemy/sql/elements.py", line 526, in _execute_on_connection
    return connection._execute_clauseelement(
           ^^^^^^^^^^^^^^^^^^^^^^^^^^^^^^^^^^
  File "/usr/local/lib/python3.11/site-packages/sqlalchemy/engine/base.py", line 1641, in _execute_clauseelement
    ret = self._execute_context(
          ^^^^^^^^^^^^^^^^^^^^^^
  File "/usr/local/lib/python3.11/site-packages/sqlalchemy/engine/base.py", line 1846, in _execute_context
    return self._exec_single_context(
           ^^^^^^^^^^^^^^^^^^^^^^^^^^
  File "/usr/local/lib/python3.11/site-packages/sqlalchemy/engine/base.py", line 1986, in _exec_single_context
    self._handle_dbapi_exception(
  File "/usr/local/lib/python3.11/site-packages/sqlalchemy/engine/base.py", line 2355, in _handle_dbapi_exception
    raise sqlalchemy_exception.with_traceback(exc_info[2]) from e
  File "/usr/local/lib/python3.11/site-packages/sqlalchemy/engine/base.py", line 1967, in _exec_single_context
    self.dialect.do_execute(
  File "/usr/local/lib/python3.11/site-packages/sqlalchemy/engine/default.py", line 951, in do_execute
    cursor.execute(statement, parameters)
  File "/usr/local/lib/python3.11/site-packages/sqlalchemy/dialects/postgresql/asyncpg.py", line 580, in execute
    self._adapt_connection.await_(
  File "/usr/local/lib/python3.11/site-packages/sqlalchemy/util/_concurrency_py3k.py", line 132, in await_only
    return current.parent.switch(awaitable)  # type: ignore[no-any-return,attr-defined] # noqa: E501
           ^^^^^^^^^^^^^^^^^^^^^^^^^^^^^^^^
  File "/usr/local/lib/python3.11/site-packages/sqlalchemy/util/_concurrency_py3k.py", line 196, in greenlet_spawn
    value = await result
            ^^^^^^^^^^^^
  File "/usr/local/lib/python3.11/site-packages/sqlalchemy/dialects/postgresql/asyncpg.py", line 558, in _prepare_and_execute
    self._handle_exception(error)
  File "/usr/local/lib/python3.11/site-packages/sqlalchemy/dialects/postgresql/asyncpg.py", line 508, in _handle_exception
    self._adapt_connection._handle_exception(error)
  File "/usr/local/lib/python3.11/site-packages/sqlalchemy/dialects/postgresql/asyncpg.py", line 792, in _handle_exception
    raise translated_error from error
sqlalchemy.exc.ProgrammingError: (sqlalchemy.dialects.postgresql.asyncpg.ProgrammingError) <class 'asyncpg.exceptions.UndefinedTableError'>: relation "agents" does not exist
[SQL: SELECT agents.id, agents.name, agents.role, agents.description, agents.user_id, agents.model_provider, agents.model_id, agents.instructions, agents.configuration, agents.memory_enabled, agents.rag_enabled, agents.is_active, agents.rag_index_id, agents.created_at, agents.updated_at 
FROM agents 
WHERE agents.user_id = $1::INTEGER AND agents.is_active = true 
 LIMIT $2::INTEGER OFFSET $3::INTEGER]
[parameters: (1, 100, 0)]
(Background on this error at: https://sqlalche.me/e/20/f405)

2025-08-15 00:03:49,456 - app - [INFO] - ğŸ“‹ Listados 3 teams para usuÃ¡rio 1
2025-08-15 00:05:13,953 - app - [INFO] - ğŸ›‘ Encerrando Agno Platform...
2025-08-15 00:05:13,958 - app - [INFO] - âœ… ConexÃµes fechadas com sucesso
